This file contains any messages produced by compilers while
running configure, to aid debugging if configure makes a mistake.

It was created by configure, which was
generated by GNU Autoconf 2.69.  Invocation command line was

  $ ./configure --disable-option-checking --cache-file=/dev/null --srcdir=/home/adityau/.kerl/builds/22.0/otp_src_22.0/lib/wx

## --------- ##
## Platform. ##
## --------- ##

hostname = AdityaU-Desktop
uname -m = x86_64
uname -r = 5.10.16.3-microsoft-standard-WSL2
uname -s = Linux
uname -v = #1 SMP Fri Apr 2 22:23:49 UTC 2021

/usr/bin/uname -p = x86_64
/bin/uname -X     = unknown

/bin/arch              = x86_64
/usr/bin/arch -k       = unknown
/usr/convex/getsysinfo = unknown
/usr/bin/hostinfo      = unknown
/bin/machine           = unknown
/usr/bin/oslevel       = unknown
/bin/universe          = unknown

PATH: /home/adityau/.kiex/elixirs/elixir-1.10/bin
PATH: /home/adityau/.kiex/bin
PATH: /home/adityau/.kerl/22.0/lib/erl_interface-3.12/bin
PATH: /home/adityau/.kerl/22.0/bin
PATH: /usr/local/sbin
PATH: /usr/local/bin
PATH: /usr/sbin
PATH: /usr/bin
PATH: /sbin
PATH: /bin
PATH: /usr/games
PATH: /usr/local/games
PATH: /usr/lib/wsl/lib
PATH: /mnt/c/WINDOWS/system32
PATH: /mnt/c/WINDOWS
PATH: /mnt/c/WINDOWS/System32/Wbem
PATH: /mnt/c/WINDOWS/System32/WindowsPowerShell/v1.0/
PATH: /mnt/c/WINDOWS/System32/OpenSSH/
PATH: /mnt/c/Program Files/Docker/Docker/resources/bin
PATH: /mnt/c/ProgramData/DockerDesktop/version-bin
PATH: /mnt/c/Users/imadi/AppData/Local/Microsoft/WindowsApps
PATH: /mnt/c/Users/imadi/AppData/Local/Programs/Microsoft VS Code/bin
PATH: /mnt/c/Program Files/WindowsApps/28644OpticosStudios.GWSL_1.4.3.0_x64__r3mwbcqrwk84r/GWSL/pygame
PATH: /mnt/c/Program Files/WindowsApps/28644OpticosStudios.GWSL_1.4.3.0_x64__r3mwbcqrwk84r/GWSL/pygame
PATH: /home/adityau/.local/bin


## ----------- ##
## Core tests. ##
## ----------- ##

configure:2535: checking build system type
configure:2549: result: x86_64-unknown-linux-gnu
configure:2569: checking host system type
configure:2582: result: x86_64-unknown-linux-gnu
configure:2667: checking for gcc
configure:2683: found /usr/bin/gcc
configure:2694: result: gcc
configure:2923: checking for C compiler version
configure:2932: gcc --version >&5
gcc (Ubuntu 9.4.0-1ubuntu1~20.04.1) 9.4.0
Copyright (C) 2019 Free Software Foundation, Inc.
This is free software; see the source for copying conditions.  There is NO
warranty; not even for MERCHANTABILITY or FITNESS FOR A PARTICULAR PURPOSE.

configure:2943: $? = 0
configure:2932: gcc -v >&5
Using built-in specs.
COLLECT_GCC=gcc
COLLECT_LTO_WRAPPER=/usr/lib/gcc/x86_64-linux-gnu/9/lto-wrapper
OFFLOAD_TARGET_NAMES=nvptx-none:hsa
OFFLOAD_TARGET_DEFAULT=1
Target: x86_64-linux-gnu
Configured with: ../src/configure -v --with-pkgversion='Ubuntu 9.4.0-1ubuntu1~20.04.1' --with-bugurl=file:///usr/share/doc/gcc-9/README.Bugs --enable-languages=c,ada,c++,go,brig,d,fortran,objc,obj-c++,gm2 --prefix=/usr --with-gcc-major-version-only --program-suffix=-9 --program-prefix=x86_64-linux-gnu- --enable-shared --enable-linker-build-id --libexecdir=/usr/lib --without-included-gettext --enable-threads=posix --libdir=/usr/lib --enable-nls --enable-clocale=gnu --enable-libstdcxx-debug --enable-libstdcxx-time=yes --with-default-libstdcxx-abi=new --enable-gnu-unique-object --disable-vtable-verify --enable-plugin --enable-default-pie --with-system-zlib --with-target-system-zlib=auto --enable-objc-gc=auto --enable-multiarch --disable-werror --with-arch-32=i686 --with-abi=m64 --with-multilib-list=m32,m64,mx32 --enable-multilib --with-tune=generic --enable-offload-targets=nvptx-none=/build/gcc-9-Av3uEd/gcc-9-9.4.0/debian/tmp-nvptx/usr,hsa --without-cuda-driver --enable-checking=release --build=x86_64-linux-gnu --host=x86_64-linux-gnu --target=x86_64-linux-gnu
Thread model: posix
gcc version 9.4.0 (Ubuntu 9.4.0-1ubuntu1~20.04.1) 
configure:2943: $? = 0
configure:2932: gcc -V >&5
gcc: error: unrecognized command line option '-V'
gcc: fatal error: no input files
compilation terminated.
configure:2943: $? = 1
configure:2932: gcc -qversion >&5
gcc: error: unrecognized command line option '-qversion'; did you mean '--version'?
gcc: fatal error: no input files
compilation terminated.
configure:2943: $? = 1
configure:2963: checking whether the C compiler works
configure:2985: gcc    conftest.c  >&5
configure:2989: $? = 0
configure:3037: result: yes
configure:3040: checking for C compiler default output file name
configure:3042: result: a.out
configure:3048: checking for suffix of executables
configure:3055: gcc -o conftest    conftest.c  >&5
configure:3059: $? = 0
configure:3081: result: 
configure:3103: checking whether we are cross compiling
configure:3111: gcc -o conftest    conftest.c  >&5
configure:3115: $? = 0
configure:3122: ./conftest
configure:3126: $? = 0
configure:3114: result: no
configure:3119: checking for suffix of object files
configure:3141: gcc -c   conftest.c >&5
configure:3145: $? = 0
configure:3166: result: o
configure:3170: checking whether we are using the GNU C compiler
configure:3189: gcc -c   conftest.c >&5
configure:3189: $? = 0
configure:3198: result: yes
configure:3207: checking whether gcc accepts -g
configure:3227: gcc -c -g  conftest.c >&5
configure:3227: $? = 0
configure:3268: result: yes
configure:3285: checking for gcc option to accept ISO C89
configure:3348: gcc  -c -g -O2  conftest.c >&5
configure:3348: $? = 0
configure:3361: result: none needed
configure:3439: checking for g++
configure:3455: found /usr/bin/g++
configure:3466: result: g++
configure:3493: checking for C++ compiler version
configure:3502: g++ --version >&5
g++ (Ubuntu 9.4.0-1ubuntu1~20.04.1) 9.4.0
Copyright (C) 2019 Free Software Foundation, Inc.
This is free software; see the source for copying conditions.  There is NO
warranty; not even for MERCHANTABILITY or FITNESS FOR A PARTICULAR PURPOSE.

configure:3513: $? = 0
configure:3502: g++ -v >&5
Using built-in specs.
COLLECT_GCC=g++
COLLECT_LTO_WRAPPER=/usr/lib/gcc/x86_64-linux-gnu/9/lto-wrapper
OFFLOAD_TARGET_NAMES=nvptx-none:hsa
OFFLOAD_TARGET_DEFAULT=1
Target: x86_64-linux-gnu
Configured with: ../src/configure -v --with-pkgversion='Ubuntu 9.4.0-1ubuntu1~20.04.1' --with-bugurl=file:///usr/share/doc/gcc-9/README.Bugs --enable-languages=c,ada,c++,go,brig,d,fortran,objc,obj-c++,gm2 --prefix=/usr --with-gcc-major-version-only --program-suffix=-9 --program-prefix=x86_64-linux-gnu- --enable-shared --enable-linker-build-id --libexecdir=/usr/lib --without-included-gettext --enable-threads=posix --libdir=/usr/lib --enable-nls --enable-clocale=gnu --enable-libstdcxx-debug --enable-libstdcxx-time=yes --with-default-libstdcxx-abi=new --enable-gnu-unique-object --disable-vtable-verify --enable-plugin --enable-default-pie --with-system-zlib --with-target-system-zlib=auto --enable-objc-gc=auto --enable-multiarch --disable-werror --with-arch-32=i686 --with-abi=m64 --with-multilib-list=m32,m64,mx32 --enable-multilib --with-tune=generic --enable-offload-targets=nvptx-none=/build/gcc-9-Av3uEd/gcc-9-9.4.0/debian/tmp-nvptx/usr,hsa --without-cuda-driver --enable-checking=release --build=x86_64-linux-gnu --host=x86_64-linux-gnu --target=x86_64-linux-gnu
Thread model: posix
gcc version 9.4.0 (Ubuntu 9.4.0-1ubuntu1~20.04.1) 
configure:3513: $? = 0
configure:3502: g++ -V >&5
g++: error: unrecognized command line option '-V'
g++: fatal error: no input files
compilation terminated.
configure:3513: $? = 1
configure:3502: g++ -qversion >&5
g++: error: unrecognized command line option '-qversion'; did you mean '--version'?
g++: fatal error: no input files
compilation terminated.
configure:3513: $? = 1
configure:3517: checking whether we are using the GNU C++ compiler
configure:3536: g++ -c   conftest.cpp >&5
configure:3536: $? = 0
configure:3545: result: yes
configure:3554: checking whether g++ accepts -g
configure:3574: g++ -c -g  conftest.cpp >&5
configure:3574: $? = 0
configure:3615: result: yes
configure:3681: checking for ranlib
configure:3697: found /usr/bin/ranlib
configure:3708: result: ranlib
configure:3735: checking how to run the C preprocessor
configure:3766: gcc -E  conftest.c
configure:3766: $? = 0
configure:3780: gcc -E  conftest.c
conftest.c:9:10: fatal error: ac_nonexistent.h: No such file or directory
    9 | #include <ac_nonexistent.h>
      |          ^~~~~~~~~~~~~~~~~~
compilation terminated.
configure:3780: $? = 1
configure: failed program was:
| /* confdefs.h */
| #define PACKAGE_NAME ""
| #define PACKAGE_TARNAME ""
| #define PACKAGE_VERSION ""
| #define PACKAGE_STRING ""
| #define PACKAGE_BUGREPORT ""
| #define PACKAGE_URL ""
| /* end confdefs.h.  */
| #include <ac_nonexistent.h>
configure:3805: result: gcc -E
configure:3825: gcc -E  conftest.c
configure:3825: $? = 0
configure:3839: gcc -E  conftest.c
conftest.c:9:10: fatal error: ac_nonexistent.h: No such file or directory
    9 | #include <ac_nonexistent.h>
      |          ^~~~~~~~~~~~~~~~~~
compilation terminated.
configure:3839: $? = 1
configure: failed program was:
| /* confdefs.h */
| #define PACKAGE_NAME ""
| #define PACKAGE_TARNAME ""
| #define PACKAGE_VERSION ""
| #define PACKAGE_STRING ""
| #define PACKAGE_BUGREPORT ""
| #define PACKAGE_URL ""
| /* end confdefs.h.  */
| #include <ac_nonexistent.h>
configure:3868: Building for linux-gnu
configure:3879: checking for mixed cygwin or msys and native VC++ environment
configure:3902: result: no
configure:3918: checking for mixed cygwin and native MinGW environment
configure:3934: result: no
configure:3943: checking if we mix cygwin with any native compiler
configure:3949: result: no
configure:3955: checking if we mix msys with another native compiler
configure:3961: result: no
configure:3978: checking for grep that handles long lines and -e
configure:4036: result: /usr/bin/grep
configure:4041: checking for egrep
configure:4103: result: /usr/bin/grep -E
configure:4108: checking for ANSI C header files
configure:4128: gcc -c -g -O2  conftest.c >&5
configure:4128: $? = 0
configure:4201: gcc -o conftest -g -O2   conftest.c  >&5
configure:4201: $? = 0
configure:4201: ./conftest
configure:4201: $? = 0
configure:4212: result: yes
configure:4225: checking for sys/types.h
configure:4225: gcc -c -g -O2  conftest.c >&5
configure:4225: $? = 0
configure:4225: result: yes
configure:4225: checking for sys/stat.h
configure:4225: gcc -c -g -O2  conftest.c >&5
configure:4225: $? = 0
configure:4225: result: yes
configure:4225: checking for stdlib.h
configure:4225: gcc -c -g -O2  conftest.c >&5
configure:4225: $? = 0
configure:4225: result: yes
configure:4225: checking for string.h
configure:4225: gcc -c -g -O2  conftest.c >&5
configure:4225: $? = 0
configure:4225: result: yes
configure:4225: checking for memory.h
configure:4225: gcc -c -g -O2  conftest.c >&5
configure:4225: $? = 0
configure:4225: result: yes
configure:4225: checking for strings.h
configure:4225: gcc -c -g -O2  conftest.c >&5
configure:4225: $? = 0
configure:4225: result: yes
configure:4225: checking for inttypes.h
configure:4225: gcc -c -g -O2  conftest.c >&5
configure:4225: $? = 0
configure:4225: result: yes
configure:4225: checking for stdint.h
configure:4225: gcc -c -g -O2  conftest.c >&5
configure:4225: $? = 0
configure:4225: result: yes
configure:4225: checking for unistd.h
configure:4225: gcc -c -g -O2  conftest.c >&5
configure:4225: $? = 0
configure:4225: result: yes
configure:4241: checking size of void *
configure:4246: gcc -o conftest -g -O2   conftest.c  >&5
configure:4246: $? = 0
configure:4246: ./conftest
configure:4246: $? = 0
configure:4260: result: 8
configure:4434: checking GL/gl.h usability
configure:4434: gcc -c -g -Wall -O2 -fPIC -g -O2 -Wno-deprecated-declarations -fomit-frame-pointer -fno-strict-aliasing  -D_GNU_SOURCE -D_THREAD_SAFE -D_REENTRANT conftest.c >&5
conftest.c:53:10: fatal error: GL/gl.h: No such file or directory
   53 | #include <GL/gl.h>
      |          ^~~~~~~~~
compilation terminated.
configure:4434: $? = 1
configure: failed program was:
| /* confdefs.h */
| #define PACKAGE_NAME ""
| #define PACKAGE_TARNAME ""
| #define PACKAGE_VERSION ""
| #define PACKAGE_STRING ""
| #define PACKAGE_BUGREPORT ""
| #define PACKAGE_URL ""
| #define STDC_HEADERS 1
| #define HAVE_SYS_TYPES_H 1
| #define HAVE_SYS_STAT_H 1
| #define HAVE_STDLIB_H 1
| #define HAVE_STRING_H 1
| #define HAVE_MEMORY_H 1
| #define HAVE_STRINGS_H 1
| #define HAVE_INTTYPES_H 1
| #define HAVE_STDINT_H 1
| #define HAVE_UNISTD_H 1
| #define SIZEOF_VOID_P 8
| /* end confdefs.h.  */
| #include <stdio.h>
| #ifdef HAVE_SYS_TYPES_H
| # include <sys/types.h>
| #endif
| #ifdef HAVE_SYS_STAT_H
| # include <sys/stat.h>
| #endif
| #ifdef STDC_HEADERS
| # include <stdlib.h>
| # include <stddef.h>
| #else
| # ifdef HAVE_STDLIB_H
| #  include <stdlib.h>
| # endif
| #endif
| #ifdef HAVE_STRING_H
| # if !defined STDC_HEADERS && defined HAVE_MEMORY_H
| #  include <memory.h>
| # endif
| # include <string.h>
| #endif
| #ifdef HAVE_STRINGS_H
| # include <strings.h>
| #endif
| #ifdef HAVE_INTTYPES_H
| # include <inttypes.h>
| #endif
| #ifdef HAVE_STDINT_H
| # include <stdint.h>
| #endif
| #ifdef HAVE_UNISTD_H
| # include <unistd.h>
| #endif
| #include <GL/gl.h>
configure:4434: result: no
configure:4434: checking GL/gl.h presence
configure:4434: gcc -E  -D_GNU_SOURCE -D_THREAD_SAFE -D_REENTRANT conftest.c
conftest.c:20:10: fatal error: GL/gl.h: No such file or directory
   20 | #include <GL/gl.h>
      |          ^~~~~~~~~
compilation terminated.
configure:4434: $? = 1
configure: failed program was:
| /* confdefs.h */
| #define PACKAGE_NAME ""
| #define PACKAGE_TARNAME ""
| #define PACKAGE_VERSION ""
| #define PACKAGE_STRING ""
| #define PACKAGE_BUGREPORT ""
| #define PACKAGE_URL ""
| #define STDC_HEADERS 1
| #define HAVE_SYS_TYPES_H 1
| #define HAVE_SYS_STAT_H 1
| #define HAVE_STDLIB_H 1
| #define HAVE_STRING_H 1
| #define HAVE_MEMORY_H 1
| #define HAVE_STRINGS_H 1
| #define HAVE_INTTYPES_H 1
| #define HAVE_STDINT_H 1
| #define HAVE_UNISTD_H 1
| #define SIZEOF_VOID_P 8
| /* end confdefs.h.  */
| #include <GL/gl.h>
configure:4434: result: no
configure:4434: checking for GL/gl.h
configure:4434: result: no
configure:4443: checking OpenGL/gl.h usability
configure:4443: gcc -c -g -Wall -O2 -fPIC -g -O2 -Wno-deprecated-declarations -fomit-frame-pointer -fno-strict-aliasing  -D_GNU_SOURCE -D_THREAD_SAFE -D_REENTRANT conftest.c >&5
conftest.c:53:10: fatal error: OpenGL/gl.h: No such file or directory
   53 | #include <OpenGL/gl.h>
      |          ^~~~~~~~~~~~~
compilation terminated.
configure:4443: $? = 1
configure: failed program was:
| /* confdefs.h */
| #define PACKAGE_NAME ""
| #define PACKAGE_TARNAME ""
| #define PACKAGE_VERSION ""
| #define PACKAGE_STRING ""
| #define PACKAGE_BUGREPORT ""
| #define PACKAGE_URL ""
| #define STDC_HEADERS 1
| #define HAVE_SYS_TYPES_H 1
| #define HAVE_SYS_STAT_H 1
| #define HAVE_STDLIB_H 1
| #define HAVE_STRING_H 1
| #define HAVE_MEMORY_H 1
| #define HAVE_STRINGS_H 1
| #define HAVE_INTTYPES_H 1
| #define HAVE_STDINT_H 1
| #define HAVE_UNISTD_H 1
| #define SIZEOF_VOID_P 8
| /* end confdefs.h.  */
| #include <stdio.h>
| #ifdef HAVE_SYS_TYPES_H
| # include <sys/types.h>
| #endif
| #ifdef HAVE_SYS_STAT_H
| # include <sys/stat.h>
| #endif
| #ifdef STDC_HEADERS
| # include <stdlib.h>
| # include <stddef.h>
| #else
| # ifdef HAVE_STDLIB_H
| #  include <stdlib.h>
| # endif
| #endif
| #ifdef HAVE_STRING_H
| # if !defined STDC_HEADERS && defined HAVE_MEMORY_H
| #  include <memory.h>
| # endif
| # include <string.h>
| #endif
| #ifdef HAVE_STRINGS_H
| # include <strings.h>
| #endif
| #ifdef HAVE_INTTYPES_H
| # include <inttypes.h>
| #endif
| #ifdef HAVE_STDINT_H
| # include <stdint.h>
| #endif
| #ifdef HAVE_UNISTD_H
| # include <unistd.h>
| #endif
| #include <OpenGL/gl.h>
configure:4443: result: no
configure:4443: checking OpenGL/gl.h presence
configure:4443: gcc -E  -D_GNU_SOURCE -D_THREAD_SAFE -D_REENTRANT conftest.c
conftest.c:20:10: fatal error: OpenGL/gl.h: No such file or directory
   20 | #include <OpenGL/gl.h>
      |          ^~~~~~~~~~~~~
compilation terminated.
configure:4443: $? = 1
configure: failed program was:
| /* confdefs.h */
| #define PACKAGE_NAME ""
| #define PACKAGE_TARNAME ""
| #define PACKAGE_VERSION ""
| #define PACKAGE_STRING ""
| #define PACKAGE_BUGREPORT ""
| #define PACKAGE_URL ""
| #define STDC_HEADERS 1
| #define HAVE_SYS_TYPES_H 1
| #define HAVE_SYS_STAT_H 1
| #define HAVE_STDLIB_H 1
| #define HAVE_STRING_H 1
| #define HAVE_MEMORY_H 1
| #define HAVE_STRINGS_H 1
| #define HAVE_INTTYPES_H 1
| #define HAVE_STDINT_H 1
| #define HAVE_UNISTD_H 1
| #define SIZEOF_VOID_P 8
| /* end confdefs.h.  */
| #include <OpenGL/gl.h>
configure:4443: result: no
configure:4443: checking for OpenGL/gl.h
configure:4443: result: no
configure:4461: Checking for OpenGL headers in /usr/X11R6
configure:4467: checking GL/gl.h usability
configure:4467: gcc -c -g -Wall -O2 -fPIC -g -O2 -Wno-deprecated-declarations -fomit-frame-pointer -fno-strict-aliasing -isystem /usr/X11R6/include  -D_GNU_SOURCE -D_THREAD_SAFE -D_REENTRANT conftest.c >&5
conftest.c:53:10: fatal error: GL/gl.h: No such file or directory
   53 | #include <GL/gl.h>
      |          ^~~~~~~~~
compilation terminated.
configure:4467: $? = 1
configure: failed program was:
| /* confdefs.h */
| #define PACKAGE_NAME ""
| #define PACKAGE_TARNAME ""
| #define PACKAGE_VERSION ""
| #define PACKAGE_STRING ""
| #define PACKAGE_BUGREPORT ""
| #define PACKAGE_URL ""
| #define STDC_HEADERS 1
| #define HAVE_SYS_TYPES_H 1
| #define HAVE_SYS_STAT_H 1
| #define HAVE_STDLIB_H 1
| #define HAVE_STRING_H 1
| #define HAVE_MEMORY_H 1
| #define HAVE_STRINGS_H 1
| #define HAVE_INTTYPES_H 1
| #define HAVE_STDINT_H 1
| #define HAVE_UNISTD_H 1
| #define SIZEOF_VOID_P 8
| /* end confdefs.h.  */
| #include <stdio.h>
| #ifdef HAVE_SYS_TYPES_H
| # include <sys/types.h>
| #endif
| #ifdef HAVE_SYS_STAT_H
| # include <sys/stat.h>
| #endif
| #ifdef STDC_HEADERS
| # include <stdlib.h>
| # include <stddef.h>
| #else
| # ifdef HAVE_STDLIB_H
| #  include <stdlib.h>
| # endif
| #endif
| #ifdef HAVE_STRING_H
| # if !defined STDC_HEADERS && defined HAVE_MEMORY_H
| #  include <memory.h>
| # endif
| # include <string.h>
| #endif
| #ifdef HAVE_STRINGS_H
| # include <strings.h>
| #endif
| #ifdef HAVE_INTTYPES_H
| # include <inttypes.h>
| #endif
| #ifdef HAVE_STDINT_H
| # include <stdint.h>
| #endif
| #ifdef HAVE_UNISTD_H
| # include <unistd.h>
| #endif
| #include <GL/gl.h>
configure:4467: result: no
configure:4467: checking GL/gl.h presence
configure:4467: gcc -E -isystem /usr/X11R6/include  -D_GNU_SOURCE -D_THREAD_SAFE -D_REENTRANT conftest.c
conftest.c:20:10: fatal error: GL/gl.h: No such file or directory
   20 | #include <GL/gl.h>
      |          ^~~~~~~~~
compilation terminated.
configure:4467: $? = 1
configure: failed program was:
| /* confdefs.h */
| #define PACKAGE_NAME ""
| #define PACKAGE_TARNAME ""
| #define PACKAGE_VERSION ""
| #define PACKAGE_STRING ""
| #define PACKAGE_BUGREPORT ""
| #define PACKAGE_URL ""
| #define STDC_HEADERS 1
| #define HAVE_SYS_TYPES_H 1
| #define HAVE_SYS_STAT_H 1
| #define HAVE_STDLIB_H 1
| #define HAVE_STRING_H 1
| #define HAVE_MEMORY_H 1
| #define HAVE_STRINGS_H 1
| #define HAVE_INTTYPES_H 1
| #define HAVE_STDINT_H 1
| #define HAVE_UNISTD_H 1
| #define SIZEOF_VOID_P 8
| /* end confdefs.h.  */
| #include <GL/gl.h>
configure:4467: result: no
configure:4467: checking for GL/gl.h
configure:4467: result: no
configure:4478: Checking for OpenGL headers in /usr/local
configure:4484: checking GL/gl.h usability
configure:4484: gcc -c -g -Wall -O2 -fPIC -g -O2 -Wno-deprecated-declarations -fomit-frame-pointer -fno-strict-aliasing -isystem /usr/local/include  -D_GNU_SOURCE -D_THREAD_SAFE -D_REENTRANT conftest.c >&5
conftest.c:53:10: fatal error: GL/gl.h: No such file or directory
   53 | #include <GL/gl.h>
      |          ^~~~~~~~~
compilation terminated.
configure:4484: $? = 1
configure: failed program was:
| /* confdefs.h */
| #define PACKAGE_NAME ""
| #define PACKAGE_TARNAME ""
| #define PACKAGE_VERSION ""
| #define PACKAGE_STRING ""
| #define PACKAGE_BUGREPORT ""
| #define PACKAGE_URL ""
| #define STDC_HEADERS 1
| #define HAVE_SYS_TYPES_H 1
| #define HAVE_SYS_STAT_H 1
| #define HAVE_STDLIB_H 1
| #define HAVE_STRING_H 1
| #define HAVE_MEMORY_H 1
| #define HAVE_STRINGS_H 1
| #define HAVE_INTTYPES_H 1
| #define HAVE_STDINT_H 1
| #define HAVE_UNISTD_H 1
| #define SIZEOF_VOID_P 8
| /* end confdefs.h.  */
| #include <stdio.h>
| #ifdef HAVE_SYS_TYPES_H
| # include <sys/types.h>
| #endif
| #ifdef HAVE_SYS_STAT_H
| # include <sys/stat.h>
| #endif
| #ifdef STDC_HEADERS
| # include <stdlib.h>
| # include <stddef.h>
| #else
| # ifdef HAVE_STDLIB_H
| #  include <stdlib.h>
| # endif
| #endif
| #ifdef HAVE_STRING_H
| # if !defined STDC_HEADERS && defined HAVE_MEMORY_H
| #  include <memory.h>
| # endif
| # include <string.h>
| #endif
| #ifdef HAVE_STRINGS_H
| # include <strings.h>
| #endif
| #ifdef HAVE_INTTYPES_H
| # include <inttypes.h>
| #endif
| #ifdef HAVE_STDINT_H
| # include <stdint.h>
| #endif
| #ifdef HAVE_UNISTD_H
| # include <unistd.h>
| #endif
| #include <GL/gl.h>
configure:4484: result: no
configure:4484: checking GL/gl.h presence
configure:4484: gcc -E -isystem /usr/local/include  -D_GNU_SOURCE -D_THREAD_SAFE -D_REENTRANT conftest.c
conftest.c:20:10: fatal error: GL/gl.h: No such file or directory
   20 | #include <GL/gl.h>
      |          ^~~~~~~~~
compilation terminated.
configure:4484: $? = 1
configure: failed program was:
| /* confdefs.h */
| #define PACKAGE_NAME ""
| #define PACKAGE_TARNAME ""
| #define PACKAGE_VERSION ""
| #define PACKAGE_STRING ""
| #define PACKAGE_BUGREPORT ""
| #define PACKAGE_URL ""
| #define STDC_HEADERS 1
| #define HAVE_SYS_TYPES_H 1
| #define HAVE_SYS_STAT_H 1
| #define HAVE_STDLIB_H 1
| #define HAVE_STRING_H 1
| #define HAVE_MEMORY_H 1
| #define HAVE_STRINGS_H 1
| #define HAVE_INTTYPES_H 1
| #define HAVE_STDINT_H 1
| #define HAVE_UNISTD_H 1
| #define SIZEOF_VOID_P 8
| /* end confdefs.h.  */
| #include <GL/gl.h>
configure:4484: result: no
configure:4484: checking for GL/gl.h
configure:4484: result: no
configure:4495: WARNING: No OpenGL headers found, wx will NOT be usable
configure:4524: checking GL/glu.h usability
configure:4524: gcc -c -g -Wall -O2 -fPIC -g -O2 -Wno-deprecated-declarations -fomit-frame-pointer -fno-strict-aliasing  -D_GNU_SOURCE -D_THREAD_SAFE -D_REENTRANT conftest.c >&5
conftest.c:53:10: fatal error: GL/glu.h: No such file or directory
   53 | #include <GL/glu.h>
      |          ^~~~~~~~~~
compilation terminated.
configure:4524: $? = 1
configure: failed program was:
| /* confdefs.h */
| #define PACKAGE_NAME ""
| #define PACKAGE_TARNAME ""
| #define PACKAGE_VERSION ""
| #define PACKAGE_STRING ""
| #define PACKAGE_BUGREPORT ""
| #define PACKAGE_URL ""
| #define STDC_HEADERS 1
| #define HAVE_SYS_TYPES_H 1
| #define HAVE_SYS_STAT_H 1
| #define HAVE_STDLIB_H 1
| #define HAVE_STRING_H 1
| #define HAVE_MEMORY_H 1
| #define HAVE_STRINGS_H 1
| #define HAVE_INTTYPES_H 1
| #define HAVE_STDINT_H 1
| #define HAVE_UNISTD_H 1
| #define SIZEOF_VOID_P 8
| /* end confdefs.h.  */
| #include <stdio.h>
| #ifdef HAVE_SYS_TYPES_H
| # include <sys/types.h>
| #endif
| #ifdef HAVE_SYS_STAT_H
| # include <sys/stat.h>
| #endif
| #ifdef STDC_HEADERS
| # include <stdlib.h>
| # include <stddef.h>
| #else
| # ifdef HAVE_STDLIB_H
| #  include <stdlib.h>
| # endif
| #endif
| #ifdef HAVE_STRING_H
| # if !defined STDC_HEADERS && defined HAVE_MEMORY_H
| #  include <memory.h>
| # endif
| # include <string.h>
| #endif
| #ifdef HAVE_STRINGS_H
| # include <strings.h>
| #endif
| #ifdef HAVE_INTTYPES_H
| # include <inttypes.h>
| #endif
| #ifdef HAVE_STDINT_H
| # include <stdint.h>
| #endif
| #ifdef HAVE_UNISTD_H
| # include <unistd.h>
| #endif
| #include <GL/glu.h>
configure:4524: result: no
configure:4524: checking GL/glu.h presence
configure:4524: gcc -E  -D_GNU_SOURCE -D_THREAD_SAFE -D_REENTRANT conftest.c
conftest.c:20:10: fatal error: GL/glu.h: No such file or directory
   20 | #include <GL/glu.h>
      |          ^~~~~~~~~~
compilation terminated.
configure:4524: $? = 1
configure: failed program was:
| /* confdefs.h */
| #define PACKAGE_NAME ""
| #define PACKAGE_TARNAME ""
| #define PACKAGE_VERSION ""
| #define PACKAGE_STRING ""
| #define PACKAGE_BUGREPORT ""
| #define PACKAGE_URL ""
| #define STDC_HEADERS 1
| #define HAVE_SYS_TYPES_H 1
| #define HAVE_SYS_STAT_H 1
| #define HAVE_STDLIB_H 1
| #define HAVE_STRING_H 1
| #define HAVE_MEMORY_H 1
| #define HAVE_STRINGS_H 1
| #define HAVE_INTTYPES_H 1
| #define HAVE_STDINT_H 1
| #define HAVE_UNISTD_H 1
| #define SIZEOF_VOID_P 8
| /* end confdefs.h.  */
| #include <GL/glu.h>
configure:4524: result: no
configure:4524: checking for GL/glu.h
configure:4524: result: no
configure:4533: checking OpenGL/glu.h usability
configure:4533: gcc -c -g -Wall -O2 -fPIC -g -O2 -Wno-deprecated-declarations -fomit-frame-pointer -fno-strict-aliasing  -D_GNU_SOURCE -D_THREAD_SAFE -D_REENTRANT conftest.c >&5
conftest.c:53:10: fatal error: OpenGL/glu.h: No such file or directory
   53 | #include <OpenGL/glu.h>
      |          ^~~~~~~~~~~~~~
compilation terminated.
configure:4533: $? = 1
configure: failed program was:
| /* confdefs.h */
| #define PACKAGE_NAME ""
| #define PACKAGE_TARNAME ""
| #define PACKAGE_VERSION ""
| #define PACKAGE_STRING ""
| #define PACKAGE_BUGREPORT ""
| #define PACKAGE_URL ""
| #define STDC_HEADERS 1
| #define HAVE_SYS_TYPES_H 1
| #define HAVE_SYS_STAT_H 1
| #define HAVE_STDLIB_H 1
| #define HAVE_STRING_H 1
| #define HAVE_MEMORY_H 1
| #define HAVE_STRINGS_H 1
| #define HAVE_INTTYPES_H 1
| #define HAVE_STDINT_H 1
| #define HAVE_UNISTD_H 1
| #define SIZEOF_VOID_P 8
| /* end confdefs.h.  */
| #include <stdio.h>
| #ifdef HAVE_SYS_TYPES_H
| # include <sys/types.h>
| #endif
| #ifdef HAVE_SYS_STAT_H
| # include <sys/stat.h>
| #endif
| #ifdef STDC_HEADERS
| # include <stdlib.h>
| # include <stddef.h>
| #else
| # ifdef HAVE_STDLIB_H
| #  include <stdlib.h>
| # endif
| #endif
| #ifdef HAVE_STRING_H
| # if !defined STDC_HEADERS && defined HAVE_MEMORY_H
| #  include <memory.h>
| # endif
| # include <string.h>
| #endif
| #ifdef HAVE_STRINGS_H
| # include <strings.h>
| #endif
| #ifdef HAVE_INTTYPES_H
| # include <inttypes.h>
| #endif
| #ifdef HAVE_STDINT_H
| # include <stdint.h>
| #endif
| #ifdef HAVE_UNISTD_H
| # include <unistd.h>
| #endif
| #include <OpenGL/glu.h>
configure:4533: result: no
configure:4533: checking OpenGL/glu.h presence
configure:4533: gcc -E  -D_GNU_SOURCE -D_THREAD_SAFE -D_REENTRANT conftest.c
conftest.c:20:10: fatal error: OpenGL/glu.h: No such file or directory
   20 | #include <OpenGL/glu.h>
      |          ^~~~~~~~~~~~~~
compilation terminated.
configure:4533: $? = 1
configure: failed program was:
| /* confdefs.h */
| #define PACKAGE_NAME ""
| #define PACKAGE_TARNAME ""
| #define PACKAGE_VERSION ""
| #define PACKAGE_STRING ""
| #define PACKAGE_BUGREPORT ""
| #define PACKAGE_URL ""
| #define STDC_HEADERS 1
| #define HAVE_SYS_TYPES_H 1
| #define HAVE_SYS_STAT_H 1
| #define HAVE_STDLIB_H 1
| #define HAVE_STRING_H 1
| #define HAVE_MEMORY_H 1
| #define HAVE_STRINGS_H 1
| #define HAVE_INTTYPES_H 1
| #define HAVE_STDINT_H 1
| #define HAVE_UNISTD_H 1
| #define SIZEOF_VOID_P 8
| /* end confdefs.h.  */
| #include <OpenGL/glu.h>
configure:4533: result: no
configure:4533: checking for OpenGL/glu.h
configure:4533: result: no
configure:4550: WARNING: No GLU headers found, wx will NOT be usable
configure:4737: checking for debug build of wxWidgets
configure:4771: checking for wx-config
configure:4803: result: no
configure:5014: checking for standard build of wxWidgets
configure:5047: checking for wx-config
configure:5079: result: no
configure:5330: WARNING:
                wxWidgets must be installed on your system.

		Please check that wx-config is in path, the directory
		where wxWidgets libraries are installed (returned by
		'wx-config --libs' or 'wx-config --static --libs' command)
		is in LD_LIBRARY_PATH or equivalent variable and
		wxWidgets version is 2.8.4 or above.
configure:5786: checking if we can add -Werror=return-type to CFLAGS (via CFLAGS)
configure:5801: gcc -c -Werror=return-type -g -Wall -O2 -fPIC -g -O2 -Wno-deprecated-declarations -fomit-frame-pointer -fno-strict-aliasing  -D_GNU_SOURCE -D_THREAD_SAFE -D_REENTRANT   -D_GNU_SOURCE -D_THREAD_SAFE -D_REENTRANT conftest.c >&5
configure:5801: $? = 0
configure:5809: result: yes
configure:5818: checking if we can add -Werror=return-type to CXXFLAGS (via CFLAGS)
configure:5833: gcc -c -Werror=return-type  -g -Wall -O2 -fPIC -g -O2 -Wno-deprecated-declarations -fomit-frame-pointer -fno-strict-aliasing  -D_GNU_SOURCE -D_THREAD_SAFE -D_REENTRANT  -D_GNU_SOURCE -D_THREAD_SAFE -D_REENTRANT conftest.c >&5
configure:5833: $? = 0
configure:5841: result: yes
configure:6047: creating x86_64-unknown-linux-gnu/config.status

## ---------------------- ##
## Running config.status. ##
## ---------------------- ##

This file was extended by config.status, which was
generated by GNU Autoconf 2.69.  Invocation command line was

  CONFIG_FILES    = 
  CONFIG_HEADERS  = 
  CONFIG_LINKS    = 
  CONFIG_COMMANDS = 
  $ x86_64-unknown-linux-gnu/config.status 

on AdityaU-Desktop

config.status:775: creating config.mk
config.status:775: creating c_src/Makefile

## ---------------- ##
## Cache variables. ##
## ---------------- ##

ac_cv_build=x86_64-unknown-linux-gnu
ac_cv_c_compiler_gnu=yes
ac_cv_cxx_compiler_gnu=yes
ac_cv_env_CCC_set=
ac_cv_env_CCC_value=
ac_cv_env_CC_set=
ac_cv_env_CC_value=
ac_cv_env_CFLAGS_set=
ac_cv_env_CFLAGS_value=
ac_cv_env_CPPFLAGS_set=
ac_cv_env_CPPFLAGS_value=
ac_cv_env_CPP_set=
ac_cv_env_CPP_value=
ac_cv_env_CXXFLAGS_set=
ac_cv_env_CXXFLAGS_value=
ac_cv_env_CXX_set=
ac_cv_env_CXX_value=
ac_cv_env_LDFLAGS_set=
ac_cv_env_LDFLAGS_value=
ac_cv_env_LIBS_set=
ac_cv_env_LIBS_value=
ac_cv_env_build_alias_set=
ac_cv_env_build_alias_value=
ac_cv_env_host_alias_set=
ac_cv_env_host_alias_value=
ac_cv_env_target_alias_set=
ac_cv_env_target_alias_value=
ac_cv_header_GL_gl_h=no
ac_cv_header_GL_glu_h=no
ac_cv_header_OpenGL_gl_h=no
ac_cv_header_OpenGL_glu_h=no
ac_cv_header_inttypes_h=yes
ac_cv_header_memory_h=yes
ac_cv_header_stdc=yes
ac_cv_header_stdint_h=yes
ac_cv_header_stdlib_h=yes
ac_cv_header_string_h=yes
ac_cv_header_strings_h=yes
ac_cv_header_sys_stat_h=yes
ac_cv_header_sys_types_h=yes
ac_cv_header_unistd_h=yes
ac_cv_host=x86_64-unknown-linux-gnu
ac_cv_objext=o
ac_cv_path_EGREP='/usr/bin/grep -E'
ac_cv_path_GREP=/usr/bin/grep
ac_cv_path_WX_CONFIG_PATH=no
ac_cv_prog_CPP='gcc -E'
ac_cv_prog_ac_ct_CC=gcc
ac_cv_prog_ac_ct_CXX=g++
ac_cv_prog_ac_ct_RANLIB=ranlib
ac_cv_prog_cc_c89=
ac_cv_prog_cc_g=yes
ac_cv_prog_cxx_g=yes
ac_cv_sizeof_void_p=8

## ----------------- ##
## Output variables. ##
## ----------------- ##

CC='gcc'
CFLAGS='-Werror=return-type -g -Wall -O2 -fPIC -g -O2 -Wno-deprecated-declarations -fomit-frame-pointer -fno-strict-aliasing  -D_GNU_SOURCE -D_THREAD_SAFE -D_REENTRANT '
CPP='gcc -E'
CPPFLAGS=' -D_GNU_SOURCE -D_THREAD_SAFE -D_REENTRANT'
CXX='g++'
CXXFLAGS='-Werror=return-type  -g -Wall -O2 -fPIC -g -O2 -Wno-deprecated-declarations -fomit-frame-pointer -fno-strict-aliasing  -D_GNU_SOURCE -D_THREAD_SAFE -D_REENTRANT'
DEBUG_CFLAGS='-g -Wall -fPIC -g -O2 -Wno-deprecated-declarations -DDEBUG  -D_GNU_SOURCE -D_THREAD_SAFE -D_REENTRANT '
DEBUG_CXXFLAGS=' -g -Wall -fPIC -g -O2 -Wno-deprecated-declarations -DDEBUG  -D_GNU_SOURCE -D_THREAD_SAFE -D_REENTRANT'
DEBUG_WX_CFLAGS=''
DEBUG_WX_CXXFLAGS=''
DEBUG_WX_LIBS=''
DEBUG_WX_LIBS_STATIC=''
DEFS='-DPACKAGE_NAME=\"\" -DPACKAGE_TARNAME=\"\" -DPACKAGE_VERSION=\"\" -DPACKAGE_STRING=\"\" -DPACKAGE_BUGREPORT=\"\" -DPACKAGE_URL=\"\" -DSTDC_HEADERS=1 -DHAVE_SYS_TYPES_H=1 -DHAVE_SYS_STAT_H=1 -DHAVE_STDLIB_H=1 -DHAVE_STRING_H=1 -DHAVE_MEMORY_H=1 -DHAVE_STRINGS_H=1 -DHAVE_INTTYPES_H=1 -DHAVE_STDINT_H=1 -DHAVE_UNISTD_H=1 -DSIZEOF_VOID_P=8'
ECHO_C=''
ECHO_N='-n'
ECHO_T=''
EGREP='/usr/bin/grep -E'
ERLANG_ROOT_DIR='/home/adityau/.kerl/builds/22.0/otp_src_22.0'
ERLC='erlc'
EXEEXT=''
FORCED_DEBUG_BUILD=''
GL_LIBS='-lGL -lGLU'
GREP='/usr/bin/grep'
HAVE_GL_SUPPORT=''
LDFLAGS='-shared -fPIC '
LIBOBJS=''
LIBS=''
LTLIBOBJS=''
MIXED_CYGWIN='no'
MIXED_CYGWIN_MINGW='no'
MIXED_CYGWIN_VC='no'
MIXED_MSYS='no'
MIXED_MSYS_VC='no'
MIXED_VC='no'
OBJC_CC='gcc'
OBJC_CFLAGS=''
OBJEXT='o'
PACKAGE_BUGREPORT=''
PACKAGE_NAME=''
PACKAGE_STRING=''
PACKAGE_TARNAME=''
PACKAGE_URL=''
PACKAGE_VERSION=''
PATH_SEPARATOR=':'
RANLIB='ranlib'
RC_FILE_TYPE='o'
RUN_ERL='erl'
SHELL='/bin/bash'
SO_EXT='.so'
TARGET='x86_64-unknown-linux-gnu'
TESS_CB_TIGER_STYLE=''
WXERL_CAN_BUILD_DRIVER='false'
WXERL_SYS_TYPE='x86_64-unknown-linux-gnu'
WX_BUILDING_INSIDE_ERLSRC='true'
WX_CFLAGS=''
WX_CFLAGS_ONLY=''
WX_CONFIG_PATH='no'
WX_CPPFLAGS=''
WX_CXXFLAGS=''
WX_CXXFLAGS_ONLY=''
WX_HAVE_STATIC_LIBS='false'
WX_LIBS=''
WX_LIBS_STATIC=''
WX_RESCOMP=''
WX_VERSION=''
WX_VERSION_MAJOR=''
WX_VERSION_MICRO=''
WX_VERSION_MINOR=''
ac_ct_CC='gcc'
ac_ct_CXX='g++'
bindir='${exec_prefix}/bin'
build='x86_64-unknown-linux-gnu'
build_alias=''
build_cpu='x86_64'
build_os='linux-gnu'
build_vendor='unknown'
datadir='${datarootdir}'
datarootdir='${prefix}/share'
docdir='${datarootdir}/doc/${PACKAGE}'
dvidir='${docdir}'
exec_prefix='${prefix}'
host='x86_64-unknown-linux-gnu'
host_alias=''
host_cpu='x86_64'
host_os='linux-gnu'
host_vendor='unknown'
htmldir='${docdir}'
includedir='${prefix}/include'
infodir='${datarootdir}/info'
libdir='${exec_prefix}/lib'
libexecdir='${exec_prefix}/libexec'
localedir='${datarootdir}/locale'
localstatedir='${prefix}/var'
mandir='${datarootdir}/man'
oldincludedir='/usr/include'
pdfdir='${docdir}'
prefix='/usr/local'
program_transform_name='s,x,x,'
psdir='${docdir}'
sbindir='${exec_prefix}/sbin'
sharedstatedir='${prefix}/com'
sysconfdir='${prefix}/etc'
target_alias=''

## ----------- ##
## confdefs.h. ##
## ----------- ##

/* confdefs.h */
#define PACKAGE_NAME ""
#define PACKAGE_TARNAME ""
#define PACKAGE_VERSION ""
#define PACKAGE_STRING ""
#define PACKAGE_BUGREPORT ""
#define PACKAGE_URL ""
#define STDC_HEADERS 1
#define HAVE_SYS_TYPES_H 1
#define HAVE_SYS_STAT_H 1
#define HAVE_STDLIB_H 1
#define HAVE_STRING_H 1
#define HAVE_MEMORY_H 1
#define HAVE_STRINGS_H 1
#define HAVE_INTTYPES_H 1
#define HAVE_STDINT_H 1
#define HAVE_UNISTD_H 1
#define SIZEOF_VOID_P 8

configure: exit 0
