This file contains any messages produced by compilers while
running configure, to aid debugging if configure makes a mistake.

It was created by configure, which was
generated by GNU Autoconf 2.69.  Invocation command line was

  $ ./configure --disable-option-checking --cache-file=/dev/null --srcdir=/home/adityau/.kerl/builds/22.0/otp_src_22.0/make

## --------- ##
## Platform. ##
## --------- ##

hostname = AdityaU-Desktop
uname -m = x86_64
uname -r = 5.10.16.3-microsoft-standard-WSL2
uname -s = Linux
uname -v = #1 SMP Fri Apr 2 22:23:49 UTC 2021

/usr/bin/uname -p = x86_64
/bin/uname -X     = unknown

/bin/arch              = x86_64
/usr/bin/arch -k       = unknown
/usr/convex/getsysinfo = unknown
/usr/bin/hostinfo      = unknown
/bin/machine           = unknown
/usr/bin/oslevel       = unknown
/bin/universe          = unknown

PATH: /home/adityau/.kiex/elixirs/elixir-1.10/bin
PATH: /home/adityau/.kiex/bin
PATH: /home/adityau/.kerl/22.0/lib/erl_interface-3.12/bin
PATH: /home/adityau/.kerl/22.0/bin
PATH: /usr/local/sbin
PATH: /usr/local/bin
PATH: /usr/sbin
PATH: /usr/bin
PATH: /sbin
PATH: /bin
PATH: /usr/games
PATH: /usr/local/games
PATH: /usr/lib/wsl/lib
PATH: /mnt/c/WINDOWS/system32
PATH: /mnt/c/WINDOWS
PATH: /mnt/c/WINDOWS/System32/Wbem
PATH: /mnt/c/WINDOWS/System32/WindowsPowerShell/v1.0/
PATH: /mnt/c/WINDOWS/System32/OpenSSH/
PATH: /mnt/c/Program Files/Docker/Docker/resources/bin
PATH: /mnt/c/ProgramData/DockerDesktop/version-bin
PATH: /mnt/c/Users/imadi/AppData/Local/Microsoft/WindowsApps
PATH: /mnt/c/Users/imadi/AppData/Local/Programs/Microsoft VS Code/bin
PATH: /mnt/c/Program Files/WindowsApps/28644OpticosStudios.GWSL_1.4.3.0_x64__r3mwbcqrwk84r/GWSL/pygame
PATH: /mnt/c/Program Files/WindowsApps/28644OpticosStudios.GWSL_1.4.3.0_x64__r3mwbcqrwk84r/GWSL/pygame
PATH: /home/adityau/.local/bin


## ----------- ##
## Core tests. ##
## ----------- ##

configure:2706: checking build system type
configure:2720: result: x86_64-unknown-linux-gnu
configure:2740: checking host system type
configure:2753: result: x86_64-unknown-linux-gnu
configure:2855: checking for gcc
configure:2871: found /usr/bin/gcc
configure:2882: result: gcc
configure:3111: checking for C compiler version
configure:3120: gcc --version >&5
gcc (Ubuntu 9.4.0-1ubuntu1~20.04.1) 9.4.0
Copyright (C) 2019 Free Software Foundation, Inc.
This is free software; see the source for copying conditions.  There is NO
warranty; not even for MERCHANTABILITY or FITNESS FOR A PARTICULAR PURPOSE.

configure:3131: $? = 0
configure:3120: gcc -v >&5
Using built-in specs.
COLLECT_GCC=gcc
COLLECT_LTO_WRAPPER=/usr/lib/gcc/x86_64-linux-gnu/9/lto-wrapper
OFFLOAD_TARGET_NAMES=nvptx-none:hsa
OFFLOAD_TARGET_DEFAULT=1
Target: x86_64-linux-gnu
Configured with: ../src/configure -v --with-pkgversion='Ubuntu 9.4.0-1ubuntu1~20.04.1' --with-bugurl=file:///usr/share/doc/gcc-9/README.Bugs --enable-languages=c,ada,c++,go,brig,d,fortran,objc,obj-c++,gm2 --prefix=/usr --with-gcc-major-version-only --program-suffix=-9 --program-prefix=x86_64-linux-gnu- --enable-shared --enable-linker-build-id --libexecdir=/usr/lib --without-included-gettext --enable-threads=posix --libdir=/usr/lib --enable-nls --enable-clocale=gnu --enable-libstdcxx-debug --enable-libstdcxx-time=yes --with-default-libstdcxx-abi=new --enable-gnu-unique-object --disable-vtable-verify --enable-plugin --enable-default-pie --with-system-zlib --with-target-system-zlib=auto --enable-objc-gc=auto --enable-multiarch --disable-werror --with-arch-32=i686 --with-abi=m64 --with-multilib-list=m32,m64,mx32 --enable-multilib --with-tune=generic --enable-offload-targets=nvptx-none=/build/gcc-9-Av3uEd/gcc-9-9.4.0/debian/tmp-nvptx/usr,hsa --without-cuda-driver --enable-checking=release --build=x86_64-linux-gnu --host=x86_64-linux-gnu --target=x86_64-linux-gnu
Thread model: posix
gcc version 9.4.0 (Ubuntu 9.4.0-1ubuntu1~20.04.1) 
configure:3131: $? = 0
configure:3120: gcc -V >&5
gcc: error: unrecognized command line option '-V'
gcc: fatal error: no input files
compilation terminated.
configure:3131: $? = 1
configure:3120: gcc -qversion >&5
gcc: error: unrecognized command line option '-qversion'; did you mean '--version'?
gcc: fatal error: no input files
compilation terminated.
configure:3131: $? = 1
configure:3151: checking whether the C compiler works
configure:3173: gcc    conftest.c  >&5
configure:3177: $? = 0
configure:3225: result: yes
configure:3228: checking for C compiler default output file name
configure:3230: result: a.out
configure:3236: checking for suffix of executables
configure:3243: gcc -o conftest    conftest.c  >&5
configure:3247: $? = 0
configure:3269: result: 
configure:3291: checking whether we are cross compiling
configure:3299: gcc -o conftest    conftest.c  >&5
configure:3303: $? = 0
configure:3310: ./conftest
configure:3314: $? = 0
configure:3302: result: no
configure:3307: checking for suffix of object files
configure:3329: gcc -c   conftest.c >&5
configure:3333: $? = 0
configure:3354: result: o
configure:3358: checking whether we are using the GNU C compiler
configure:3377: gcc -c   conftest.c >&5
configure:3377: $? = 0
configure:3386: result: yes
configure:3395: checking whether gcc accepts -g
configure:3415: gcc -c -g  conftest.c >&5
configure:3415: $? = 0
configure:3456: result: yes
configure:3473: checking for gcc option to accept ISO C89
configure:3536: gcc  -c -g -O2  conftest.c >&5
configure:3536: $? = 0
configure:3549: result: none needed
configure:3627: checking for g++
configure:3643: found /usr/bin/g++
configure:3654: result: g++
configure:3681: checking for C++ compiler version
configure:3690: g++ --version >&5
g++ (Ubuntu 9.4.0-1ubuntu1~20.04.1) 9.4.0
Copyright (C) 2019 Free Software Foundation, Inc.
This is free software; see the source for copying conditions.  There is NO
warranty; not even for MERCHANTABILITY or FITNESS FOR A PARTICULAR PURPOSE.

configure:3701: $? = 0
configure:3690: g++ -v >&5
Using built-in specs.
COLLECT_GCC=g++
COLLECT_LTO_WRAPPER=/usr/lib/gcc/x86_64-linux-gnu/9/lto-wrapper
OFFLOAD_TARGET_NAMES=nvptx-none:hsa
OFFLOAD_TARGET_DEFAULT=1
Target: x86_64-linux-gnu
Configured with: ../src/configure -v --with-pkgversion='Ubuntu 9.4.0-1ubuntu1~20.04.1' --with-bugurl=file:///usr/share/doc/gcc-9/README.Bugs --enable-languages=c,ada,c++,go,brig,d,fortran,objc,obj-c++,gm2 --prefix=/usr --with-gcc-major-version-only --program-suffix=-9 --program-prefix=x86_64-linux-gnu- --enable-shared --enable-linker-build-id --libexecdir=/usr/lib --without-included-gettext --enable-threads=posix --libdir=/usr/lib --enable-nls --enable-clocale=gnu --enable-libstdcxx-debug --enable-libstdcxx-time=yes --with-default-libstdcxx-abi=new --enable-gnu-unique-object --disable-vtable-verify --enable-plugin --enable-default-pie --with-system-zlib --with-target-system-zlib=auto --enable-objc-gc=auto --enable-multiarch --disable-werror --with-arch-32=i686 --with-abi=m64 --with-multilib-list=m32,m64,mx32 --enable-multilib --with-tune=generic --enable-offload-targets=nvptx-none=/build/gcc-9-Av3uEd/gcc-9-9.4.0/debian/tmp-nvptx/usr,hsa --without-cuda-driver --enable-checking=release --build=x86_64-linux-gnu --host=x86_64-linux-gnu --target=x86_64-linux-gnu
Thread model: posix
gcc version 9.4.0 (Ubuntu 9.4.0-1ubuntu1~20.04.1) 
configure:3701: $? = 0
configure:3690: g++ -V >&5
g++: error: unrecognized command line option '-V'
g++: fatal error: no input files
compilation terminated.
configure:3701: $? = 1
configure:3690: g++ -qversion >&5
g++: error: unrecognized command line option '-qversion'; did you mean '--version'?
g++: fatal error: no input files
compilation terminated.
configure:3701: $? = 1
configure:3705: checking whether we are using the GNU C++ compiler
configure:3724: g++ -c   conftest.cpp >&5
configure:3724: $? = 0
configure:3733: result: yes
configure:3742: checking whether g++ accepts -g
configure:3762: g++ -c -g  conftest.cpp >&5
configure:3762: $? = 0
configure:3803: result: yes
configure:3869: checking for ld
configure:3885: found /usr/bin/ld
configure:3896: result: ld
configure:3926: checking for mixed cygwin or msys and native VC++ environment
configure:3949: result: no
configure:3965: checking for mixed cygwin and native MinGW environment
configure:3981: result: no
configure:3990: checking if we mix cygwin with any native compiler
configure:3996: result: no
configure:4002: checking if we mix msys with another native compiler
configure:4008: result: no
configure:4021: checking for env
configure:4039: found /bin/env
configure:4052: result: /bin/env
configure:4067: checking for GNU make
configure:4101: result: yes (make)
configure:4121: checking for a BSD-compatible install
configure:4189: result: /usr/bin/install -c
configure:4207: checking whether ln -s works
configure:4211: result: yes
configure:4261: checking for ranlib
configure:4277: found /usr/bin/ranlib
configure:4288: result: ranlib
configure:4314: checking for perl5
configure:4348: result: no
configure:4314: checking for perl
configure:4333: found /usr/bin/perl
configure:4345: result: /usr/bin/perl
configure:4369: checking ERTS version
configure:4372: result: 10.4
configure:4379: checking OTP release
configure:4382: result: 22
configure:4386: checking OTP version
configure:4389: result: 22.0
configure:4657: checking how to run the C preprocessor
configure:4688: gcc -E  conftest.c
configure:4688: $? = 0
configure:4702: gcc -E  conftest.c
conftest.c:9:10: fatal error: ac_nonexistent.h: No such file or directory
    9 | #include <ac_nonexistent.h>
      |          ^~~~~~~~~~~~~~~~~~
compilation terminated.
configure:4702: $? = 1
configure: failed program was:
| /* confdefs.h */
| #define PACKAGE_NAME ""
| #define PACKAGE_TARNAME ""
| #define PACKAGE_VERSION ""
| #define PACKAGE_STRING ""
| #define PACKAGE_BUGREPORT ""
| #define PACKAGE_URL ""
| /* end confdefs.h.  */
| #include <ac_nonexistent.h>
configure:4727: result: gcc -E
configure:4747: gcc -E  conftest.c
configure:4747: $? = 0
configure:4761: gcc -E  conftest.c
conftest.c:9:10: fatal error: ac_nonexistent.h: No such file or directory
    9 | #include <ac_nonexistent.h>
      |          ^~~~~~~~~~~~~~~~~~
compilation terminated.
configure:4761: $? = 1
configure: failed program was:
| /* confdefs.h */
| #define PACKAGE_NAME ""
| #define PACKAGE_TARNAME ""
| #define PACKAGE_VERSION ""
| #define PACKAGE_STRING ""
| #define PACKAGE_BUGREPORT ""
| #define PACKAGE_URL ""
| /* end confdefs.h.  */
| #include <ac_nonexistent.h>
configure:4790: checking for grep that handles long lines and -e
configure:4848: result: /usr/bin/grep
configure:4853: checking for egrep
configure:4915: result: /usr/bin/grep -E
configure:4920: checking for ANSI C header files
configure:4940: gcc -c -g -O2  conftest.c >&5
configure:4940: $? = 0
configure:5013: gcc -o conftest -g -O2   conftest.c  >&5
configure:5013: $? = 0
configure:5013: ./conftest
configure:5013: $? = 0
configure:5024: result: yes
configure:5037: checking for sys/types.h
configure:5037: gcc -c -g -O2  conftest.c >&5
configure:5037: $? = 0
configure:5037: result: yes
configure:5037: checking for sys/stat.h
configure:5037: gcc -c -g -O2  conftest.c >&5
configure:5037: $? = 0
configure:5037: result: yes
configure:5037: checking for stdlib.h
configure:5037: gcc -c -g -O2  conftest.c >&5
configure:5037: $? = 0
configure:5037: result: yes
configure:5037: checking for string.h
configure:5037: gcc -c -g -O2  conftest.c >&5
configure:5037: $? = 0
configure:5037: result: yes
configure:5037: checking for memory.h
configure:5037: gcc -c -g -O2  conftest.c >&5
configure:5037: $? = 0
configure:5037: result: yes
configure:5037: checking for strings.h
configure:5037: gcc -c -g -O2  conftest.c >&5
configure:5037: $? = 0
configure:5037: result: yes
configure:5037: checking for inttypes.h
configure:5037: gcc -c -g -O2  conftest.c >&5
configure:5037: $? = 0
configure:5037: result: yes
configure:5037: checking for stdint.h
configure:5037: gcc -c -g -O2  conftest.c >&5
configure:5037: $? = 0
configure:5037: result: yes
configure:5037: checking for unistd.h
configure:5037: gcc -c -g -O2  conftest.c >&5
configure:5037: $? = 0
configure:5037: result: yes
configure:5058: checking for native win32 threads
configure:5068: result: no
configure:5076: checking for pthread_create in -lpthread
configure:5101: gcc -o conftest -g -O2   conftest.c -lpthread   >&5
configure:5101: $? = 0
configure:5110: result: yes
configure:5216: checking for getconf
configure:5232: found /usr/bin/getconf
configure:5244: result: getconf
configure:5398: checking for Native POSIX Thread Library
configure:5415: result: yes
configure:5425: checking nptl/pthread.h usability
configure:5425: gcc -c -g -O2  conftest.c >&5
conftest.c:52:10: fatal error: nptl/pthread.h: No such file or directory
   52 | #include <nptl/pthread.h>
      |          ^~~~~~~~~~~~~~~~
compilation terminated.
configure:5425: $? = 1
configure: failed program was:
| /* confdefs.h */
| #define PACKAGE_NAME ""
| #define PACKAGE_TARNAME ""
| #define PACKAGE_VERSION ""
| #define PACKAGE_STRING ""
| #define PACKAGE_BUGREPORT ""
| #define PACKAGE_URL ""
| #define STDC_HEADERS 1
| #define HAVE_SYS_TYPES_H 1
| #define HAVE_SYS_STAT_H 1
| #define HAVE_STDLIB_H 1
| #define HAVE_STRING_H 1
| #define HAVE_MEMORY_H 1
| #define HAVE_STRINGS_H 1
| #define HAVE_INTTYPES_H 1
| #define HAVE_STDINT_H 1
| #define HAVE_UNISTD_H 1
| /* end confdefs.h.  */
| #include <stdio.h>
| #ifdef HAVE_SYS_TYPES_H
| # include <sys/types.h>
| #endif
| #ifdef HAVE_SYS_STAT_H
| # include <sys/stat.h>
| #endif
| #ifdef STDC_HEADERS
| # include <stdlib.h>
| # include <stddef.h>
| #else
| # ifdef HAVE_STDLIB_H
| #  include <stdlib.h>
| # endif
| #endif
| #ifdef HAVE_STRING_H
| # if !defined STDC_HEADERS && defined HAVE_MEMORY_H
| #  include <memory.h>
| # endif
| # include <string.h>
| #endif
| #ifdef HAVE_STRINGS_H
| # include <strings.h>
| #endif
| #ifdef HAVE_INTTYPES_H
| # include <inttypes.h>
| #endif
| #ifdef HAVE_STDINT_H
| # include <stdint.h>
| #endif
| #ifdef HAVE_UNISTD_H
| # include <unistd.h>
| #endif
| #include <nptl/pthread.h>
configure:5425: result: no
configure:5425: checking nptl/pthread.h presence
configure:5425: gcc -E  conftest.c
conftest.c:19:10: fatal error: nptl/pthread.h: No such file or directory
   19 | #include <nptl/pthread.h>
      |          ^~~~~~~~~~~~~~~~
compilation terminated.
configure:5425: $? = 1
configure: failed program was:
| /* confdefs.h */
| #define PACKAGE_NAME ""
| #define PACKAGE_TARNAME ""
| #define PACKAGE_VERSION ""
| #define PACKAGE_STRING ""
| #define PACKAGE_BUGREPORT ""
| #define PACKAGE_URL ""
| #define STDC_HEADERS 1
| #define HAVE_SYS_TYPES_H 1
| #define HAVE_SYS_STAT_H 1
| #define HAVE_STDLIB_H 1
| #define HAVE_STRING_H 1
| #define HAVE_MEMORY_H 1
| #define HAVE_STRINGS_H 1
| #define HAVE_INTTYPES_H 1
| #define HAVE_STDINT_H 1
| #define HAVE_UNISTD_H 1
| /* end confdefs.h.  */
| #include <nptl/pthread.h>
configure:5425: result: no
configure:5425: checking for nptl/pthread.h
configure:5425: result: no
configure:5478: checking pthread.h usability
configure:5478: gcc -c -g -O2   -D_THREAD_SAFE -D_REENTRANT -DPOSIX_THREADS -D_POSIX_THREAD_SAFE_FUNCTIONS conftest.c >&5
configure:5478: $? = 0
configure:5478: result: yes
configure:5478: checking pthread.h presence
configure:5478: gcc -E   -D_THREAD_SAFE -D_REENTRANT -DPOSIX_THREADS -D_POSIX_THREAD_SAFE_FUNCTIONS conftest.c
configure:5478: $? = 0
configure:5478: result: yes
configure:5478: checking for pthread.h
configure:5478: result: yes
configure:5487: checking pthread/mit/pthread.h usability
configure:5487: gcc -c -g -O2   -D_THREAD_SAFE -D_REENTRANT -DPOSIX_THREADS -D_POSIX_THREAD_SAFE_FUNCTIONS conftest.c >&5
conftest.c:53:10: fatal error: pthread/mit/pthread.h: No such file or directory
   53 | #include <pthread/mit/pthread.h>
      |          ^~~~~~~~~~~~~~~~~~~~~~~
compilation terminated.
configure:5487: $? = 1
configure: failed program was:
| /* confdefs.h */
| #define PACKAGE_NAME ""
| #define PACKAGE_TARNAME ""
| #define PACKAGE_VERSION ""
| #define PACKAGE_STRING ""
| #define PACKAGE_BUGREPORT ""
| #define PACKAGE_URL ""
| #define STDC_HEADERS 1
| #define HAVE_SYS_TYPES_H 1
| #define HAVE_SYS_STAT_H 1
| #define HAVE_STDLIB_H 1
| #define HAVE_STRING_H 1
| #define HAVE_MEMORY_H 1
| #define HAVE_STRINGS_H 1
| #define HAVE_INTTYPES_H 1
| #define HAVE_STDINT_H 1
| #define HAVE_UNISTD_H 1
| #define HAVE_PTHREAD_H 1
| /* end confdefs.h.  */
| #include <stdio.h>
| #ifdef HAVE_SYS_TYPES_H
| # include <sys/types.h>
| #endif
| #ifdef HAVE_SYS_STAT_H
| # include <sys/stat.h>
| #endif
| #ifdef STDC_HEADERS
| # include <stdlib.h>
| # include <stddef.h>
| #else
| # ifdef HAVE_STDLIB_H
| #  include <stdlib.h>
| # endif
| #endif
| #ifdef HAVE_STRING_H
| # if !defined STDC_HEADERS && defined HAVE_MEMORY_H
| #  include <memory.h>
| # endif
| # include <string.h>
| #endif
| #ifdef HAVE_STRINGS_H
| # include <strings.h>
| #endif
| #ifdef HAVE_INTTYPES_H
| # include <inttypes.h>
| #endif
| #ifdef HAVE_STDINT_H
| # include <stdint.h>
| #endif
| #ifdef HAVE_UNISTD_H
| # include <unistd.h>
| #endif
| #include <pthread/mit/pthread.h>
configure:5487: result: no
configure:5487: checking pthread/mit/pthread.h presence
configure:5487: gcc -E   -D_THREAD_SAFE -D_REENTRANT -DPOSIX_THREADS -D_POSIX_THREAD_SAFE_FUNCTIONS conftest.c
conftest.c:20:10: fatal error: pthread/mit/pthread.h: No such file or directory
   20 | #include <pthread/mit/pthread.h>
      |          ^~~~~~~~~~~~~~~~~~~~~~~
compilation terminated.
configure:5487: $? = 1
configure: failed program was:
| /* confdefs.h */
| #define PACKAGE_NAME ""
| #define PACKAGE_TARNAME ""
| #define PACKAGE_VERSION ""
| #define PACKAGE_STRING ""
| #define PACKAGE_BUGREPORT ""
| #define PACKAGE_URL ""
| #define STDC_HEADERS 1
| #define HAVE_SYS_TYPES_H 1
| #define HAVE_SYS_STAT_H 1
| #define HAVE_STDLIB_H 1
| #define HAVE_STRING_H 1
| #define HAVE_MEMORY_H 1
| #define HAVE_STRINGS_H 1
| #define HAVE_INTTYPES_H 1
| #define HAVE_STDINT_H 1
| #define HAVE_UNISTD_H 1
| #define HAVE_PTHREAD_H 1
| /* end confdefs.h.  */
| #include <pthread/mit/pthread.h>
configure:5487: result: no
configure:5487: checking for pthread/mit/pthread.h
configure:5487: result: no
configure:5531: checking if we can add -Wdeclaration-after-statement to DED_WARN_FLAGS (via CFLAGS)
configure:5546: gcc -c -Wdeclaration-after-statement -Wall -Wstrict-prototypes -Wmissing-prototypes  conftest.c >&5
conftest.c:22:1: warning: function declaration isn't a prototype [-Wstrict-prototypes]
   22 | main ()
      | ^~~~
configure:5546: $? = 0
configure:5554: result: yes
configure:5564: checking if we can add -Werror=return-type to DED_WERRORFLAGS (via CFLAGS)
configure:5579: gcc -c -Werror=return-type   conftest.c >&5
configure:5579: $? = 0
configure:5587: result: yes
configure:5596: checking if we can add -Werror=implicit to DED_WERRORFLAGS (via CFLAGS)
configure:5611: gcc -c -Werror=implicit -Werror=return-type   conftest.c >&5
configure:5611: $? = 0
configure:5619: result: yes
configure:5628: checking if we can add -Werror=undef to DED_WERRORFLAGS (via CFLAGS)
configure:5643: gcc -c -Werror=undef -Werror=implicit -Werror=return-type   conftest.c >&5
configure:5643: $? = 0
configure:5651: result: yes
configure:5875: checking for ld
configure:5902: result: gcc
configure:5926: checking for static compiler flags
configure:5929: result: -Werror=undef -Werror=implicit -Werror=return-type    -D_THREAD_SAFE -D_REENTRANT -DPOSIX_THREADS -D_POSIX_THREAD_SAFE_FUNCTIONS -g -O2  -D_GNU_SOURCE -DSTATIC_ERLANG_NIF -DSTATIC_ERLANG_DRIVER
configure:5931: checking for basic compiler flags for loadable drivers
configure:5934: result: -g -O2  -D_GNU_SOURCE -fPIC
configure:5936: checking for compiler flags for loadable drivers
configure:5939: result: -Werror=undef -Werror=implicit -Werror=return-type  -Wdeclaration-after-statement -Wall -Wstrict-prototypes -Wmissing-prototypes  -D_THREAD_SAFE -D_REENTRANT -DPOSIX_THREADS -D_POSIX_THREAD_SAFE_FUNCTIONS -g -O2  -D_GNU_SOURCE -fPIC
configure:5941: checking for linker for loadable drivers
configure:5943: result: gcc
configure:5945: checking for linker flags for loadable drivers
configure:5947: result: -shared -Wl,-Bsymbolic
configure:5949: checking for 'runtime library path' linker flag
configure:5952: result: -Wl,-R
configure:6125: creating ./config.status

## ---------------------- ##
## Running config.status. ##
## ---------------------- ##

This file was extended by config.status, which was
generated by GNU Autoconf 2.69.  Invocation command line was

  CONFIG_FILES    = 
  CONFIG_HEADERS  = 
  CONFIG_LINKS    = 
  CONFIG_COMMANDS = 
  $ ./config.status 

on AdityaU-Desktop

config.status:805: creating ../Makefile
config.status:908: WARNING:  '../Makefile.in' seems to ignore the --datarootdir setting
config.status:805: creating output.mk
config.status:805: creating ../make/x86_64-unknown-linux-gnu/otp_ded.mk
config.status:805: creating emd2exml

## ---------------- ##
## Cache variables. ##
## ---------------- ##

ac_cv_build=x86_64-unknown-linux-gnu
ac_cv_c_compiler_gnu=yes
ac_cv_cxx_compiler_gnu=yes
ac_cv_env_AR_set=
ac_cv_env_AR_value=
ac_cv_env_CCC_set=
ac_cv_env_CCC_value=
ac_cv_env_CC_set=
ac_cv_env_CC_value=
ac_cv_env_CFLAGS_set=
ac_cv_env_CFLAGS_value=
ac_cv_env_CFLAG_RUNTIME_LIBRARY_PATH_set=
ac_cv_env_CFLAG_RUNTIME_LIBRARY_PATH_value=
ac_cv_env_CPPFLAGS_set=
ac_cv_env_CPPFLAGS_value=
ac_cv_env_CPP_set=
ac_cv_env_CPP_value=
ac_cv_env_CXXFLAGS_set=
ac_cv_env_CXXFLAGS_value=
ac_cv_env_CXX_set=
ac_cv_env_CXX_value=
ac_cv_env_DED_LDFLAGS_set=
ac_cv_env_DED_LDFLAGS_value=
ac_cv_env_DED_LD_FLAG_RUNTIME_LIBRARY_PATH_set=
ac_cv_env_DED_LD_FLAG_RUNTIME_LIBRARY_PATH_value=
ac_cv_env_DED_LD_set=
ac_cv_env_DED_LD_value=
ac_cv_env_ERL_TOP_set=set
ac_cv_env_ERL_TOP_value=/home/adityau/.kerl/builds/22.0/otp_src_22.0
ac_cv_env_GETCONF_set=
ac_cv_env_GETCONF_value=
ac_cv_env_LDFLAGS_set=
ac_cv_env_LDFLAGS_value=
ac_cv_env_LD_set=
ac_cv_env_LD_value=
ac_cv_env_LFS_CFLAGS_set=
ac_cv_env_LFS_CFLAGS_value=
ac_cv_env_LFS_LDFLAGS_set=
ac_cv_env_LFS_LDFLAGS_value=
ac_cv_env_LFS_LIBS_set=
ac_cv_env_LFS_LIBS_value=
ac_cv_env_LIBS_set=
ac_cv_env_LIBS_value=
ac_cv_env_RANLIB_set=
ac_cv_env_RANLIB_value=
ac_cv_env_STATIC_CFLAGS_set=
ac_cv_env_STATIC_CFLAGS_value=
ac_cv_env_build_alias_set=
ac_cv_env_build_alias_value=
ac_cv_env_erl_xcomp_after_morecore_hook_set=
ac_cv_env_erl_xcomp_after_morecore_hook_value=
ac_cv_env_erl_xcomp_bigendian_set=
ac_cv_env_erl_xcomp_bigendian_value=
ac_cv_env_erl_xcomp_clock_gettime_cpu_time_set=
ac_cv_env_erl_xcomp_clock_gettime_cpu_time_value=
ac_cv_env_erl_xcomp_dlsym_brk_wrappers_set=
ac_cv_env_erl_xcomp_dlsym_brk_wrappers_value=
ac_cv_env_erl_xcomp_double_middle_endian_set=
ac_cv_env_erl_xcomp_double_middle_endian_value=
ac_cv_env_erl_xcomp_getaddrinfo_set=
ac_cv_env_erl_xcomp_getaddrinfo_value=
ac_cv_env_erl_xcomp_gethrvtime_procfs_ioctl_set=
ac_cv_env_erl_xcomp_gethrvtime_procfs_ioctl_value=
ac_cv_env_erl_xcomp_isysroot_set=
ac_cv_env_erl_xcomp_isysroot_value=
ac_cv_env_erl_xcomp_kqueue_set=
ac_cv_env_erl_xcomp_kqueue_value=
ac_cv_env_erl_xcomp_linux_nptl_set=
ac_cv_env_erl_xcomp_linux_nptl_value=
ac_cv_env_erl_xcomp_linux_usable_sigaltstack_set=
ac_cv_env_erl_xcomp_linux_usable_sigaltstack_value=
ac_cv_env_erl_xcomp_linux_usable_sigusrx_set=
ac_cv_env_erl_xcomp_linux_usable_sigusrx_value=
ac_cv_env_erl_xcomp_poll_set=
ac_cv_env_erl_xcomp_poll_value=
ac_cv_env_erl_xcomp_putenv_copy_set=
ac_cv_env_erl_xcomp_putenv_copy_value=
ac_cv_env_erl_xcomp_reliable_fpe_set=
ac_cv_env_erl_xcomp_reliable_fpe_value=
ac_cv_env_erl_xcomp_sysroot_set=
ac_cv_env_erl_xcomp_sysroot_value=
ac_cv_env_host_alias_set=
ac_cv_env_host_alias_value=
ac_cv_env_target_alias_set=
ac_cv_env_target_alias_value=
ac_cv_header_inttypes_h=yes
ac_cv_header_memory_h=yes
ac_cv_header_nptl_pthread_h=no
ac_cv_header_pthread_h=yes
ac_cv_header_pthread_mit_pthread_h=no
ac_cv_header_stdc=yes
ac_cv_header_stdint_h=yes
ac_cv_header_stdlib_h=yes
ac_cv_header_string_h=yes
ac_cv_header_strings_h=yes
ac_cv_header_sys_stat_h=yes
ac_cv_header_sys_types_h=yes
ac_cv_header_unistd_h=yes
ac_cv_host=x86_64-unknown-linux-gnu
ac_cv_lib_pthread_pthread_create=yes
ac_cv_objext=o
ac_cv_path_EGREP='/usr/bin/grep -E'
ac_cv_path_ENV=/bin/env
ac_cv_path_GREP=/usr/bin/grep
ac_cv_path_PERL=/usr/bin/perl
ac_cv_path_install='/usr/bin/install -c'
ac_cv_prog_CPP='gcc -E'
ac_cv_prog_GETCONF=getconf
ac_cv_prog_ac_ct_CC=gcc
ac_cv_prog_ac_ct_CXX=g++
ac_cv_prog_ac_ct_DED_LD=gcc
ac_cv_prog_ac_ct_LD=ld
ac_cv_prog_ac_ct_RANLIB=ranlib
ac_cv_prog_cc_c89=
ac_cv_prog_cc_g=yes
ac_cv_prog_cxx_g=yes

## ----------------- ##
## Output variables. ##
## ----------------- ##

AR=''
BOOTSTRAP_ONLY='no'
CC='gcc'
CFLAGS='-g -O2'
CFLAG_RUNTIME_LIBRARY_PATH='-Wl,-R'
CPP='gcc -E'
CPPFLAGS=''
CROSS_COMPILING='no'
CXX='g++'
CXXFLAGS='-g -O2'
DED_BASIC_CFLAGS='-g -O2  -D_GNU_SOURCE -fPIC'
DED_CC='gcc'
DED_CFLAGS='-Werror=undef -Werror=implicit -Werror=return-type  -Wdeclaration-after-statement -Wall -Wstrict-prototypes -Wmissing-prototypes  -D_THREAD_SAFE -D_REENTRANT -DPOSIX_THREADS -D_POSIX_THREAD_SAFE_FUNCTIONS -g -O2  -D_GNU_SOURCE -fPIC'
DED_EXT='so'
DED_GCC='yes'
DED_INCLUDE='-I/home/adityau/.kerl/builds/22.0/otp_src_22.0/erts/emulator/beam -I/home/adityau/.kerl/builds/22.0/otp_src_22.0/erts/include -I/home/adityau/.kerl/builds/22.0/otp_src_22.0/erts/include/x86_64-unknown-linux-gnu -I/home/adityau/.kerl/builds/22.0/otp_src_22.0/erts/include/internal -I/home/adityau/.kerl/builds/22.0/otp_src_22.0/erts/include/internal/x86_64-unknown-linux-gnu -I/home/adityau/.kerl/builds/22.0/otp_src_22.0/erts/emulator/sys/unix -I/home/adityau/.kerl/builds/22.0/otp_src_22.0/erts/emulator/sys/common'
DED_LD='gcc'
DED_LDFLAGS='-shared -Wl,-Bsymbolic'
DED_LD_FLAG_RUNTIME_LIBRARY_PATH='-Wl,-R'
DED_LIBS=''
DED_OSTYPE='unix'
DED_STATIC_CFLAGS='-Werror=undef -Werror=implicit -Werror=return-type    -D_THREAD_SAFE -D_REENTRANT -DPOSIX_THREADS -D_POSIX_THREAD_SAFE_FUNCTIONS -g -O2  -D_GNU_SOURCE -DSTATIC_ERLANG_NIF -DSTATIC_ERLANG_DRIVER'
DED_SYS_INCLUDE='-I/home/adityau/.kerl/builds/22.0/otp_src_22.0/erts/emulator/beam -I/home/adityau/.kerl/builds/22.0/otp_src_22.0/erts/include -I/home/adityau/.kerl/builds/22.0/otp_src_22.0/erts/include/x86_64-unknown-linux-gnu -I/home/adityau/.kerl/builds/22.0/otp_src_22.0/erts/include/internal -I/home/adityau/.kerl/builds/22.0/otp_src_22.0/erts/include/internal/x86_64-unknown-linux-gnu -I/home/adityau/.kerl/builds/22.0/otp_src_22.0/erts/emulator/sys/unix -I/home/adityau/.kerl/builds/22.0/otp_src_22.0/erts/emulator/sys/common'
DED_THR_DEFS=' -D_THREAD_SAFE -D_REENTRANT -DPOSIX_THREADS -D_POSIX_THREAD_SAFE_FUNCTIONS'
DED_WARN_FLAGS='-Wdeclaration-after-statement -Wall -Wstrict-prototypes -Wmissing-prototypes'
DED_WERRORFLAGS='-Werror=undef -Werror=implicit -Werror=return-type '
DEFAULT_VERBOSITY='0'
DEFS='-DPACKAGE_NAME=\"\" -DPACKAGE_TARNAME=\"\" -DPACKAGE_VERSION=\"\" -DPACKAGE_STRING=\"\" -DPACKAGE_BUGREPORT=\"\" -DPACKAGE_URL=\"\" -DSTDC_HEADERS=1 -DHAVE_SYS_TYPES_H=1 -DHAVE_SYS_STAT_H=1 -DHAVE_STDLIB_H=1 -DHAVE_STRING_H=1 -DHAVE_MEMORY_H=1 -DHAVE_STRINGS_H=1 -DHAVE_INTTYPES_H=1 -DHAVE_STDINT_H=1 -DHAVE_UNISTD_H=1 -DHAVE_PTHREAD_H=1'
ECHO_C=''
ECHO_N='-n'
ECHO_T=''
EGREP='/usr/bin/grep -E'
ENV='/bin/env'
ERL_TOP='/home/adityau/.kerl/builds/22.0/otp_src_22.0'
ERTS_VSN='10.4'
EXEEXT=''
GETCONF='getconf'
GREP='/usr/bin/grep'
INSTALL_DATA='${INSTALL} -m 644'
INSTALL_PROGRAM='${INSTALL}'
INSTALL_SCRIPT='${INSTALL}'
LD='ld'
LDFLAGS=''
LFS_CFLAGS=''
LFS_LDFLAGS=''
LFS_LIBS=''
LIBOBJS=''
LIBS=''
LN_S='ln -s'
LTLIBOBJS=''
MAKE_PROG='make'
MIXED_CYGWIN='no'
MIXED_CYGWIN_MINGW='no'
MIXED_CYGWIN_VC='no'
MIXED_MSYS='no'
MIXED_MSYS_VC='no'
MIXED_VC='no'
NATIVE_LIBS_ENABLED=''
OBJEXT='o'
OTP_REL='22'
OTP_VSN='22.0'
PACKAGE_BUGREPORT=''
PACKAGE_NAME=''
PACKAGE_STRING=''
PACKAGE_TARNAME=''
PACKAGE_URL=''
PACKAGE_VERSION=''
PATH_SEPARATOR=':'
PERL='/usr/bin/perl'
RANLIB='ranlib'
SHELL='/bin/bash'
STATIC_CFLAGS=''
TARGET='x86_64-unknown-linux-gnu'
ac_ct_CC='gcc'
ac_ct_CXX='g++'
bindir='${exec_prefix}/bin'
build='x86_64-unknown-linux-gnu'
build_alias=''
build_cpu='x86_64'
build_os='linux-gnu'
build_vendor='unknown'
datadir='${datarootdir}'
datarootdir='${prefix}/share'
docdir='${datarootdir}/doc/${PACKAGE}'
dvidir='${docdir}'
erl_xcomp_after_morecore_hook=''
erl_xcomp_bigendian=''
erl_xcomp_clock_gettime_cpu_time=''
erl_xcomp_dlsym_brk_wrappers=''
erl_xcomp_double_middle_endian=''
erl_xcomp_getaddrinfo=''
erl_xcomp_gethrvtime_procfs_ioctl=''
erl_xcomp_isysroot=''
erl_xcomp_kqueue=''
erl_xcomp_linux_nptl=''
erl_xcomp_linux_usable_sigaltstack=''
erl_xcomp_linux_usable_sigusrx=''
erl_xcomp_poll=''
erl_xcomp_putenv_copy=''
erl_xcomp_reliable_fpe=''
erl_xcomp_sysroot=''
exec_prefix='${prefix}'
host='x86_64-unknown-linux-gnu'
host_alias=''
host_cpu='x86_64'
host_os='linux-gnu'
host_vendor='unknown'
htmldir='${docdir}'
includedir='${prefix}/include'
infodir='${datarootdir}/info'
libdir='${exec_prefix}/lib'
libexecdir='${exec_prefix}/libexec'
localedir='${datarootdir}/locale'
localstatedir='${prefix}/var'
mandir='${datarootdir}/man'
oldincludedir='/usr/include'
pdfdir='${docdir}'
prefix='/usr/local'
program_transform_name='s,x,x,'
psdir='${docdir}'
sbindir='${exec_prefix}/sbin'
sharedstatedir='${prefix}/com'
sysconfdir='${prefix}/etc'
target_alias=''

## ----------- ##
## confdefs.h. ##
## ----------- ##

/* confdefs.h */
#define PACKAGE_NAME ""
#define PACKAGE_TARNAME ""
#define PACKAGE_VERSION ""
#define PACKAGE_STRING ""
#define PACKAGE_BUGREPORT ""
#define PACKAGE_URL ""
#define STDC_HEADERS 1
#define HAVE_SYS_TYPES_H 1
#define HAVE_SYS_STAT_H 1
#define HAVE_STDLIB_H 1
#define HAVE_STRING_H 1
#define HAVE_MEMORY_H 1
#define HAVE_STRINGS_H 1
#define HAVE_INTTYPES_H 1
#define HAVE_STDINT_H 1
#define HAVE_UNISTD_H 1
#define HAVE_PTHREAD_H 1

configure: exit 0
