This file contains any messages produced by compilers while
running configure, to aid debugging if configure makes a mistake.

It was created by configure, which was
generated by GNU Autoconf 2.69.  Invocation command line was

  $ ./configure --disable-option-checking --cache-file=/dev/null --srcdir=/home/adityau/.kerl/builds/22.0/otp_src_22.0/lib/erl_interface

## --------- ##
## Platform. ##
## --------- ##

hostname = AdityaU-Desktop
uname -m = x86_64
uname -r = 5.10.16.3-microsoft-standard-WSL2
uname -s = Linux
uname -v = #1 SMP Fri Apr 2 22:23:49 UTC 2021

/usr/bin/uname -p = x86_64
/bin/uname -X     = unknown

/bin/arch              = x86_64
/usr/bin/arch -k       = unknown
/usr/convex/getsysinfo = unknown
/usr/bin/hostinfo      = unknown
/bin/machine           = unknown
/usr/bin/oslevel       = unknown
/bin/universe          = unknown

PATH: /home/adityau/.kiex/elixirs/elixir-1.10/bin
PATH: /home/adityau/.kiex/bin
PATH: /home/adityau/.kerl/22.0/lib/erl_interface-3.12/bin
PATH: /home/adityau/.kerl/22.0/bin
PATH: /usr/local/sbin
PATH: /usr/local/bin
PATH: /usr/sbin
PATH: /usr/bin
PATH: /sbin
PATH: /bin
PATH: /usr/games
PATH: /usr/local/games
PATH: /usr/lib/wsl/lib
PATH: /mnt/c/WINDOWS/system32
PATH: /mnt/c/WINDOWS
PATH: /mnt/c/WINDOWS/System32/Wbem
PATH: /mnt/c/WINDOWS/System32/WindowsPowerShell/v1.0/
PATH: /mnt/c/WINDOWS/System32/OpenSSH/
PATH: /mnt/c/Program Files/Docker/Docker/resources/bin
PATH: /mnt/c/ProgramData/DockerDesktop/version-bin
PATH: /mnt/c/Users/imadi/AppData/Local/Microsoft/WindowsApps
PATH: /mnt/c/Users/imadi/AppData/Local/Programs/Microsoft VS Code/bin
PATH: /mnt/c/Program Files/WindowsApps/28644OpticosStudios.GWSL_1.4.3.0_x64__r3mwbcqrwk84r/GWSL/pygame
PATH: /mnt/c/Program Files/WindowsApps/28644OpticosStudios.GWSL_1.4.3.0_x64__r3mwbcqrwk84r/GWSL/pygame
PATH: /home/adityau/.local/bin


## ----------- ##
## Core tests. ##
## ----------- ##

configure:2418: checking build system type
configure:2432: result: x86_64-unknown-linux-gnu
configure:2452: checking host system type
configure:2465: result: x86_64-unknown-linux-gnu
configure:2570: checking for gcc
configure:2586: found /usr/bin/gcc
configure:2597: result: gcc
configure:2826: checking for C compiler version
configure:2835: gcc --version >&5
gcc (Ubuntu 9.4.0-1ubuntu1~20.04.1) 9.4.0
Copyright (C) 2019 Free Software Foundation, Inc.
This is free software; see the source for copying conditions.  There is NO
warranty; not even for MERCHANTABILITY or FITNESS FOR A PARTICULAR PURPOSE.

configure:2846: $? = 0
configure:2835: gcc -v >&5
Using built-in specs.
COLLECT_GCC=gcc
COLLECT_LTO_WRAPPER=/usr/lib/gcc/x86_64-linux-gnu/9/lto-wrapper
OFFLOAD_TARGET_NAMES=nvptx-none:hsa
OFFLOAD_TARGET_DEFAULT=1
Target: x86_64-linux-gnu
Configured with: ../src/configure -v --with-pkgversion='Ubuntu 9.4.0-1ubuntu1~20.04.1' --with-bugurl=file:///usr/share/doc/gcc-9/README.Bugs --enable-languages=c,ada,c++,go,brig,d,fortran,objc,obj-c++,gm2 --prefix=/usr --with-gcc-major-version-only --program-suffix=-9 --program-prefix=x86_64-linux-gnu- --enable-shared --enable-linker-build-id --libexecdir=/usr/lib --without-included-gettext --enable-threads=posix --libdir=/usr/lib --enable-nls --enable-clocale=gnu --enable-libstdcxx-debug --enable-libstdcxx-time=yes --with-default-libstdcxx-abi=new --enable-gnu-unique-object --disable-vtable-verify --enable-plugin --enable-default-pie --with-system-zlib --with-target-system-zlib=auto --enable-objc-gc=auto --enable-multiarch --disable-werror --with-arch-32=i686 --with-abi=m64 --with-multilib-list=m32,m64,mx32 --enable-multilib --with-tune=generic --enable-offload-targets=nvptx-none=/build/gcc-9-Av3uEd/gcc-9-9.4.0/debian/tmp-nvptx/usr,hsa --without-cuda-driver --enable-checking=release --build=x86_64-linux-gnu --host=x86_64-linux-gnu --target=x86_64-linux-gnu
Thread model: posix
gcc version 9.4.0 (Ubuntu 9.4.0-1ubuntu1~20.04.1) 
configure:2846: $? = 0
configure:2835: gcc -V >&5
gcc: error: unrecognized command line option '-V'
gcc: fatal error: no input files
compilation terminated.
configure:2846: $? = 1
configure:2835: gcc -qversion >&5
gcc: error: unrecognized command line option '-qversion'; did you mean '--version'?
gcc: fatal error: no input files
compilation terminated.
configure:2846: $? = 1
configure:2866: checking whether the C compiler works
configure:2888: gcc    conftest.c  >&5
configure:2892: $? = 0
configure:2940: result: yes
configure:2943: checking for C compiler default output file name
configure:2945: result: a.out
configure:2951: checking for suffix of executables
configure:2958: gcc -o conftest    conftest.c  >&5
configure:2962: $? = 0
configure:2984: result: 
configure:3006: checking whether we are cross compiling
configure:3014: gcc -o conftest    conftest.c  >&5
configure:3018: $? = 0
configure:3025: ./conftest
configure:3029: $? = 0
configure:3017: result: no
configure:3022: checking for suffix of object files
configure:3044: gcc -c   conftest.c >&5
configure:3048: $? = 0
configure:3069: result: o
configure:3073: checking whether we are using the GNU C compiler
configure:3092: gcc -c   conftest.c >&5
configure:3092: $? = 0
configure:3101: result: yes
configure:3110: checking whether gcc accepts -g
configure:3130: gcc -c -g  conftest.c >&5
configure:3130: $? = 0
configure:3171: result: yes
configure:3188: checking for gcc option to accept ISO C89
configure:3251: gcc  -c -g -O2  conftest.c >&5
configure:3251: $? = 0
configure:3264: result: none needed
configure:3289: checking how to run the C preprocessor
configure:3320: gcc -E  conftest.c
configure:3320: $? = 0
configure:3334: gcc -E  conftest.c
conftest.c:9:10: fatal error: ac_nonexistent.h: No such file or directory
    9 | #include <ac_nonexistent.h>
      |          ^~~~~~~~~~~~~~~~~~
compilation terminated.
configure:3334: $? = 1
configure: failed program was:
| /* confdefs.h */
| #define PACKAGE_NAME ""
| #define PACKAGE_TARNAME ""
| #define PACKAGE_VERSION ""
| #define PACKAGE_STRING ""
| #define PACKAGE_BUGREPORT ""
| #define PACKAGE_URL ""
| /* end confdefs.h.  */
| #include <ac_nonexistent.h>
configure:3359: result: gcc -E
configure:3379: gcc -E  conftest.c
configure:3379: $? = 0
configure:3393: gcc -E  conftest.c
conftest.c:9:10: fatal error: ac_nonexistent.h: No such file or directory
    9 | #include <ac_nonexistent.h>
      |          ^~~~~~~~~~~~~~~~~~
compilation terminated.
configure:3393: $? = 1
configure: failed program was:
| /* confdefs.h */
| #define PACKAGE_NAME ""
| #define PACKAGE_TARNAME ""
| #define PACKAGE_VERSION ""
| #define PACKAGE_STRING ""
| #define PACKAGE_BUGREPORT ""
| #define PACKAGE_URL ""
| /* end confdefs.h.  */
| #include <ac_nonexistent.h>
configure:3464: checking for ranlib
configure:3480: found /usr/bin/ranlib
configure:3491: result: ranlib
configure:3517: checking for ld.sh
configure:3547: result: no
configure:3598: checking for ld
configure:3614: found /usr/bin/ld
configure:3625: result: ld
configure:3651: checking for grep that handles long lines and -e
configure:3709: result: /usr/bin/grep
configure:3714: checking for egrep
configure:3776: result: /usr/bin/grep -E
configure:3781: checking for ANSI C header files
configure:3801: gcc -c -g -O2  conftest.c >&5
configure:3801: $? = 0
configure:3874: gcc -o conftest -g -O2   conftest.c  >&5
configure:3874: $? = 0
configure:3874: ./conftest
configure:3874: $? = 0
configure:3885: result: yes
configure:3898: checking for sys/types.h
configure:3898: gcc -c -g -O2  conftest.c >&5
configure:3898: $? = 0
configure:3898: result: yes
configure:3898: checking for sys/stat.h
configure:3898: gcc -c -g -O2  conftest.c >&5
configure:3898: $? = 0
configure:3898: result: yes
configure:3898: checking for stdlib.h
configure:3898: gcc -c -g -O2  conftest.c >&5
configure:3898: $? = 0
configure:3898: result: yes
configure:3898: checking for string.h
configure:3898: gcc -c -g -O2  conftest.c >&5
configure:3898: $? = 0
configure:3898: result: yes
configure:3898: checking for memory.h
configure:3898: gcc -c -g -O2  conftest.c >&5
configure:3898: $? = 0
configure:3898: result: yes
configure:3898: checking for strings.h
configure:3898: gcc -c -g -O2  conftest.c >&5
configure:3898: $? = 0
configure:3898: result: yes
configure:3898: checking for inttypes.h
configure:3898: gcc -c -g -O2  conftest.c >&5
configure:3898: $? = 0
configure:3898: result: yes
configure:3898: checking for stdint.h
configure:3898: gcc -c -g -O2  conftest.c >&5
configure:3898: $? = 0
configure:3898: result: yes
configure:3898: checking for unistd.h
configure:3898: gcc -c -g -O2  conftest.c >&5
configure:3898: $? = 0
configure:3898: result: yes
configure:3914: checking size of short
configure:3919: gcc -o conftest -g -O2   conftest.c  >&5
configure:3919: $? = 0
configure:3919: ./conftest
configure:3919: $? = 0
configure:3933: result: 2
configure:3947: checking size of int
configure:3952: gcc -o conftest -g -O2   conftest.c  >&5
configure:3952: $? = 0
configure:3952: ./conftest
configure:3952: $? = 0
configure:3966: result: 4
configure:3980: checking size of long
configure:3985: gcc -o conftest -g -O2   conftest.c  >&5
configure:3985: $? = 0
configure:3985: ./conftest
configure:3985: $? = 0
configure:3999: result: 8
configure:4013: checking size of void *
configure:4018: gcc -o conftest -g -O2   conftest.c  >&5
configure:4018: $? = 0
configure:4018: ./conftest
configure:4018: $? = 0
configure:4032: result: 8
configure:4046: checking size of long long
configure:4051: gcc -o conftest -g -O2   conftest.c  >&5
configure:4051: $? = 0
configure:4051: ./conftest
configure:4051: $? = 0
configure:4065: result: 8
configure:4087: checking target hardware architecture
configure:4124: result: amd64
configure:4127: checking whether compilation mode forces ARCH adjustment
configure:4166: result: no: ARCH is amd64
configure:4174: checking for unaligned word access
configure:4178: result: yes: x86 or amd64
configure:4233: checking for ar
configure:4249: found /usr/bin/ar
configure:4260: result: ar
configure:4310: checking for a BSD-compatible install
configure:4378: result: /usr/bin/install -c
configure:4389: checking how to create a directory including parents
configure:4410: result: /usr/bin/install -c -d
configure:4428: checking for gethostbyname in -lnsl
configure:4453: gcc -o conftest -g -O2 -DEI_64BIT   conftest.c -lnsl   >&5
configure:4453: $? = 0
configure:4462: result: yes
configure:4473: checking for getpeername in -lsocket
configure:4498: gcc -o conftest -g -O2 -DEI_64BIT   conftest.c -lsocket  -lnsl  >&5
/usr/bin/ld: cannot find -lsocket
collect2: error: ld returned 1 exit status
configure:4498: $? = 1
configure: failed program was:
| /* confdefs.h */
| #define PACKAGE_NAME ""
| #define PACKAGE_TARNAME ""
| #define PACKAGE_VERSION ""
| #define PACKAGE_STRING ""
| #define PACKAGE_BUGREPORT ""
| #define PACKAGE_URL ""
| #define STDC_HEADERS 1
| #define HAVE_SYS_TYPES_H 1
| #define HAVE_SYS_STAT_H 1
| #define HAVE_STDLIB_H 1
| #define HAVE_STRING_H 1
| #define HAVE_MEMORY_H 1
| #define HAVE_STRINGS_H 1
| #define HAVE_INTTYPES_H 1
| #define HAVE_STDINT_H 1
| #define HAVE_UNISTD_H 1
| #define SIZEOF_SHORT 2
| #define SIZEOF_INT 4
| #define SIZEOF_LONG 8
| #define SIZEOF_VOID_P 8
| #define SIZEOF_LONG_LONG 8
| #define EI_HIDE_REAL_ERRNO 1
| #define HAVE_UNALIGNED_WORD_ACCESS 1
| #define HAVE_LIBNSL 1
| /* end confdefs.h.  */
| 
| /* Override any GCC internal prototype to avoid an error.
|    Use char because int might match the return type of a GCC
|    builtin and then its argument prototype would still apply.  */
| #ifdef __cplusplus
| extern "C"
| #endif
| char getpeername ();
| int
| main ()
| {
| return getpeername ();
|   ;
|   return 0;
| }
configure:4507: result: no
configure:4520: checking for ANSI C header files
configure:4624: result: yes
configure:4632: checking for sys/wait.h that is POSIX.1 compatible
configure:4658: gcc -c -g -O2 -DEI_64BIT  conftest.c >&5
configure:4658: $? = 0
configure:4665: result: yes
configure:4676: checking arpa/inet.h usability
configure:4676: gcc -c -g -O2 -DEI_64BIT  conftest.c >&5
configure:4676: $? = 0
configure:4676: result: yes
configure:4676: checking arpa/inet.h presence
configure:4676: gcc -E  conftest.c
configure:4676: $? = 0
configure:4676: result: yes
configure:4676: checking for arpa/inet.h
configure:4676: result: yes
configure:4676: checking fcntl.h usability
configure:4676: gcc -c -g -O2 -DEI_64BIT  conftest.c >&5
configure:4676: $? = 0
configure:4676: result: yes
configure:4676: checking fcntl.h presence
configure:4676: gcc -E  conftest.c
configure:4676: $? = 0
configure:4676: result: yes
configure:4676: checking for fcntl.h
configure:4676: result: yes
configure:4676: checking limits.h usability
configure:4676: gcc -c -g -O2 -DEI_64BIT  conftest.c >&5
configure:4676: $? = 0
configure:4676: result: yes
configure:4676: checking limits.h presence
configure:4676: gcc -E  conftest.c
configure:4676: $? = 0
configure:4676: result: yes
configure:4676: checking for limits.h
configure:4676: result: yes
configure:4676: checking malloc.h usability
configure:4676: gcc -c -g -O2 -DEI_64BIT  conftest.c >&5
configure:4676: $? = 0
configure:4676: result: yes
configure:4676: checking malloc.h presence
configure:4676: gcc -E  conftest.c
configure:4676: $? = 0
configure:4676: result: yes
configure:4676: checking for malloc.h
configure:4676: result: yes
configure:4676: checking netdb.h usability
configure:4676: gcc -c -g -O2 -DEI_64BIT  conftest.c >&5
configure:4676: $? = 0
configure:4676: result: yes
configure:4676: checking netdb.h presence
configure:4676: gcc -E  conftest.c
configure:4676: $? = 0
configure:4676: result: yes
configure:4676: checking for netdb.h
configure:4676: result: yes
configure:4676: checking netinet/in.h usability
configure:4676: gcc -c -g -O2 -DEI_64BIT  conftest.c >&5
configure:4676: $? = 0
configure:4676: result: yes
configure:4676: checking netinet/in.h presence
configure:4676: gcc -E  conftest.c
configure:4676: $? = 0
configure:4676: result: yes
configure:4676: checking for netinet/in.h
configure:4676: result: yes
configure:4676: checking stddef.h usability
configure:4676: gcc -c -g -O2 -DEI_64BIT  conftest.c >&5
configure:4676: $? = 0
configure:4676: result: yes
configure:4676: checking stddef.h presence
configure:4676: gcc -E  conftest.c
configure:4676: $? = 0
configure:4676: result: yes
configure:4676: checking for stddef.h
configure:4676: result: yes
configure:4676: checking for stdlib.h
configure:4676: result: yes
configure:4676: checking for string.h
configure:4676: result: yes
configure:4676: checking sys/param.h usability
configure:4676: gcc -c -g -O2 -DEI_64BIT  conftest.c >&5
configure:4676: $? = 0
configure:4676: result: yes
configure:4676: checking sys/param.h presence
configure:4676: gcc -E  conftest.c
configure:4676: $? = 0
configure:4676: result: yes
configure:4676: checking for sys/param.h
configure:4676: result: yes
configure:4676: checking sys/socket.h usability
configure:4676: gcc -c -g -O2 -DEI_64BIT  conftest.c >&5
configure:4676: $? = 0
configure:4676: result: yes
configure:4676: checking sys/socket.h presence
configure:4676: gcc -E  conftest.c
configure:4676: $? = 0
configure:4676: result: yes
configure:4676: checking for sys/socket.h
configure:4676: result: yes
configure:4676: checking sys/select.h usability
configure:4676: gcc -c -g -O2 -DEI_64BIT  conftest.c >&5
configure:4676: $? = 0
configure:4676: result: yes
configure:4676: checking sys/select.h presence
configure:4676: gcc -E  conftest.c
configure:4676: $? = 0
configure:4676: result: yes
configure:4676: checking for sys/select.h
configure:4676: result: yes
configure:4676: checking sys/time.h usability
configure:4676: gcc -c -g -O2 -DEI_64BIT  conftest.c >&5
configure:4676: $? = 0
configure:4676: result: yes
configure:4676: checking sys/time.h presence
configure:4676: gcc -E  conftest.c
configure:4676: $? = 0
configure:4676: result: yes
configure:4676: checking for sys/time.h
configure:4676: result: yes
configure:4676: checking for unistd.h
configure:4676: result: yes
configure:4676: checking for sys/types.h
configure:4676: result: yes
configure:4676: checking sys/uio.h usability
configure:4676: gcc -c -g -O2 -DEI_64BIT  conftest.c >&5
configure:4676: $? = 0
configure:4676: result: yes
configure:4676: checking sys/uio.h presence
configure:4676: gcc -E  conftest.c
configure:4676: $? = 0
configure:4676: result: yes
configure:4676: checking for sys/uio.h
configure:4676: result: yes
configure:4689: checking for uid_t in sys/types.h
configure:4708: result: yes
configure:4719: checking for pid_t
configure:4719: gcc -c -g -O2 -DEI_64BIT  conftest.c >&5
configure:4719: $? = 0
configure:4719: gcc -c -g -O2 -DEI_64BIT  conftest.c >&5
conftest.c: In function 'main':
conftest.c:81:20: error: expected expression before ')' token
   81 | if (sizeof ((pid_t)))
      |                    ^
configure:4719: $? = 1
configure: failed program was:
| /* confdefs.h */
| #define PACKAGE_NAME ""
| #define PACKAGE_TARNAME ""
| #define PACKAGE_VERSION ""
| #define PACKAGE_STRING ""
| #define PACKAGE_BUGREPORT ""
| #define PACKAGE_URL ""
| #define STDC_HEADERS 1
| #define HAVE_SYS_TYPES_H 1
| #define HAVE_SYS_STAT_H 1
| #define HAVE_STDLIB_H 1
| #define HAVE_STRING_H 1
| #define HAVE_MEMORY_H 1
| #define HAVE_STRINGS_H 1
| #define HAVE_INTTYPES_H 1
| #define HAVE_STDINT_H 1
| #define HAVE_UNISTD_H 1
| #define SIZEOF_SHORT 2
| #define SIZEOF_INT 4
| #define SIZEOF_LONG 8
| #define SIZEOF_VOID_P 8
| #define SIZEOF_LONG_LONG 8
| #define EI_HIDE_REAL_ERRNO 1
| #define HAVE_UNALIGNED_WORD_ACCESS 1
| #define HAVE_LIBNSL 1
| #define STDC_HEADERS 1
| #define HAVE_SYS_WAIT_H 1
| #define HAVE_ARPA_INET_H 1
| #define HAVE_FCNTL_H 1
| #define HAVE_LIMITS_H 1
| #define HAVE_MALLOC_H 1
| #define HAVE_NETDB_H 1
| #define HAVE_NETINET_IN_H 1
| #define HAVE_STDDEF_H 1
| #define HAVE_STDLIB_H 1
| #define HAVE_STRING_H 1
| #define HAVE_SYS_PARAM_H 1
| #define HAVE_SYS_SOCKET_H 1
| #define HAVE_SYS_SELECT_H 1
| #define HAVE_SYS_TIME_H 1
| #define HAVE_UNISTD_H 1
| #define HAVE_SYS_TYPES_H 1
| #define HAVE_SYS_UIO_H 1
| /* end confdefs.h.  */
| #include <stdio.h>
| #ifdef HAVE_SYS_TYPES_H
| # include <sys/types.h>
| #endif
| #ifdef HAVE_SYS_STAT_H
| # include <sys/stat.h>
| #endif
| #ifdef STDC_HEADERS
| # include <stdlib.h>
| # include <stddef.h>
| #else
| # ifdef HAVE_STDLIB_H
| #  include <stdlib.h>
| # endif
| #endif
| #ifdef HAVE_STRING_H
| # if !defined STDC_HEADERS && defined HAVE_MEMORY_H
| #  include <memory.h>
| # endif
| # include <string.h>
| #endif
| #ifdef HAVE_STRINGS_H
| # include <strings.h>
| #endif
| #ifdef HAVE_INTTYPES_H
| # include <inttypes.h>
| #endif
| #ifdef HAVE_STDINT_H
| # include <stdint.h>
| #endif
| #ifdef HAVE_UNISTD_H
| # include <unistd.h>
| #endif
| int
| main ()
| {
| if (sizeof ((pid_t)))
| 	    return 0;
|   ;
|   return 0;
| }
configure:4719: result: yes
configure:4730: checking for size_t
configure:4730: gcc -c -g -O2 -DEI_64BIT  conftest.c >&5
configure:4730: $? = 0
configure:4730: gcc -c -g -O2 -DEI_64BIT  conftest.c >&5
conftest.c: In function 'main':
conftest.c:81:21: error: expected expression before ')' token
   81 | if (sizeof ((size_t)))
      |                     ^
configure:4730: $? = 1
configure: failed program was:
| /* confdefs.h */
| #define PACKAGE_NAME ""
| #define PACKAGE_TARNAME ""
| #define PACKAGE_VERSION ""
| #define PACKAGE_STRING ""
| #define PACKAGE_BUGREPORT ""
| #define PACKAGE_URL ""
| #define STDC_HEADERS 1
| #define HAVE_SYS_TYPES_H 1
| #define HAVE_SYS_STAT_H 1
| #define HAVE_STDLIB_H 1
| #define HAVE_STRING_H 1
| #define HAVE_MEMORY_H 1
| #define HAVE_STRINGS_H 1
| #define HAVE_INTTYPES_H 1
| #define HAVE_STDINT_H 1
| #define HAVE_UNISTD_H 1
| #define SIZEOF_SHORT 2
| #define SIZEOF_INT 4
| #define SIZEOF_LONG 8
| #define SIZEOF_VOID_P 8
| #define SIZEOF_LONG_LONG 8
| #define EI_HIDE_REAL_ERRNO 1
| #define HAVE_UNALIGNED_WORD_ACCESS 1
| #define HAVE_LIBNSL 1
| #define STDC_HEADERS 1
| #define HAVE_SYS_WAIT_H 1
| #define HAVE_ARPA_INET_H 1
| #define HAVE_FCNTL_H 1
| #define HAVE_LIMITS_H 1
| #define HAVE_MALLOC_H 1
| #define HAVE_NETDB_H 1
| #define HAVE_NETINET_IN_H 1
| #define HAVE_STDDEF_H 1
| #define HAVE_STDLIB_H 1
| #define HAVE_STRING_H 1
| #define HAVE_SYS_PARAM_H 1
| #define HAVE_SYS_SOCKET_H 1
| #define HAVE_SYS_SELECT_H 1
| #define HAVE_SYS_TIME_H 1
| #define HAVE_UNISTD_H 1
| #define HAVE_SYS_TYPES_H 1
| #define HAVE_SYS_UIO_H 1
| /* end confdefs.h.  */
| #include <stdio.h>
| #ifdef HAVE_SYS_TYPES_H
| # include <sys/types.h>
| #endif
| #ifdef HAVE_SYS_STAT_H
| # include <sys/stat.h>
| #endif
| #ifdef STDC_HEADERS
| # include <stdlib.h>
| # include <stddef.h>
| #else
| # ifdef HAVE_STDLIB_H
| #  include <stdlib.h>
| # endif
| #endif
| #ifdef HAVE_STRING_H
| # if !defined STDC_HEADERS && defined HAVE_MEMORY_H
| #  include <memory.h>
| # endif
| # include <string.h>
| #endif
| #ifdef HAVE_STRINGS_H
| # include <strings.h>
| #endif
| #ifdef HAVE_INTTYPES_H
| # include <inttypes.h>
| #endif
| #ifdef HAVE_STDINT_H
| # include <stdint.h>
| #endif
| #ifdef HAVE_UNISTD_H
| # include <unistd.h>
| #endif
| int
| main ()
| {
| if (sizeof ((size_t)))
| 	    return 0;
|   ;
|   return 0;
| }
configure:4730: result: yes
configure:4741: checking whether time.h and sys/time.h may both be included
configure:4761: gcc -c -g -O2 -DEI_64BIT  conftest.c >&5
configure:4761: $? = 0
configure:4768: result: yes
configure:4776: checking for socklen_t usability
configure:4790: gcc -c -g -O2 -DEI_64BIT  conftest.c >&5
configure:4790: $? = 0
configure:4791: result: yes
configure:4805: checking for working alloca.h
configure:4822: gcc -o conftest -g -O2 -DEI_64BIT   conftest.c -lnsl  >&5
configure:4822: $? = 0
configure:4830: result: yes
configure:4838: checking for alloca
configure:4875: gcc -o conftest -g -O2 -DEI_64BIT   conftest.c -lnsl  >&5
configure:4875: $? = 0
configure:4883: result: yes
configure:4991: checking whether gcc needs -traditional
configure:5025: result: no
configure:5033: checking for working memcmp
configure:5076: gcc -o conftest -g -O2 -DEI_64BIT   conftest.c -lnsl  >&5
configure:5076: $? = 0
configure:5076: ./conftest
configure:5076: $? = 0
configure:5086: result: yes
configure:5102: checking for dup2
configure:5102: gcc -o conftest -g -O2 -DEI_64BIT   conftest.c -lnsl  >&5
configure:5102: $? = 0
configure:5102: result: yes
configure:5102: checking for gethostbyaddr
configure:5102: gcc -o conftest -g -O2 -DEI_64BIT   conftest.c -lnsl  >&5
configure:5102: $? = 0
configure:5102: result: yes
configure:5102: checking for gethostbyname
configure:5102: gcc -o conftest -g -O2 -DEI_64BIT   conftest.c -lnsl  >&5
configure:5102: $? = 0
configure:5102: result: yes
configure:5102: checking for gethostbyaddr_r
configure:5102: gcc -o conftest -g -O2 -DEI_64BIT   conftest.c -lnsl  >&5
configure:5102: $? = 0
configure:5102: result: yes
configure:5102: checking for gethostbyname_r
configure:5102: gcc -o conftest -g -O2 -DEI_64BIT   conftest.c -lnsl  >&5
configure:5102: $? = 0
configure:5102: result: yes
configure:5102: checking for gethostname
configure:5102: gcc -o conftest -g -O2 -DEI_64BIT   conftest.c -lnsl  >&5
configure:5102: $? = 0
configure:5102: result: yes
configure:5102: checking for writev
configure:5102: gcc -o conftest -g -O2 -DEI_64BIT   conftest.c -lnsl  >&5
configure:5102: $? = 0
configure:5102: result: yes
configure:5102: checking for gethrtime
configure:5102: gcc -o conftest -g -O2 -DEI_64BIT   conftest.c -lnsl  >&5
/usr/bin/ld: /tmp/ccKDrL2S.o: in function `main':
/home/adityau/.kerl/builds/22.0/otp_src_22.0/lib/erl_interface/conftest.c:90: undefined reference to `gethrtime'
collect2: error: ld returned 1 exit status
configure:5102: $? = 1
configure: failed program was:
| /* confdefs.h */
| #define PACKAGE_NAME ""
| #define PACKAGE_TARNAME ""
| #define PACKAGE_VERSION ""
| #define PACKAGE_STRING ""
| #define PACKAGE_BUGREPORT ""
| #define PACKAGE_URL ""
| #define STDC_HEADERS 1
| #define HAVE_SYS_TYPES_H 1
| #define HAVE_SYS_STAT_H 1
| #define HAVE_STDLIB_H 1
| #define HAVE_STRING_H 1
| #define HAVE_MEMORY_H 1
| #define HAVE_STRINGS_H 1
| #define HAVE_INTTYPES_H 1
| #define HAVE_STDINT_H 1
| #define HAVE_UNISTD_H 1
| #define SIZEOF_SHORT 2
| #define SIZEOF_INT 4
| #define SIZEOF_LONG 8
| #define SIZEOF_VOID_P 8
| #define SIZEOF_LONG_LONG 8
| #define EI_HIDE_REAL_ERRNO 1
| #define HAVE_UNALIGNED_WORD_ACCESS 1
| #define HAVE_LIBNSL 1
| #define STDC_HEADERS 1
| #define HAVE_SYS_WAIT_H 1
| #define HAVE_ARPA_INET_H 1
| #define HAVE_FCNTL_H 1
| #define HAVE_LIMITS_H 1
| #define HAVE_MALLOC_H 1
| #define HAVE_NETDB_H 1
| #define HAVE_NETINET_IN_H 1
| #define HAVE_STDDEF_H 1
| #define HAVE_STDLIB_H 1
| #define HAVE_STRING_H 1
| #define HAVE_SYS_PARAM_H 1
| #define HAVE_SYS_SOCKET_H 1
| #define HAVE_SYS_SELECT_H 1
| #define HAVE_SYS_TIME_H 1
| #define HAVE_UNISTD_H 1
| #define HAVE_SYS_TYPES_H 1
| #define HAVE_SYS_UIO_H 1
| #define TIME_WITH_SYS_TIME 1
| #define HAVE_SOCKLEN_T /**/
| #define HAVE_ALLOCA_H 1
| #define HAVE_ALLOCA 1
| #define HAVE_DUP2 1
| #define HAVE_GETHOSTBYADDR 1
| #define HAVE_GETHOSTBYNAME 1
| #define HAVE_GETHOSTBYADDR_R 1
| #define HAVE_GETHOSTBYNAME_R 1
| #define HAVE_GETHOSTNAME 1
| #define HAVE_WRITEV 1
| /* end confdefs.h.  */
| /* Define gethrtime to an innocuous variant, in case <limits.h> declares gethrtime.
|    For example, HP-UX 11i <limits.h> declares gettimeofday.  */
| #define gethrtime innocuous_gethrtime
| 
| /* System header to define __stub macros and hopefully few prototypes,
|     which can conflict with char gethrtime (); below.
|     Prefer <limits.h> to <assert.h> if __STDC__ is defined, since
|     <limits.h> exists even on freestanding compilers.  */
| 
| #ifdef __STDC__
| # include <limits.h>
| #else
| # include <assert.h>
| #endif
| 
| #undef gethrtime
| 
| /* Override any GCC internal prototype to avoid an error.
|    Use char because int might match the return type of a GCC
|    builtin and then its argument prototype would still apply.  */
| #ifdef __cplusplus
| extern "C"
| #endif
| char gethrtime ();
| /* The GNU C library defines this for functions which it implements
|     to always fail with ENOSYS.  Some functions are actually named
|     something starting with __ and the normal name is an alias.  */
| #if defined __stub_gethrtime || defined __stub___gethrtime
| choke me
| #endif
| 
| int
| main ()
| {
| return gethrtime ();
|   ;
|   return 0;
| }
configure:5102: result: no
configure:5102: checking for gettimeofday
configure:5102: gcc -o conftest -g -O2 -DEI_64BIT   conftest.c -lnsl  >&5
configure:5102: $? = 0
configure:5102: result: yes
configure:5102: checking for inet_ntoa
configure:5102: gcc -o conftest -g -O2 -DEI_64BIT   conftest.c -lnsl  >&5
configure:5102: $? = 0
configure:5102: result: yes
configure:5102: checking for memchr
configure:5102: gcc -o conftest -g -O2 -DEI_64BIT   conftest.c -lnsl  >&5
conftest.c:81:6: warning: conflicting types for built-in function 'memchr'; expected 'void *(const void *, int,  long unsigned int)' [-Wbuiltin-declaration-mismatch]
   81 | char memchr ();
      |      ^~~~~~
conftest.c:69:1: note: 'memchr' is declared in header '<string.h>'
   68 | # include <limits.h>
   69 | #else
configure:5102: $? = 0
configure:5102: result: yes
configure:5102: checking for memmove
configure:5102: gcc -o conftest -g -O2 -DEI_64BIT   conftest.c -lnsl  >&5
conftest.c:82:6: warning: conflicting types for built-in function 'memmove'; expected 'void *(void *, const void *, long unsigned int)' [-Wbuiltin-declaration-mismatch]
   82 | char memmove ();
      |      ^~~~~~~
conftest.c:70:1: note: 'memmove' is declared in header '<string.h>'
   69 | # include <limits.h>
   70 | #else
configure:5102: $? = 0
configure:5102: result: yes
configure:5102: checking for memset
configure:5102: gcc -o conftest -g -O2 -DEI_64BIT   conftest.c -lnsl  >&5
conftest.c:83:6: warning: conflicting types for built-in function 'memset'; expected 'void *(void *, int,  long unsigned int)' [-Wbuiltin-declaration-mismatch]
   83 | char memset ();
      |      ^~~~~~
conftest.c:71:1: note: 'memset' is declared in header '<string.h>'
   70 | # include <limits.h>
   71 | #else
configure:5102: $? = 0
configure:5102: result: yes
configure:5102: checking for select
configure:5102: gcc -o conftest -g -O2 -DEI_64BIT   conftest.c -lnsl  >&5
configure:5102: $? = 0
configure:5102: result: yes
configure:5102: checking for socket
configure:5102: gcc -o conftest -g -O2 -DEI_64BIT   conftest.c -lnsl  >&5
configure:5102: $? = 0
configure:5102: result: yes
configure:5102: checking for strchr
configure:5102: gcc -o conftest -g -O2 -DEI_64BIT   conftest.c -lnsl  >&5
conftest.c:86:6: warning: conflicting types for built-in function 'strchr'; expected 'char *(const char *, int)' [-Wbuiltin-declaration-mismatch]
   86 | char strchr ();
      |      ^~~~~~
conftest.c:74:1: note: 'strchr' is declared in header '<string.h>'
   73 | # include <limits.h>
   74 | #else
configure:5102: $? = 0
configure:5102: result: yes
configure:5102: checking for strerror
configure:5102: gcc -o conftest -g -O2 -DEI_64BIT   conftest.c -lnsl  >&5
configure:5102: $? = 0
configure:5102: result: yes
configure:5102: checking for strrchr
configure:5102: gcc -o conftest -g -O2 -DEI_64BIT   conftest.c -lnsl  >&5
conftest.c:88:6: warning: conflicting types for built-in function 'strrchr'; expected 'char *(const char *, int)' [-Wbuiltin-declaration-mismatch]
   88 | char strrchr ();
      |      ^~~~~~~
conftest.c:76:1: note: 'strrchr' is declared in header '<string.h>'
   75 | # include <limits.h>
   76 | #else
configure:5102: $? = 0
configure:5102: result: yes
configure:5102: checking for strstr
configure:5102: gcc -o conftest -g -O2 -DEI_64BIT   conftest.c -lnsl  >&5
conftest.c:89:6: warning: conflicting types for built-in function 'strstr'; expected 'char *(const char *, const char *)' [-Wbuiltin-declaration-mismatch]
   89 | char strstr ();
      |      ^~~~~~
conftest.c:77:1: note: 'strstr' is declared in header '<string.h>'
   76 | # include <limits.h>
   77 | #else
configure:5102: $? = 0
configure:5102: result: yes
configure:5102: checking for uname
configure:5102: gcc -o conftest -g -O2 -DEI_64BIT   conftest.c -lnsl  >&5
configure:5102: $? = 0
configure:5102: result: yes
configure:5102: checking for sysconf
configure:5102: gcc -o conftest -g -O2 -DEI_64BIT   conftest.c -lnsl  >&5
configure:5102: $? = 0
configure:5102: result: yes
configure:5111: checking for res_gethostbyname
configure:5111: gcc -o conftest -g -O2 -DEI_64BIT   conftest.c -lnsl  >&5
/usr/bin/ld: /tmp/ccfWVH0h.o: in function `main':
/home/adityau/.kerl/builds/22.0/otp_src_22.0/lib/erl_interface/conftest.c:103: undefined reference to `res_gethostbyname'
collect2: error: ld returned 1 exit status
configure:5111: $? = 1
configure: failed program was:
| /* confdefs.h */
| #define PACKAGE_NAME ""
| #define PACKAGE_TARNAME ""
| #define PACKAGE_VERSION ""
| #define PACKAGE_STRING ""
| #define PACKAGE_BUGREPORT ""
| #define PACKAGE_URL ""
| #define STDC_HEADERS 1
| #define HAVE_SYS_TYPES_H 1
| #define HAVE_SYS_STAT_H 1
| #define HAVE_STDLIB_H 1
| #define HAVE_STRING_H 1
| #define HAVE_MEMORY_H 1
| #define HAVE_STRINGS_H 1
| #define HAVE_INTTYPES_H 1
| #define HAVE_STDINT_H 1
| #define HAVE_UNISTD_H 1
| #define SIZEOF_SHORT 2
| #define SIZEOF_INT 4
| #define SIZEOF_LONG 8
| #define SIZEOF_VOID_P 8
| #define SIZEOF_LONG_LONG 8
| #define EI_HIDE_REAL_ERRNO 1
| #define HAVE_UNALIGNED_WORD_ACCESS 1
| #define HAVE_LIBNSL 1
| #define STDC_HEADERS 1
| #define HAVE_SYS_WAIT_H 1
| #define HAVE_ARPA_INET_H 1
| #define HAVE_FCNTL_H 1
| #define HAVE_LIMITS_H 1
| #define HAVE_MALLOC_H 1
| #define HAVE_NETDB_H 1
| #define HAVE_NETINET_IN_H 1
| #define HAVE_STDDEF_H 1
| #define HAVE_STDLIB_H 1
| #define HAVE_STRING_H 1
| #define HAVE_SYS_PARAM_H 1
| #define HAVE_SYS_SOCKET_H 1
| #define HAVE_SYS_SELECT_H 1
| #define HAVE_SYS_TIME_H 1
| #define HAVE_UNISTD_H 1
| #define HAVE_SYS_TYPES_H 1
| #define HAVE_SYS_UIO_H 1
| #define TIME_WITH_SYS_TIME 1
| #define HAVE_SOCKLEN_T /**/
| #define HAVE_ALLOCA_H 1
| #define HAVE_ALLOCA 1
| #define HAVE_DUP2 1
| #define HAVE_GETHOSTBYADDR 1
| #define HAVE_GETHOSTBYNAME 1
| #define HAVE_GETHOSTBYADDR_R 1
| #define HAVE_GETHOSTBYNAME_R 1
| #define HAVE_GETHOSTNAME 1
| #define HAVE_WRITEV 1
| #define HAVE_GETTIMEOFDAY 1
| #define HAVE_INET_NTOA 1
| #define HAVE_MEMCHR 1
| #define HAVE_MEMMOVE 1
| #define HAVE_MEMSET 1
| #define HAVE_SELECT 1
| #define HAVE_SOCKET 1
| #define HAVE_STRCHR 1
| #define HAVE_STRERROR 1
| #define HAVE_STRRCHR 1
| #define HAVE_STRSTR 1
| #define HAVE_UNAME 1
| #define HAVE_SYSCONF 1
| /* end confdefs.h.  */
| /* Define res_gethostbyname to an innocuous variant, in case <limits.h> declares res_gethostbyname.
|    For example, HP-UX 11i <limits.h> declares gettimeofday.  */
| #define res_gethostbyname innocuous_res_gethostbyname
| 
| /* System header to define __stub macros and hopefully few prototypes,
|     which can conflict with char res_gethostbyname (); below.
|     Prefer <limits.h> to <assert.h> if __STDC__ is defined, since
|     <limits.h> exists even on freestanding compilers.  */
| 
| #ifdef __STDC__
| # include <limits.h>
| #else
| # include <assert.h>
| #endif
| 
| #undef res_gethostbyname
| 
| /* Override any GCC internal prototype to avoid an error.
|    Use char because int might match the return type of a GCC
|    builtin and then its argument prototype would still apply.  */
| #ifdef __cplusplus
| extern "C"
| #endif
| char res_gethostbyname ();
| /* The GNU C library defines this for functions which it implements
|     to always fail with ENOSYS.  Some functions are actually named
|     something starting with __ and the normal name is an alias.  */
| #if defined __stub_res_gethostbyname || defined __stub___res_gethostbyname
| choke me
| #endif
| 
| int
| main ()
| {
| return res_gethostbyname ();
|   ;
|   return 0;
| }
configure:5111: result: no
configure:5115: checking for res_gethostbyname in -lresolv
configure:5140: gcc -o conftest -g -O2 -DEI_64BIT   conftest.c -lresolv  -lnsl  >&5
/usr/bin/ld: /tmp/ccE5Jsvc.o: in function `main':
/home/adityau/.kerl/builds/22.0/otp_src_22.0/lib/erl_interface/conftest.c:80: undefined reference to `res_gethostbyname'
collect2: error: ld returned 1 exit status
configure:5140: $? = 1
configure: failed program was:
| /* confdefs.h */
| #define PACKAGE_NAME ""
| #define PACKAGE_TARNAME ""
| #define PACKAGE_VERSION ""
| #define PACKAGE_STRING ""
| #define PACKAGE_BUGREPORT ""
| #define PACKAGE_URL ""
| #define STDC_HEADERS 1
| #define HAVE_SYS_TYPES_H 1
| #define HAVE_SYS_STAT_H 1
| #define HAVE_STDLIB_H 1
| #define HAVE_STRING_H 1
| #define HAVE_MEMORY_H 1
| #define HAVE_STRINGS_H 1
| #define HAVE_INTTYPES_H 1
| #define HAVE_STDINT_H 1
| #define HAVE_UNISTD_H 1
| #define SIZEOF_SHORT 2
| #define SIZEOF_INT 4
| #define SIZEOF_LONG 8
| #define SIZEOF_VOID_P 8
| #define SIZEOF_LONG_LONG 8
| #define EI_HIDE_REAL_ERRNO 1
| #define HAVE_UNALIGNED_WORD_ACCESS 1
| #define HAVE_LIBNSL 1
| #define STDC_HEADERS 1
| #define HAVE_SYS_WAIT_H 1
| #define HAVE_ARPA_INET_H 1
| #define HAVE_FCNTL_H 1
| #define HAVE_LIMITS_H 1
| #define HAVE_MALLOC_H 1
| #define HAVE_NETDB_H 1
| #define HAVE_NETINET_IN_H 1
| #define HAVE_STDDEF_H 1
| #define HAVE_STDLIB_H 1
| #define HAVE_STRING_H 1
| #define HAVE_SYS_PARAM_H 1
| #define HAVE_SYS_SOCKET_H 1
| #define HAVE_SYS_SELECT_H 1
| #define HAVE_SYS_TIME_H 1
| #define HAVE_UNISTD_H 1
| #define HAVE_SYS_TYPES_H 1
| #define HAVE_SYS_UIO_H 1
| #define TIME_WITH_SYS_TIME 1
| #define HAVE_SOCKLEN_T /**/
| #define HAVE_ALLOCA_H 1
| #define HAVE_ALLOCA 1
| #define HAVE_DUP2 1
| #define HAVE_GETHOSTBYADDR 1
| #define HAVE_GETHOSTBYNAME 1
| #define HAVE_GETHOSTBYADDR_R 1
| #define HAVE_GETHOSTBYNAME_R 1
| #define HAVE_GETHOSTNAME 1
| #define HAVE_WRITEV 1
| #define HAVE_GETTIMEOFDAY 1
| #define HAVE_INET_NTOA 1
| #define HAVE_MEMCHR 1
| #define HAVE_MEMMOVE 1
| #define HAVE_MEMSET 1
| #define HAVE_SELECT 1
| #define HAVE_SOCKET 1
| #define HAVE_STRCHR 1
| #define HAVE_STRERROR 1
| #define HAVE_STRRCHR 1
| #define HAVE_STRSTR 1
| #define HAVE_UNAME 1
| #define HAVE_SYSCONF 1
| /* end confdefs.h.  */
| 
| /* Override any GCC internal prototype to avoid an error.
|    Use char because int might match the return type of a GCC
|    builtin and then its argument prototype would still apply.  */
| #ifdef __cplusplus
| extern "C"
| #endif
| char res_gethostbyname ();
| int
| main ()
| {
| return res_gethostbyname ();
|   ;
|   return 0;
| }
configure:5149: result: no
configure:5163: checking for clock_gettime
configure:5163: gcc -o conftest -g -O2 -DEI_64BIT   conftest.c -lnsl  >&5
configure:5163: $? = 0
configure:5163: result: yes
configure:5367: checking for mixed cygwin or msys and native VC++ environment
configure:5390: result: no
configure:5406: checking for mixed cygwin and native MinGW environment
configure:5422: result: no
configure:5431: checking if we mix cygwin with any native compiler
configure:5437: result: no
configure:5443: checking if we mix msys with another native compiler
configure:5449: result: no
configure:5471: checking for native win32 threads
configure:5481: result: no
configure:5489: checking for pthread_create in -lpthread
configure:5514: gcc -o conftest -g -O2 -DEI_64BIT   conftest.c -lpthread  -lnsl  >&5
configure:5514: $? = 0
configure:5523: result: yes
configure:5629: checking for getconf
configure:5645: found /usr/bin/getconf
configure:5657: result: getconf
configure:5811: checking for Native POSIX Thread Library
configure:5828: result: yes
configure:5838: checking nptl/pthread.h usability
configure:5838: gcc -c -g -O2 -DEI_64BIT  conftest.c >&5
conftest.c:102:10: fatal error: nptl/pthread.h: No such file or directory
  102 | #include <nptl/pthread.h>
      |          ^~~~~~~~~~~~~~~~
compilation terminated.
configure:5838: $? = 1
configure: failed program was:
| /* confdefs.h */
| #define PACKAGE_NAME ""
| #define PACKAGE_TARNAME ""
| #define PACKAGE_VERSION ""
| #define PACKAGE_STRING ""
| #define PACKAGE_BUGREPORT ""
| #define PACKAGE_URL ""
| #define STDC_HEADERS 1
| #define HAVE_SYS_TYPES_H 1
| #define HAVE_SYS_STAT_H 1
| #define HAVE_STDLIB_H 1
| #define HAVE_STRING_H 1
| #define HAVE_MEMORY_H 1
| #define HAVE_STRINGS_H 1
| #define HAVE_INTTYPES_H 1
| #define HAVE_STDINT_H 1
| #define HAVE_UNISTD_H 1
| #define SIZEOF_SHORT 2
| #define SIZEOF_INT 4
| #define SIZEOF_LONG 8
| #define SIZEOF_VOID_P 8
| #define SIZEOF_LONG_LONG 8
| #define EI_HIDE_REAL_ERRNO 1
| #define HAVE_UNALIGNED_WORD_ACCESS 1
| #define HAVE_LIBNSL 1
| #define STDC_HEADERS 1
| #define HAVE_SYS_WAIT_H 1
| #define HAVE_ARPA_INET_H 1
| #define HAVE_FCNTL_H 1
| #define HAVE_LIMITS_H 1
| #define HAVE_MALLOC_H 1
| #define HAVE_NETDB_H 1
| #define HAVE_NETINET_IN_H 1
| #define HAVE_STDDEF_H 1
| #define HAVE_STDLIB_H 1
| #define HAVE_STRING_H 1
| #define HAVE_SYS_PARAM_H 1
| #define HAVE_SYS_SOCKET_H 1
| #define HAVE_SYS_SELECT_H 1
| #define HAVE_SYS_TIME_H 1
| #define HAVE_UNISTD_H 1
| #define HAVE_SYS_TYPES_H 1
| #define HAVE_SYS_UIO_H 1
| #define TIME_WITH_SYS_TIME 1
| #define HAVE_SOCKLEN_T /**/
| #define HAVE_ALLOCA_H 1
| #define HAVE_ALLOCA 1
| #define HAVE_DUP2 1
| #define HAVE_GETHOSTBYADDR 1
| #define HAVE_GETHOSTBYNAME 1
| #define HAVE_GETHOSTBYADDR_R 1
| #define HAVE_GETHOSTBYNAME_R 1
| #define HAVE_GETHOSTNAME 1
| #define HAVE_WRITEV 1
| #define HAVE_GETTIMEOFDAY 1
| #define HAVE_INET_NTOA 1
| #define HAVE_MEMCHR 1
| #define HAVE_MEMMOVE 1
| #define HAVE_MEMSET 1
| #define HAVE_SELECT 1
| #define HAVE_SOCKET 1
| #define HAVE_STRCHR 1
| #define HAVE_STRERROR 1
| #define HAVE_STRRCHR 1
| #define HAVE_STRSTR 1
| #define HAVE_UNAME 1
| #define HAVE_SYSCONF 1
| /* end confdefs.h.  */
| #include <stdio.h>
| #ifdef HAVE_SYS_TYPES_H
| # include <sys/types.h>
| #endif
| #ifdef HAVE_SYS_STAT_H
| # include <sys/stat.h>
| #endif
| #ifdef STDC_HEADERS
| # include <stdlib.h>
| # include <stddef.h>
| #else
| # ifdef HAVE_STDLIB_H
| #  include <stdlib.h>
| # endif
| #endif
| #ifdef HAVE_STRING_H
| # if !defined STDC_HEADERS && defined HAVE_MEMORY_H
| #  include <memory.h>
| # endif
| # include <string.h>
| #endif
| #ifdef HAVE_STRINGS_H
| # include <strings.h>
| #endif
| #ifdef HAVE_INTTYPES_H
| # include <inttypes.h>
| #endif
| #ifdef HAVE_STDINT_H
| # include <stdint.h>
| #endif
| #ifdef HAVE_UNISTD_H
| # include <unistd.h>
| #endif
| #include <nptl/pthread.h>
configure:5838: result: no
configure:5838: checking nptl/pthread.h presence
configure:5838: gcc -E  conftest.c
conftest.c:69:10: fatal error: nptl/pthread.h: No such file or directory
   69 | #include <nptl/pthread.h>
      |          ^~~~~~~~~~~~~~~~
compilation terminated.
configure:5838: $? = 1
configure: failed program was:
| /* confdefs.h */
| #define PACKAGE_NAME ""
| #define PACKAGE_TARNAME ""
| #define PACKAGE_VERSION ""
| #define PACKAGE_STRING ""
| #define PACKAGE_BUGREPORT ""
| #define PACKAGE_URL ""
| #define STDC_HEADERS 1
| #define HAVE_SYS_TYPES_H 1
| #define HAVE_SYS_STAT_H 1
| #define HAVE_STDLIB_H 1
| #define HAVE_STRING_H 1
| #define HAVE_MEMORY_H 1
| #define HAVE_STRINGS_H 1
| #define HAVE_INTTYPES_H 1
| #define HAVE_STDINT_H 1
| #define HAVE_UNISTD_H 1
| #define SIZEOF_SHORT 2
| #define SIZEOF_INT 4
| #define SIZEOF_LONG 8
| #define SIZEOF_VOID_P 8
| #define SIZEOF_LONG_LONG 8
| #define EI_HIDE_REAL_ERRNO 1
| #define HAVE_UNALIGNED_WORD_ACCESS 1
| #define HAVE_LIBNSL 1
| #define STDC_HEADERS 1
| #define HAVE_SYS_WAIT_H 1
| #define HAVE_ARPA_INET_H 1
| #define HAVE_FCNTL_H 1
| #define HAVE_LIMITS_H 1
| #define HAVE_MALLOC_H 1
| #define HAVE_NETDB_H 1
| #define HAVE_NETINET_IN_H 1
| #define HAVE_STDDEF_H 1
| #define HAVE_STDLIB_H 1
| #define HAVE_STRING_H 1
| #define HAVE_SYS_PARAM_H 1
| #define HAVE_SYS_SOCKET_H 1
| #define HAVE_SYS_SELECT_H 1
| #define HAVE_SYS_TIME_H 1
| #define HAVE_UNISTD_H 1
| #define HAVE_SYS_TYPES_H 1
| #define HAVE_SYS_UIO_H 1
| #define TIME_WITH_SYS_TIME 1
| #define HAVE_SOCKLEN_T /**/
| #define HAVE_ALLOCA_H 1
| #define HAVE_ALLOCA 1
| #define HAVE_DUP2 1
| #define HAVE_GETHOSTBYADDR 1
| #define HAVE_GETHOSTBYNAME 1
| #define HAVE_GETHOSTBYADDR_R 1
| #define HAVE_GETHOSTBYNAME_R 1
| #define HAVE_GETHOSTNAME 1
| #define HAVE_WRITEV 1
| #define HAVE_GETTIMEOFDAY 1
| #define HAVE_INET_NTOA 1
| #define HAVE_MEMCHR 1
| #define HAVE_MEMMOVE 1
| #define HAVE_MEMSET 1
| #define HAVE_SELECT 1
| #define HAVE_SOCKET 1
| #define HAVE_STRCHR 1
| #define HAVE_STRERROR 1
| #define HAVE_STRRCHR 1
| #define HAVE_STRSTR 1
| #define HAVE_UNAME 1
| #define HAVE_SYSCONF 1
| /* end confdefs.h.  */
| #include <nptl/pthread.h>
configure:5838: result: no
configure:5838: checking for nptl/pthread.h
configure:5838: result: no
configure:5891: checking pthread.h usability
configure:5891: gcc -c -g -O2 -DEI_64BIT   -D_THREAD_SAFE -D_REENTRANT -DPOSIX_THREADS -D_POSIX_THREAD_SAFE_FUNCTIONS conftest.c >&5
configure:5891: $? = 0
configure:5891: result: yes
configure:5891: checking pthread.h presence
configure:5891: gcc -E   -D_THREAD_SAFE -D_REENTRANT -DPOSIX_THREADS -D_POSIX_THREAD_SAFE_FUNCTIONS conftest.c
configure:5891: $? = 0
configure:5891: result: yes
configure:5891: checking for pthread.h
configure:5891: result: yes
configure:5900: checking pthread/mit/pthread.h usability
configure:5900: gcc -c -g -O2 -DEI_64BIT   -D_THREAD_SAFE -D_REENTRANT -DPOSIX_THREADS -D_POSIX_THREAD_SAFE_FUNCTIONS conftest.c >&5
conftest.c:103:10: fatal error: pthread/mit/pthread.h: No such file or directory
  103 | #include <pthread/mit/pthread.h>
      |          ^~~~~~~~~~~~~~~~~~~~~~~
compilation terminated.
configure:5900: $? = 1
configure: failed program was:
| /* confdefs.h */
| #define PACKAGE_NAME ""
| #define PACKAGE_TARNAME ""
| #define PACKAGE_VERSION ""
| #define PACKAGE_STRING ""
| #define PACKAGE_BUGREPORT ""
| #define PACKAGE_URL ""
| #define STDC_HEADERS 1
| #define HAVE_SYS_TYPES_H 1
| #define HAVE_SYS_STAT_H 1
| #define HAVE_STDLIB_H 1
| #define HAVE_STRING_H 1
| #define HAVE_MEMORY_H 1
| #define HAVE_STRINGS_H 1
| #define HAVE_INTTYPES_H 1
| #define HAVE_STDINT_H 1
| #define HAVE_UNISTD_H 1
| #define SIZEOF_SHORT 2
| #define SIZEOF_INT 4
| #define SIZEOF_LONG 8
| #define SIZEOF_VOID_P 8
| #define SIZEOF_LONG_LONG 8
| #define EI_HIDE_REAL_ERRNO 1
| #define HAVE_UNALIGNED_WORD_ACCESS 1
| #define HAVE_LIBNSL 1
| #define STDC_HEADERS 1
| #define HAVE_SYS_WAIT_H 1
| #define HAVE_ARPA_INET_H 1
| #define HAVE_FCNTL_H 1
| #define HAVE_LIMITS_H 1
| #define HAVE_MALLOC_H 1
| #define HAVE_NETDB_H 1
| #define HAVE_NETINET_IN_H 1
| #define HAVE_STDDEF_H 1
| #define HAVE_STDLIB_H 1
| #define HAVE_STRING_H 1
| #define HAVE_SYS_PARAM_H 1
| #define HAVE_SYS_SOCKET_H 1
| #define HAVE_SYS_SELECT_H 1
| #define HAVE_SYS_TIME_H 1
| #define HAVE_UNISTD_H 1
| #define HAVE_SYS_TYPES_H 1
| #define HAVE_SYS_UIO_H 1
| #define TIME_WITH_SYS_TIME 1
| #define HAVE_SOCKLEN_T /**/
| #define HAVE_ALLOCA_H 1
| #define HAVE_ALLOCA 1
| #define HAVE_DUP2 1
| #define HAVE_GETHOSTBYADDR 1
| #define HAVE_GETHOSTBYNAME 1
| #define HAVE_GETHOSTBYADDR_R 1
| #define HAVE_GETHOSTBYNAME_R 1
| #define HAVE_GETHOSTNAME 1
| #define HAVE_WRITEV 1
| #define HAVE_GETTIMEOFDAY 1
| #define HAVE_INET_NTOA 1
| #define HAVE_MEMCHR 1
| #define HAVE_MEMMOVE 1
| #define HAVE_MEMSET 1
| #define HAVE_SELECT 1
| #define HAVE_SOCKET 1
| #define HAVE_STRCHR 1
| #define HAVE_STRERROR 1
| #define HAVE_STRRCHR 1
| #define HAVE_STRSTR 1
| #define HAVE_UNAME 1
| #define HAVE_SYSCONF 1
| #define HAVE_PTHREAD_H 1
| /* end confdefs.h.  */
| #include <stdio.h>
| #ifdef HAVE_SYS_TYPES_H
| # include <sys/types.h>
| #endif
| #ifdef HAVE_SYS_STAT_H
| # include <sys/stat.h>
| #endif
| #ifdef STDC_HEADERS
| # include <stdlib.h>
| # include <stddef.h>
| #else
| # ifdef HAVE_STDLIB_H
| #  include <stdlib.h>
| # endif
| #endif
| #ifdef HAVE_STRING_H
| # if !defined STDC_HEADERS && defined HAVE_MEMORY_H
| #  include <memory.h>
| # endif
| # include <string.h>
| #endif
| #ifdef HAVE_STRINGS_H
| # include <strings.h>
| #endif
| #ifdef HAVE_INTTYPES_H
| # include <inttypes.h>
| #endif
| #ifdef HAVE_STDINT_H
| # include <stdint.h>
| #endif
| #ifdef HAVE_UNISTD_H
| # include <unistd.h>
| #endif
| #include <pthread/mit/pthread.h>
configure:5900: result: no
configure:5900: checking pthread/mit/pthread.h presence
configure:5900: gcc -E   -D_THREAD_SAFE -D_REENTRANT -DPOSIX_THREADS -D_POSIX_THREAD_SAFE_FUNCTIONS conftest.c
conftest.c:70:10: fatal error: pthread/mit/pthread.h: No such file or directory
   70 | #include <pthread/mit/pthread.h>
      |          ^~~~~~~~~~~~~~~~~~~~~~~
compilation terminated.
configure:5900: $? = 1
configure: failed program was:
| /* confdefs.h */
| #define PACKAGE_NAME ""
| #define PACKAGE_TARNAME ""
| #define PACKAGE_VERSION ""
| #define PACKAGE_STRING ""
| #define PACKAGE_BUGREPORT ""
| #define PACKAGE_URL ""
| #define STDC_HEADERS 1
| #define HAVE_SYS_TYPES_H 1
| #define HAVE_SYS_STAT_H 1
| #define HAVE_STDLIB_H 1
| #define HAVE_STRING_H 1
| #define HAVE_MEMORY_H 1
| #define HAVE_STRINGS_H 1
| #define HAVE_INTTYPES_H 1
| #define HAVE_STDINT_H 1
| #define HAVE_UNISTD_H 1
| #define SIZEOF_SHORT 2
| #define SIZEOF_INT 4
| #define SIZEOF_LONG 8
| #define SIZEOF_VOID_P 8
| #define SIZEOF_LONG_LONG 8
| #define EI_HIDE_REAL_ERRNO 1
| #define HAVE_UNALIGNED_WORD_ACCESS 1
| #define HAVE_LIBNSL 1
| #define STDC_HEADERS 1
| #define HAVE_SYS_WAIT_H 1
| #define HAVE_ARPA_INET_H 1
| #define HAVE_FCNTL_H 1
| #define HAVE_LIMITS_H 1
| #define HAVE_MALLOC_H 1
| #define HAVE_NETDB_H 1
| #define HAVE_NETINET_IN_H 1
| #define HAVE_STDDEF_H 1
| #define HAVE_STDLIB_H 1
| #define HAVE_STRING_H 1
| #define HAVE_SYS_PARAM_H 1
| #define HAVE_SYS_SOCKET_H 1
| #define HAVE_SYS_SELECT_H 1
| #define HAVE_SYS_TIME_H 1
| #define HAVE_UNISTD_H 1
| #define HAVE_SYS_TYPES_H 1
| #define HAVE_SYS_UIO_H 1
| #define TIME_WITH_SYS_TIME 1
| #define HAVE_SOCKLEN_T /**/
| #define HAVE_ALLOCA_H 1
| #define HAVE_ALLOCA 1
| #define HAVE_DUP2 1
| #define HAVE_GETHOSTBYADDR 1
| #define HAVE_GETHOSTBYNAME 1
| #define HAVE_GETHOSTBYADDR_R 1
| #define HAVE_GETHOSTBYNAME_R 1
| #define HAVE_GETHOSTNAME 1
| #define HAVE_WRITEV 1
| #define HAVE_GETTIMEOFDAY 1
| #define HAVE_INET_NTOA 1
| #define HAVE_MEMCHR 1
| #define HAVE_MEMMOVE 1
| #define HAVE_MEMSET 1
| #define HAVE_SELECT 1
| #define HAVE_SOCKET 1
| #define HAVE_STRCHR 1
| #define HAVE_STRERROR 1
| #define HAVE_STRRCHR 1
| #define HAVE_STRSTR 1
| #define HAVE_UNAME 1
| #define HAVE_SYSCONF 1
| #define HAVE_PTHREAD_H 1
| /* end confdefs.h.  */
| #include <pthread/mit/pthread.h>
configure:5900: result: no
configure:5900: checking for pthread/mit/pthread.h
configure:5900: result: no
configure:5921: checking size of short
configure:5940: result: 2
configure:5954: checking size of int
configure:5973: result: 4
configure:5987: checking size of long
configure:6006: result: 8
configure:6020: checking size of long long
configure:6039: result: 8
configure:6053: checking size of __int128_t
configure:6058: gcc -o conftest -g -O2 -DEI_64BIT   conftest.c -lnsl  >&5
configure:6058: $? = 0
configure:6058: ./conftest
configure:6058: $? = 0
configure:6072: result: 16
configure:6108: checking for a working __sync_synchronize()
configure:6126: gcc -o conftest -g -O2 -DEI_64BIT   conftest.c -lnsl  >&5
configure:6126: $? = 0
configure:6174: result: yes
configure:6224: checking for 32-bit __sync_add_and_fetch()
configure:6242: gcc -o conftest -g -O2 -DEI_64BIT   conftest.c -lnsl  >&5
configure:6242: $? = 0
configure:6249: result: yes
configure:6251: checking for 64-bit __sync_add_and_fetch()
configure:6269: gcc -o conftest -g -O2 -DEI_64BIT   conftest.c -lnsl  >&5
configure:6269: $? = 0
configure:6276: result: yes
configure:6278: checking for 128-bit __sync_add_and_fetch()
configure:6296: gcc -o conftest -g -O2 -DEI_64BIT   conftest.c -lnsl  >&5
/usr/bin/ld: /tmp/cc6LAULc.o: in function `main':
/home/adityau/.kerl/builds/22.0/otp_src_22.0/lib/erl_interface/conftest.c:80: undefined reference to `__sync_add_and_fetch_16'
collect2: error: ld returned 1 exit status
configure:6296: $? = 1
configure: failed program was:
| /* confdefs.h */
| #define PACKAGE_NAME ""
| #define PACKAGE_TARNAME ""
| #define PACKAGE_VERSION ""
| #define PACKAGE_STRING ""
| #define PACKAGE_BUGREPORT ""
| #define PACKAGE_URL ""
| #define STDC_HEADERS 1
| #define HAVE_SYS_TYPES_H 1
| #define HAVE_SYS_STAT_H 1
| #define HAVE_STDLIB_H 1
| #define HAVE_STRING_H 1
| #define HAVE_MEMORY_H 1
| #define HAVE_STRINGS_H 1
| #define HAVE_INTTYPES_H 1
| #define HAVE_STDINT_H 1
| #define HAVE_UNISTD_H 1
| #define SIZEOF_SHORT 2
| #define SIZEOF_INT 4
| #define SIZEOF_LONG 8
| #define SIZEOF_VOID_P 8
| #define SIZEOF_LONG_LONG 8
| #define EI_HIDE_REAL_ERRNO 1
| #define HAVE_UNALIGNED_WORD_ACCESS 1
| #define HAVE_LIBNSL 1
| #define STDC_HEADERS 1
| #define HAVE_SYS_WAIT_H 1
| #define HAVE_ARPA_INET_H 1
| #define HAVE_FCNTL_H 1
| #define HAVE_LIMITS_H 1
| #define HAVE_MALLOC_H 1
| #define HAVE_NETDB_H 1
| #define HAVE_NETINET_IN_H 1
| #define HAVE_STDDEF_H 1
| #define HAVE_STDLIB_H 1
| #define HAVE_STRING_H 1
| #define HAVE_SYS_PARAM_H 1
| #define HAVE_SYS_SOCKET_H 1
| #define HAVE_SYS_SELECT_H 1
| #define HAVE_SYS_TIME_H 1
| #define HAVE_UNISTD_H 1
| #define HAVE_SYS_TYPES_H 1
| #define HAVE_SYS_UIO_H 1
| #define TIME_WITH_SYS_TIME 1
| #define HAVE_SOCKLEN_T /**/
| #define HAVE_ALLOCA_H 1
| #define HAVE_ALLOCA 1
| #define HAVE_DUP2 1
| #define HAVE_GETHOSTBYADDR 1
| #define HAVE_GETHOSTBYNAME 1
| #define HAVE_GETHOSTBYADDR_R 1
| #define HAVE_GETHOSTBYNAME_R 1
| #define HAVE_GETHOSTNAME 1
| #define HAVE_WRITEV 1
| #define HAVE_GETTIMEOFDAY 1
| #define HAVE_INET_NTOA 1
| #define HAVE_MEMCHR 1
| #define HAVE_MEMMOVE 1
| #define HAVE_MEMSET 1
| #define HAVE_SELECT 1
| #define HAVE_SOCKET 1
| #define HAVE_STRCHR 1
| #define HAVE_STRERROR 1
| #define HAVE_STRRCHR 1
| #define HAVE_STRSTR 1
| #define HAVE_UNAME 1
| #define HAVE_SYSCONF 1
| #define HAVE_PTHREAD_H 1
| #define SIZEOF_SHORT 2
| #define SIZEOF_INT 4
| #define SIZEOF_LONG 8
| #define SIZEOF_LONG_LONG 8
| #define SIZEOF___INT128_T 16
| #define ETHR_HAVE___sync_synchronize ~0
| /* end confdefs.h.  */
| 
| int
| main ()
| {
| volatile __int128_t var; __int128_t res = __sync_add_and_fetch(&var, (__int128_t) 0);
|   ;
|   return 0;
| }
configure:6303: result: no
configure:6366: checking for 32-bit __sync_fetch_and_and()
configure:6384: gcc -o conftest -g -O2 -DEI_64BIT   conftest.c -lnsl  >&5
configure:6384: $? = 0
configure:6391: result: yes
configure:6393: checking for 64-bit __sync_fetch_and_and()
configure:6411: gcc -o conftest -g -O2 -DEI_64BIT   conftest.c -lnsl  >&5
configure:6411: $? = 0
configure:6418: result: yes
configure:6420: checking for 128-bit __sync_fetch_and_and()
configure:6438: gcc -o conftest -g -O2 -DEI_64BIT   conftest.c -lnsl  >&5
/usr/bin/ld: /tmp/ccnNjE8r.o: in function `main':
/home/adityau/.kerl/builds/22.0/otp_src_22.0/lib/erl_interface/conftest.c:81: undefined reference to `__sync_fetch_and_and_16'
collect2: error: ld returned 1 exit status
configure:6438: $? = 1
configure: failed program was:
| /* confdefs.h */
| #define PACKAGE_NAME ""
| #define PACKAGE_TARNAME ""
| #define PACKAGE_VERSION ""
| #define PACKAGE_STRING ""
| #define PACKAGE_BUGREPORT ""
| #define PACKAGE_URL ""
| #define STDC_HEADERS 1
| #define HAVE_SYS_TYPES_H 1
| #define HAVE_SYS_STAT_H 1
| #define HAVE_STDLIB_H 1
| #define HAVE_STRING_H 1
| #define HAVE_MEMORY_H 1
| #define HAVE_STRINGS_H 1
| #define HAVE_INTTYPES_H 1
| #define HAVE_STDINT_H 1
| #define HAVE_UNISTD_H 1
| #define SIZEOF_SHORT 2
| #define SIZEOF_INT 4
| #define SIZEOF_LONG 8
| #define SIZEOF_VOID_P 8
| #define SIZEOF_LONG_LONG 8
| #define EI_HIDE_REAL_ERRNO 1
| #define HAVE_UNALIGNED_WORD_ACCESS 1
| #define HAVE_LIBNSL 1
| #define STDC_HEADERS 1
| #define HAVE_SYS_WAIT_H 1
| #define HAVE_ARPA_INET_H 1
| #define HAVE_FCNTL_H 1
| #define HAVE_LIMITS_H 1
| #define HAVE_MALLOC_H 1
| #define HAVE_NETDB_H 1
| #define HAVE_NETINET_IN_H 1
| #define HAVE_STDDEF_H 1
| #define HAVE_STDLIB_H 1
| #define HAVE_STRING_H 1
| #define HAVE_SYS_PARAM_H 1
| #define HAVE_SYS_SOCKET_H 1
| #define HAVE_SYS_SELECT_H 1
| #define HAVE_SYS_TIME_H 1
| #define HAVE_UNISTD_H 1
| #define HAVE_SYS_TYPES_H 1
| #define HAVE_SYS_UIO_H 1
| #define TIME_WITH_SYS_TIME 1
| #define HAVE_SOCKLEN_T /**/
| #define HAVE_ALLOCA_H 1
| #define HAVE_ALLOCA 1
| #define HAVE_DUP2 1
| #define HAVE_GETHOSTBYADDR 1
| #define HAVE_GETHOSTBYNAME 1
| #define HAVE_GETHOSTBYADDR_R 1
| #define HAVE_GETHOSTBYNAME_R 1
| #define HAVE_GETHOSTNAME 1
| #define HAVE_WRITEV 1
| #define HAVE_GETTIMEOFDAY 1
| #define HAVE_INET_NTOA 1
| #define HAVE_MEMCHR 1
| #define HAVE_MEMMOVE 1
| #define HAVE_MEMSET 1
| #define HAVE_SELECT 1
| #define HAVE_SOCKET 1
| #define HAVE_STRCHR 1
| #define HAVE_STRERROR 1
| #define HAVE_STRRCHR 1
| #define HAVE_STRSTR 1
| #define HAVE_UNAME 1
| #define HAVE_SYSCONF 1
| #define HAVE_PTHREAD_H 1
| #define SIZEOF_SHORT 2
| #define SIZEOF_INT 4
| #define SIZEOF_LONG 8
| #define SIZEOF_LONG_LONG 8
| #define SIZEOF___INT128_T 16
| #define ETHR_HAVE___sync_synchronize ~0
| #define ETHR_HAVE___sync_add_and_fetch 12
| /* end confdefs.h.  */
| 
| int
| main ()
| {
| volatile __int128_t var; __int128_t res = __sync_fetch_and_and(&var, (__int128_t) 0);
|   ;
|   return 0;
| }
configure:6445: result: no
configure:6508: checking for 32-bit __sync_fetch_and_or()
configure:6526: gcc -o conftest -g -O2 -DEI_64BIT   conftest.c -lnsl  >&5
configure:6526: $? = 0
configure:6533: result: yes
configure:6535: checking for 64-bit __sync_fetch_and_or()
configure:6553: gcc -o conftest -g -O2 -DEI_64BIT   conftest.c -lnsl  >&5
configure:6553: $? = 0
configure:6560: result: yes
configure:6562: checking for 128-bit __sync_fetch_and_or()
configure:6580: gcc -o conftest -g -O2 -DEI_64BIT   conftest.c -lnsl  >&5
/usr/bin/ld: /tmp/ccxMeXWH.o: in function `main':
/home/adityau/.kerl/builds/22.0/otp_src_22.0/lib/erl_interface/conftest.c:82: undefined reference to `__sync_fetch_and_or_16'
collect2: error: ld returned 1 exit status
configure:6580: $? = 1
configure: failed program was:
| /* confdefs.h */
| #define PACKAGE_NAME ""
| #define PACKAGE_TARNAME ""
| #define PACKAGE_VERSION ""
| #define PACKAGE_STRING ""
| #define PACKAGE_BUGREPORT ""
| #define PACKAGE_URL ""
| #define STDC_HEADERS 1
| #define HAVE_SYS_TYPES_H 1
| #define HAVE_SYS_STAT_H 1
| #define HAVE_STDLIB_H 1
| #define HAVE_STRING_H 1
| #define HAVE_MEMORY_H 1
| #define HAVE_STRINGS_H 1
| #define HAVE_INTTYPES_H 1
| #define HAVE_STDINT_H 1
| #define HAVE_UNISTD_H 1
| #define SIZEOF_SHORT 2
| #define SIZEOF_INT 4
| #define SIZEOF_LONG 8
| #define SIZEOF_VOID_P 8
| #define SIZEOF_LONG_LONG 8
| #define EI_HIDE_REAL_ERRNO 1
| #define HAVE_UNALIGNED_WORD_ACCESS 1
| #define HAVE_LIBNSL 1
| #define STDC_HEADERS 1
| #define HAVE_SYS_WAIT_H 1
| #define HAVE_ARPA_INET_H 1
| #define HAVE_FCNTL_H 1
| #define HAVE_LIMITS_H 1
| #define HAVE_MALLOC_H 1
| #define HAVE_NETDB_H 1
| #define HAVE_NETINET_IN_H 1
| #define HAVE_STDDEF_H 1
| #define HAVE_STDLIB_H 1
| #define HAVE_STRING_H 1
| #define HAVE_SYS_PARAM_H 1
| #define HAVE_SYS_SOCKET_H 1
| #define HAVE_SYS_SELECT_H 1
| #define HAVE_SYS_TIME_H 1
| #define HAVE_UNISTD_H 1
| #define HAVE_SYS_TYPES_H 1
| #define HAVE_SYS_UIO_H 1
| #define TIME_WITH_SYS_TIME 1
| #define HAVE_SOCKLEN_T /**/
| #define HAVE_ALLOCA_H 1
| #define HAVE_ALLOCA 1
| #define HAVE_DUP2 1
| #define HAVE_GETHOSTBYADDR 1
| #define HAVE_GETHOSTBYNAME 1
| #define HAVE_GETHOSTBYADDR_R 1
| #define HAVE_GETHOSTBYNAME_R 1
| #define HAVE_GETHOSTNAME 1
| #define HAVE_WRITEV 1
| #define HAVE_GETTIMEOFDAY 1
| #define HAVE_INET_NTOA 1
| #define HAVE_MEMCHR 1
| #define HAVE_MEMMOVE 1
| #define HAVE_MEMSET 1
| #define HAVE_SELECT 1
| #define HAVE_SOCKET 1
| #define HAVE_STRCHR 1
| #define HAVE_STRERROR 1
| #define HAVE_STRRCHR 1
| #define HAVE_STRSTR 1
| #define HAVE_UNAME 1
| #define HAVE_SYSCONF 1
| #define HAVE_PTHREAD_H 1
| #define SIZEOF_SHORT 2
| #define SIZEOF_INT 4
| #define SIZEOF_LONG 8
| #define SIZEOF_LONG_LONG 8
| #define SIZEOF___INT128_T 16
| #define ETHR_HAVE___sync_synchronize ~0
| #define ETHR_HAVE___sync_add_and_fetch 12
| #define ETHR_HAVE___sync_fetch_and_and 12
| /* end confdefs.h.  */
| 
| int
| main ()
| {
| volatile __int128_t var; __int128_t res = __sync_fetch_and_or(&var, (__int128_t) 0);
|   ;
|   return 0;
| }
configure:6587: result: no
configure:6650: checking for 32-bit __sync_val_compare_and_swap()
configure:6668: gcc -o conftest -g -O2 -DEI_64BIT   conftest.c -lnsl  >&5
configure:6668: $? = 0
configure:6675: result: yes
configure:6677: checking for 64-bit __sync_val_compare_and_swap()
configure:6695: gcc -o conftest -g -O2 -DEI_64BIT   conftest.c -lnsl  >&5
configure:6695: $? = 0
configure:6702: result: yes
configure:6704: checking for 128-bit __sync_val_compare_and_swap()
configure:6722: gcc -o conftest -g -O2 -DEI_64BIT   conftest.c -lnsl  >&5
/usr/bin/ld: /tmp/ccWzSvjX.o: in function `main':
/home/adityau/.kerl/builds/22.0/otp_src_22.0/lib/erl_interface/conftest.c:83: undefined reference to `__sync_val_compare_and_swap_16'
collect2: error: ld returned 1 exit status
configure:6722: $? = 1
configure: failed program was:
| /* confdefs.h */
| #define PACKAGE_NAME ""
| #define PACKAGE_TARNAME ""
| #define PACKAGE_VERSION ""
| #define PACKAGE_STRING ""
| #define PACKAGE_BUGREPORT ""
| #define PACKAGE_URL ""
| #define STDC_HEADERS 1
| #define HAVE_SYS_TYPES_H 1
| #define HAVE_SYS_STAT_H 1
| #define HAVE_STDLIB_H 1
| #define HAVE_STRING_H 1
| #define HAVE_MEMORY_H 1
| #define HAVE_STRINGS_H 1
| #define HAVE_INTTYPES_H 1
| #define HAVE_STDINT_H 1
| #define HAVE_UNISTD_H 1
| #define SIZEOF_SHORT 2
| #define SIZEOF_INT 4
| #define SIZEOF_LONG 8
| #define SIZEOF_VOID_P 8
| #define SIZEOF_LONG_LONG 8
| #define EI_HIDE_REAL_ERRNO 1
| #define HAVE_UNALIGNED_WORD_ACCESS 1
| #define HAVE_LIBNSL 1
| #define STDC_HEADERS 1
| #define HAVE_SYS_WAIT_H 1
| #define HAVE_ARPA_INET_H 1
| #define HAVE_FCNTL_H 1
| #define HAVE_LIMITS_H 1
| #define HAVE_MALLOC_H 1
| #define HAVE_NETDB_H 1
| #define HAVE_NETINET_IN_H 1
| #define HAVE_STDDEF_H 1
| #define HAVE_STDLIB_H 1
| #define HAVE_STRING_H 1
| #define HAVE_SYS_PARAM_H 1
| #define HAVE_SYS_SOCKET_H 1
| #define HAVE_SYS_SELECT_H 1
| #define HAVE_SYS_TIME_H 1
| #define HAVE_UNISTD_H 1
| #define HAVE_SYS_TYPES_H 1
| #define HAVE_SYS_UIO_H 1
| #define TIME_WITH_SYS_TIME 1
| #define HAVE_SOCKLEN_T /**/
| #define HAVE_ALLOCA_H 1
| #define HAVE_ALLOCA 1
| #define HAVE_DUP2 1
| #define HAVE_GETHOSTBYADDR 1
| #define HAVE_GETHOSTBYNAME 1
| #define HAVE_GETHOSTBYADDR_R 1
| #define HAVE_GETHOSTBYNAME_R 1
| #define HAVE_GETHOSTNAME 1
| #define HAVE_WRITEV 1
| #define HAVE_GETTIMEOFDAY 1
| #define HAVE_INET_NTOA 1
| #define HAVE_MEMCHR 1
| #define HAVE_MEMMOVE 1
| #define HAVE_MEMSET 1
| #define HAVE_SELECT 1
| #define HAVE_SOCKET 1
| #define HAVE_STRCHR 1
| #define HAVE_STRERROR 1
| #define HAVE_STRRCHR 1
| #define HAVE_STRSTR 1
| #define HAVE_UNAME 1
| #define HAVE_SYSCONF 1
| #define HAVE_PTHREAD_H 1
| #define SIZEOF_SHORT 2
| #define SIZEOF_INT 4
| #define SIZEOF_LONG 8
| #define SIZEOF_LONG_LONG 8
| #define SIZEOF___INT128_T 16
| #define ETHR_HAVE___sync_synchronize ~0
| #define ETHR_HAVE___sync_add_and_fetch 12
| #define ETHR_HAVE___sync_fetch_and_and 12
| #define ETHR_HAVE___sync_fetch_and_or 12
| /* end confdefs.h.  */
| 
| int
| main ()
| {
| volatile __int128_t var; __int128_t res = __sync_val_compare_and_swap(&var, (__int128_t) 0, (__int128_t) 0);
|   ;
|   return 0;
| }
configure:6729: result: no
configure:6793: checking for 32-bit __atomic_store_n()
configure:6811: gcc -o conftest -g -O2 -DEI_64BIT   conftest.c -lnsl  >&5
configure:6811: $? = 0
configure:6818: result: yes
configure:6820: checking for 64-bit __atomic_store_n()
configure:6838: gcc -o conftest -g -O2 -DEI_64BIT   conftest.c -lnsl  >&5
configure:6838: $? = 0
configure:6845: result: yes
configure:6847: checking for 128-bit __atomic_store_n()
configure:6865: gcc -o conftest -g -O2 -DEI_64BIT   conftest.c -lnsl  >&5
/usr/bin/ld: /tmp/ccPqtexj.o: in function `main':
/home/adityau/.kerl/builds/22.0/otp_src_22.0/lib/erl_interface/conftest.c:84: undefined reference to `__atomic_store_16'
/usr/bin/ld: /home/adityau/.kerl/builds/22.0/otp_src_22.0/lib/erl_interface/conftest.c:84: undefined reference to `__atomic_store_16'
collect2: error: ld returned 1 exit status
configure:6865: $? = 1
configure: failed program was:
| /* confdefs.h */
| #define PACKAGE_NAME ""
| #define PACKAGE_TARNAME ""
| #define PACKAGE_VERSION ""
| #define PACKAGE_STRING ""
| #define PACKAGE_BUGREPORT ""
| #define PACKAGE_URL ""
| #define STDC_HEADERS 1
| #define HAVE_SYS_TYPES_H 1
| #define HAVE_SYS_STAT_H 1
| #define HAVE_STDLIB_H 1
| #define HAVE_STRING_H 1
| #define HAVE_MEMORY_H 1
| #define HAVE_STRINGS_H 1
| #define HAVE_INTTYPES_H 1
| #define HAVE_STDINT_H 1
| #define HAVE_UNISTD_H 1
| #define SIZEOF_SHORT 2
| #define SIZEOF_INT 4
| #define SIZEOF_LONG 8
| #define SIZEOF_VOID_P 8
| #define SIZEOF_LONG_LONG 8
| #define EI_HIDE_REAL_ERRNO 1
| #define HAVE_UNALIGNED_WORD_ACCESS 1
| #define HAVE_LIBNSL 1
| #define STDC_HEADERS 1
| #define HAVE_SYS_WAIT_H 1
| #define HAVE_ARPA_INET_H 1
| #define HAVE_FCNTL_H 1
| #define HAVE_LIMITS_H 1
| #define HAVE_MALLOC_H 1
| #define HAVE_NETDB_H 1
| #define HAVE_NETINET_IN_H 1
| #define HAVE_STDDEF_H 1
| #define HAVE_STDLIB_H 1
| #define HAVE_STRING_H 1
| #define HAVE_SYS_PARAM_H 1
| #define HAVE_SYS_SOCKET_H 1
| #define HAVE_SYS_SELECT_H 1
| #define HAVE_SYS_TIME_H 1
| #define HAVE_UNISTD_H 1
| #define HAVE_SYS_TYPES_H 1
| #define HAVE_SYS_UIO_H 1
| #define TIME_WITH_SYS_TIME 1
| #define HAVE_SOCKLEN_T /**/
| #define HAVE_ALLOCA_H 1
| #define HAVE_ALLOCA 1
| #define HAVE_DUP2 1
| #define HAVE_GETHOSTBYADDR 1
| #define HAVE_GETHOSTBYNAME 1
| #define HAVE_GETHOSTBYADDR_R 1
| #define HAVE_GETHOSTBYNAME_R 1
| #define HAVE_GETHOSTNAME 1
| #define HAVE_WRITEV 1
| #define HAVE_GETTIMEOFDAY 1
| #define HAVE_INET_NTOA 1
| #define HAVE_MEMCHR 1
| #define HAVE_MEMMOVE 1
| #define HAVE_MEMSET 1
| #define HAVE_SELECT 1
| #define HAVE_SOCKET 1
| #define HAVE_STRCHR 1
| #define HAVE_STRERROR 1
| #define HAVE_STRRCHR 1
| #define HAVE_STRSTR 1
| #define HAVE_UNAME 1
| #define HAVE_SYSCONF 1
| #define HAVE_PTHREAD_H 1
| #define SIZEOF_SHORT 2
| #define SIZEOF_INT 4
| #define SIZEOF_LONG 8
| #define SIZEOF_LONG_LONG 8
| #define SIZEOF___INT128_T 16
| #define ETHR_HAVE___sync_synchronize ~0
| #define ETHR_HAVE___sync_add_and_fetch 12
| #define ETHR_HAVE___sync_fetch_and_and 12
| #define ETHR_HAVE___sync_fetch_and_or 12
| #define ETHR_HAVE___sync_val_compare_and_swap 12
| /* end confdefs.h.  */
| 
| int
| main ()
| {
| int x[(2*__atomic_always_lock_free(sizeof(__int128_t), 0))-1]; volatile __int128_t var; __atomic_store_n(&var, (__int128_t) 0, __ATOMIC_RELAXED); __atomic_store_n(&var, (__int128_t) 0, __ATOMIC_RELEASE);
|   ;
|   return 0;
| }
configure:6872: result: no
configure:6935: checking for 32-bit __atomic_load_n()
configure:6953: gcc -o conftest -g -O2 -DEI_64BIT   conftest.c -lnsl  >&5
configure:6953: $? = 0
configure:6960: result: yes
configure:6962: checking for 64-bit __atomic_load_n()
configure:6980: gcc -o conftest -g -O2 -DEI_64BIT   conftest.c -lnsl  >&5
configure:6980: $? = 0
configure:6987: result: yes
configure:6989: checking for 128-bit __atomic_load_n()
configure:7007: gcc -o conftest -g -O2 -DEI_64BIT   conftest.c -lnsl  >&5
/usr/bin/ld: /tmp/ccER8KGA.o: in function `main':
/home/adityau/.kerl/builds/22.0/otp_src_22.0/lib/erl_interface/conftest.c:85: undefined reference to `__atomic_load_16'
/usr/bin/ld: /home/adityau/.kerl/builds/22.0/otp_src_22.0/lib/erl_interface/conftest.c:85: undefined reference to `__atomic_load_16'
collect2: error: ld returned 1 exit status
configure:7007: $? = 1
configure: failed program was:
| /* confdefs.h */
| #define PACKAGE_NAME ""
| #define PACKAGE_TARNAME ""
| #define PACKAGE_VERSION ""
| #define PACKAGE_STRING ""
| #define PACKAGE_BUGREPORT ""
| #define PACKAGE_URL ""
| #define STDC_HEADERS 1
| #define HAVE_SYS_TYPES_H 1
| #define HAVE_SYS_STAT_H 1
| #define HAVE_STDLIB_H 1
| #define HAVE_STRING_H 1
| #define HAVE_MEMORY_H 1
| #define HAVE_STRINGS_H 1
| #define HAVE_INTTYPES_H 1
| #define HAVE_STDINT_H 1
| #define HAVE_UNISTD_H 1
| #define SIZEOF_SHORT 2
| #define SIZEOF_INT 4
| #define SIZEOF_LONG 8
| #define SIZEOF_VOID_P 8
| #define SIZEOF_LONG_LONG 8
| #define EI_HIDE_REAL_ERRNO 1
| #define HAVE_UNALIGNED_WORD_ACCESS 1
| #define HAVE_LIBNSL 1
| #define STDC_HEADERS 1
| #define HAVE_SYS_WAIT_H 1
| #define HAVE_ARPA_INET_H 1
| #define HAVE_FCNTL_H 1
| #define HAVE_LIMITS_H 1
| #define HAVE_MALLOC_H 1
| #define HAVE_NETDB_H 1
| #define HAVE_NETINET_IN_H 1
| #define HAVE_STDDEF_H 1
| #define HAVE_STDLIB_H 1
| #define HAVE_STRING_H 1
| #define HAVE_SYS_PARAM_H 1
| #define HAVE_SYS_SOCKET_H 1
| #define HAVE_SYS_SELECT_H 1
| #define HAVE_SYS_TIME_H 1
| #define HAVE_UNISTD_H 1
| #define HAVE_SYS_TYPES_H 1
| #define HAVE_SYS_UIO_H 1
| #define TIME_WITH_SYS_TIME 1
| #define HAVE_SOCKLEN_T /**/
| #define HAVE_ALLOCA_H 1
| #define HAVE_ALLOCA 1
| #define HAVE_DUP2 1
| #define HAVE_GETHOSTBYADDR 1
| #define HAVE_GETHOSTBYNAME 1
| #define HAVE_GETHOSTBYADDR_R 1
| #define HAVE_GETHOSTBYNAME_R 1
| #define HAVE_GETHOSTNAME 1
| #define HAVE_WRITEV 1
| #define HAVE_GETTIMEOFDAY 1
| #define HAVE_INET_NTOA 1
| #define HAVE_MEMCHR 1
| #define HAVE_MEMMOVE 1
| #define HAVE_MEMSET 1
| #define HAVE_SELECT 1
| #define HAVE_SOCKET 1
| #define HAVE_STRCHR 1
| #define HAVE_STRERROR 1
| #define HAVE_STRRCHR 1
| #define HAVE_STRSTR 1
| #define HAVE_UNAME 1
| #define HAVE_SYSCONF 1
| #define HAVE_PTHREAD_H 1
| #define SIZEOF_SHORT 2
| #define SIZEOF_INT 4
| #define SIZEOF_LONG 8
| #define SIZEOF_LONG_LONG 8
| #define SIZEOF___INT128_T 16
| #define ETHR_HAVE___sync_synchronize ~0
| #define ETHR_HAVE___sync_add_and_fetch 12
| #define ETHR_HAVE___sync_fetch_and_and 12
| #define ETHR_HAVE___sync_fetch_and_or 12
| #define ETHR_HAVE___sync_val_compare_and_swap 12
| #define ETHR_HAVE___atomic_store_n 12
| /* end confdefs.h.  */
| 
| int
| main ()
| {
| int x[(2*__atomic_always_lock_free(sizeof(__int128_t), 0))-1]; volatile __int128_t var; __int128_t res = __atomic_load_n(&var, __ATOMIC_RELAXED); res = __atomic_load_n(&var, __ATOMIC_ACQUIRE);
|   ;
|   return 0;
| }
configure:7014: result: no
configure:7077: checking for 32-bit __atomic_add_fetch()
configure:7095: gcc -o conftest -g -O2 -DEI_64BIT   conftest.c -lnsl  >&5
configure:7095: $? = 0
configure:7102: result: yes
configure:7104: checking for 64-bit __atomic_add_fetch()
configure:7122: gcc -o conftest -g -O2 -DEI_64BIT   conftest.c -lnsl  >&5
configure:7122: $? = 0
configure:7129: result: yes
configure:7131: checking for 128-bit __atomic_add_fetch()
configure:7149: gcc -o conftest -g -O2 -DEI_64BIT   conftest.c -lnsl  >&5
/usr/bin/ld: /tmp/ccAi72fU.o: in function `main':
/home/adityau/.kerl/builds/22.0/otp_src_22.0/lib/erl_interface/conftest.c:86: undefined reference to `__atomic_fetch_add_16'
/usr/bin/ld: /home/adityau/.kerl/builds/22.0/otp_src_22.0/lib/erl_interface/conftest.c:86: undefined reference to `__atomic_fetch_add_16'
/usr/bin/ld: /home/adityau/.kerl/builds/22.0/otp_src_22.0/lib/erl_interface/conftest.c:86: undefined reference to `__atomic_fetch_add_16'
collect2: error: ld returned 1 exit status
configure:7149: $? = 1
configure: failed program was:
| /* confdefs.h */
| #define PACKAGE_NAME ""
| #define PACKAGE_TARNAME ""
| #define PACKAGE_VERSION ""
| #define PACKAGE_STRING ""
| #define PACKAGE_BUGREPORT ""
| #define PACKAGE_URL ""
| #define STDC_HEADERS 1
| #define HAVE_SYS_TYPES_H 1
| #define HAVE_SYS_STAT_H 1
| #define HAVE_STDLIB_H 1
| #define HAVE_STRING_H 1
| #define HAVE_MEMORY_H 1
| #define HAVE_STRINGS_H 1
| #define HAVE_INTTYPES_H 1
| #define HAVE_STDINT_H 1
| #define HAVE_UNISTD_H 1
| #define SIZEOF_SHORT 2
| #define SIZEOF_INT 4
| #define SIZEOF_LONG 8
| #define SIZEOF_VOID_P 8
| #define SIZEOF_LONG_LONG 8
| #define EI_HIDE_REAL_ERRNO 1
| #define HAVE_UNALIGNED_WORD_ACCESS 1
| #define HAVE_LIBNSL 1
| #define STDC_HEADERS 1
| #define HAVE_SYS_WAIT_H 1
| #define HAVE_ARPA_INET_H 1
| #define HAVE_FCNTL_H 1
| #define HAVE_LIMITS_H 1
| #define HAVE_MALLOC_H 1
| #define HAVE_NETDB_H 1
| #define HAVE_NETINET_IN_H 1
| #define HAVE_STDDEF_H 1
| #define HAVE_STDLIB_H 1
| #define HAVE_STRING_H 1
| #define HAVE_SYS_PARAM_H 1
| #define HAVE_SYS_SOCKET_H 1
| #define HAVE_SYS_SELECT_H 1
| #define HAVE_SYS_TIME_H 1
| #define HAVE_UNISTD_H 1
| #define HAVE_SYS_TYPES_H 1
| #define HAVE_SYS_UIO_H 1
| #define TIME_WITH_SYS_TIME 1
| #define HAVE_SOCKLEN_T /**/
| #define HAVE_ALLOCA_H 1
| #define HAVE_ALLOCA 1
| #define HAVE_DUP2 1
| #define HAVE_GETHOSTBYADDR 1
| #define HAVE_GETHOSTBYNAME 1
| #define HAVE_GETHOSTBYADDR_R 1
| #define HAVE_GETHOSTBYNAME_R 1
| #define HAVE_GETHOSTNAME 1
| #define HAVE_WRITEV 1
| #define HAVE_GETTIMEOFDAY 1
| #define HAVE_INET_NTOA 1
| #define HAVE_MEMCHR 1
| #define HAVE_MEMMOVE 1
| #define HAVE_MEMSET 1
| #define HAVE_SELECT 1
| #define HAVE_SOCKET 1
| #define HAVE_STRCHR 1
| #define HAVE_STRERROR 1
| #define HAVE_STRRCHR 1
| #define HAVE_STRSTR 1
| #define HAVE_UNAME 1
| #define HAVE_SYSCONF 1
| #define HAVE_PTHREAD_H 1
| #define SIZEOF_SHORT 2
| #define SIZEOF_INT 4
| #define SIZEOF_LONG 8
| #define SIZEOF_LONG_LONG 8
| #define SIZEOF___INT128_T 16
| #define ETHR_HAVE___sync_synchronize ~0
| #define ETHR_HAVE___sync_add_and_fetch 12
| #define ETHR_HAVE___sync_fetch_and_and 12
| #define ETHR_HAVE___sync_fetch_and_or 12
| #define ETHR_HAVE___sync_val_compare_and_swap 12
| #define ETHR_HAVE___atomic_store_n 12
| #define ETHR_HAVE___atomic_load_n 12
| /* end confdefs.h.  */
| 
| int
| main ()
| {
| int x[(2*__atomic_always_lock_free(sizeof(__int128_t), 0))-1]; volatile __int128_t var; __int128_t res = __atomic_add_fetch(&var, (__int128_t) 0, __ATOMIC_RELAXED); res = __atomic_add_fetch(&var, (__int128_t) 0, __ATOMIC_ACQUIRE); res = __atomic_add_fetch(&var, (__int128_t) 0, __ATOMIC_RELEASE);
|   ;
|   return 0;
| }
configure:7156: result: no
configure:7219: checking for 32-bit __atomic_fetch_and()
configure:7237: gcc -o conftest -g -O2 -DEI_64BIT   conftest.c -lnsl  >&5
configure:7237: $? = 0
configure:7244: result: yes
configure:7246: checking for 64-bit __atomic_fetch_and()
configure:7264: gcc -o conftest -g -O2 -DEI_64BIT   conftest.c -lnsl  >&5
configure:7264: $? = 0
configure:7271: result: yes
configure:7273: checking for 128-bit __atomic_fetch_and()
configure:7291: gcc -o conftest -g -O2 -DEI_64BIT   conftest.c -lnsl  >&5
/usr/bin/ld: /tmp/cccBccId.o: in function `main':
/home/adityau/.kerl/builds/22.0/otp_src_22.0/lib/erl_interface/conftest.c:87: undefined reference to `__atomic_fetch_and_16'
/usr/bin/ld: /home/adityau/.kerl/builds/22.0/otp_src_22.0/lib/erl_interface/conftest.c:87: undefined reference to `__atomic_fetch_and_16'
/usr/bin/ld: /home/adityau/.kerl/builds/22.0/otp_src_22.0/lib/erl_interface/conftest.c:87: undefined reference to `__atomic_fetch_and_16'
collect2: error: ld returned 1 exit status
configure:7291: $? = 1
configure: failed program was:
| /* confdefs.h */
| #define PACKAGE_NAME ""
| #define PACKAGE_TARNAME ""
| #define PACKAGE_VERSION ""
| #define PACKAGE_STRING ""
| #define PACKAGE_BUGREPORT ""
| #define PACKAGE_URL ""
| #define STDC_HEADERS 1
| #define HAVE_SYS_TYPES_H 1
| #define HAVE_SYS_STAT_H 1
| #define HAVE_STDLIB_H 1
| #define HAVE_STRING_H 1
| #define HAVE_MEMORY_H 1
| #define HAVE_STRINGS_H 1
| #define HAVE_INTTYPES_H 1
| #define HAVE_STDINT_H 1
| #define HAVE_UNISTD_H 1
| #define SIZEOF_SHORT 2
| #define SIZEOF_INT 4
| #define SIZEOF_LONG 8
| #define SIZEOF_VOID_P 8
| #define SIZEOF_LONG_LONG 8
| #define EI_HIDE_REAL_ERRNO 1
| #define HAVE_UNALIGNED_WORD_ACCESS 1
| #define HAVE_LIBNSL 1
| #define STDC_HEADERS 1
| #define HAVE_SYS_WAIT_H 1
| #define HAVE_ARPA_INET_H 1
| #define HAVE_FCNTL_H 1
| #define HAVE_LIMITS_H 1
| #define HAVE_MALLOC_H 1
| #define HAVE_NETDB_H 1
| #define HAVE_NETINET_IN_H 1
| #define HAVE_STDDEF_H 1
| #define HAVE_STDLIB_H 1
| #define HAVE_STRING_H 1
| #define HAVE_SYS_PARAM_H 1
| #define HAVE_SYS_SOCKET_H 1
| #define HAVE_SYS_SELECT_H 1
| #define HAVE_SYS_TIME_H 1
| #define HAVE_UNISTD_H 1
| #define HAVE_SYS_TYPES_H 1
| #define HAVE_SYS_UIO_H 1
| #define TIME_WITH_SYS_TIME 1
| #define HAVE_SOCKLEN_T /**/
| #define HAVE_ALLOCA_H 1
| #define HAVE_ALLOCA 1
| #define HAVE_DUP2 1
| #define HAVE_GETHOSTBYADDR 1
| #define HAVE_GETHOSTBYNAME 1
| #define HAVE_GETHOSTBYADDR_R 1
| #define HAVE_GETHOSTBYNAME_R 1
| #define HAVE_GETHOSTNAME 1
| #define HAVE_WRITEV 1
| #define HAVE_GETTIMEOFDAY 1
| #define HAVE_INET_NTOA 1
| #define HAVE_MEMCHR 1
| #define HAVE_MEMMOVE 1
| #define HAVE_MEMSET 1
| #define HAVE_SELECT 1
| #define HAVE_SOCKET 1
| #define HAVE_STRCHR 1
| #define HAVE_STRERROR 1
| #define HAVE_STRRCHR 1
| #define HAVE_STRSTR 1
| #define HAVE_UNAME 1
| #define HAVE_SYSCONF 1
| #define HAVE_PTHREAD_H 1
| #define SIZEOF_SHORT 2
| #define SIZEOF_INT 4
| #define SIZEOF_LONG 8
| #define SIZEOF_LONG_LONG 8
| #define SIZEOF___INT128_T 16
| #define ETHR_HAVE___sync_synchronize ~0
| #define ETHR_HAVE___sync_add_and_fetch 12
| #define ETHR_HAVE___sync_fetch_and_and 12
| #define ETHR_HAVE___sync_fetch_and_or 12
| #define ETHR_HAVE___sync_val_compare_and_swap 12
| #define ETHR_HAVE___atomic_store_n 12
| #define ETHR_HAVE___atomic_load_n 12
| #define ETHR_HAVE___atomic_add_fetch 12
| /* end confdefs.h.  */
| 
| int
| main ()
| {
| int x[(2*__atomic_always_lock_free(sizeof(__int128_t), 0))-1]; volatile __int128_t var; __int128_t res = __atomic_fetch_and(&var, (__int128_t) 0, __ATOMIC_RELAXED); res = __atomic_fetch_and(&var, (__int128_t) 0, __ATOMIC_ACQUIRE); res = __atomic_fetch_and(&var, (__int128_t) 0, __ATOMIC_RELEASE);
|   ;
|   return 0;
| }
configure:7298: result: no
configure:7361: checking for 32-bit __atomic_fetch_or()
configure:7379: gcc -o conftest -g -O2 -DEI_64BIT   conftest.c -lnsl  >&5
configure:7379: $? = 0
configure:7386: result: yes
configure:7388: checking for 64-bit __atomic_fetch_or()
configure:7406: gcc -o conftest -g -O2 -DEI_64BIT   conftest.c -lnsl  >&5
configure:7406: $? = 0
configure:7413: result: yes
configure:7415: checking for 128-bit __atomic_fetch_or()
configure:7433: gcc -o conftest -g -O2 -DEI_64BIT   conftest.c -lnsl  >&5
/usr/bin/ld: /tmp/ccItZlPs.o: in function `main':
/home/adityau/.kerl/builds/22.0/otp_src_22.0/lib/erl_interface/conftest.c:88: undefined reference to `__atomic_fetch_or_16'
/usr/bin/ld: /home/adityau/.kerl/builds/22.0/otp_src_22.0/lib/erl_interface/conftest.c:88: undefined reference to `__atomic_fetch_or_16'
/usr/bin/ld: /home/adityau/.kerl/builds/22.0/otp_src_22.0/lib/erl_interface/conftest.c:88: undefined reference to `__atomic_fetch_or_16'
collect2: error: ld returned 1 exit status
configure:7433: $? = 1
configure: failed program was:
| /* confdefs.h */
| #define PACKAGE_NAME ""
| #define PACKAGE_TARNAME ""
| #define PACKAGE_VERSION ""
| #define PACKAGE_STRING ""
| #define PACKAGE_BUGREPORT ""
| #define PACKAGE_URL ""
| #define STDC_HEADERS 1
| #define HAVE_SYS_TYPES_H 1
| #define HAVE_SYS_STAT_H 1
| #define HAVE_STDLIB_H 1
| #define HAVE_STRING_H 1
| #define HAVE_MEMORY_H 1
| #define HAVE_STRINGS_H 1
| #define HAVE_INTTYPES_H 1
| #define HAVE_STDINT_H 1
| #define HAVE_UNISTD_H 1
| #define SIZEOF_SHORT 2
| #define SIZEOF_INT 4
| #define SIZEOF_LONG 8
| #define SIZEOF_VOID_P 8
| #define SIZEOF_LONG_LONG 8
| #define EI_HIDE_REAL_ERRNO 1
| #define HAVE_UNALIGNED_WORD_ACCESS 1
| #define HAVE_LIBNSL 1
| #define STDC_HEADERS 1
| #define HAVE_SYS_WAIT_H 1
| #define HAVE_ARPA_INET_H 1
| #define HAVE_FCNTL_H 1
| #define HAVE_LIMITS_H 1
| #define HAVE_MALLOC_H 1
| #define HAVE_NETDB_H 1
| #define HAVE_NETINET_IN_H 1
| #define HAVE_STDDEF_H 1
| #define HAVE_STDLIB_H 1
| #define HAVE_STRING_H 1
| #define HAVE_SYS_PARAM_H 1
| #define HAVE_SYS_SOCKET_H 1
| #define HAVE_SYS_SELECT_H 1
| #define HAVE_SYS_TIME_H 1
| #define HAVE_UNISTD_H 1
| #define HAVE_SYS_TYPES_H 1
| #define HAVE_SYS_UIO_H 1
| #define TIME_WITH_SYS_TIME 1
| #define HAVE_SOCKLEN_T /**/
| #define HAVE_ALLOCA_H 1
| #define HAVE_ALLOCA 1
| #define HAVE_DUP2 1
| #define HAVE_GETHOSTBYADDR 1
| #define HAVE_GETHOSTBYNAME 1
| #define HAVE_GETHOSTBYADDR_R 1
| #define HAVE_GETHOSTBYNAME_R 1
| #define HAVE_GETHOSTNAME 1
| #define HAVE_WRITEV 1
| #define HAVE_GETTIMEOFDAY 1
| #define HAVE_INET_NTOA 1
| #define HAVE_MEMCHR 1
| #define HAVE_MEMMOVE 1
| #define HAVE_MEMSET 1
| #define HAVE_SELECT 1
| #define HAVE_SOCKET 1
| #define HAVE_STRCHR 1
| #define HAVE_STRERROR 1
| #define HAVE_STRRCHR 1
| #define HAVE_STRSTR 1
| #define HAVE_UNAME 1
| #define HAVE_SYSCONF 1
| #define HAVE_PTHREAD_H 1
| #define SIZEOF_SHORT 2
| #define SIZEOF_INT 4
| #define SIZEOF_LONG 8
| #define SIZEOF_LONG_LONG 8
| #define SIZEOF___INT128_T 16
| #define ETHR_HAVE___sync_synchronize ~0
| #define ETHR_HAVE___sync_add_and_fetch 12
| #define ETHR_HAVE___sync_fetch_and_and 12
| #define ETHR_HAVE___sync_fetch_and_or 12
| #define ETHR_HAVE___sync_val_compare_and_swap 12
| #define ETHR_HAVE___atomic_store_n 12
| #define ETHR_HAVE___atomic_load_n 12
| #define ETHR_HAVE___atomic_add_fetch 12
| #define ETHR_HAVE___atomic_fetch_and 12
| /* end confdefs.h.  */
| 
| int
| main ()
| {
| int x[(2*__atomic_always_lock_free(sizeof(__int128_t), 0))-1]; volatile __int128_t var; __int128_t res = __atomic_fetch_or(&var, (__int128_t) 0, __ATOMIC_RELAXED); res = __atomic_fetch_or(&var, (__int128_t) 0, __ATOMIC_ACQUIRE); res = __atomic_fetch_or(&var, (__int128_t) 0, __ATOMIC_RELEASE);
|   ;
|   return 0;
| }
configure:7440: result: no
configure:7503: checking for 32-bit __atomic_compare_exchange_n()
configure:7521: gcc -o conftest -g -O2 -DEI_64BIT   conftest.c -lnsl  >&5
configure:7521: $? = 0
configure:7528: result: yes
configure:7530: checking for 64-bit __atomic_compare_exchange_n()
configure:7548: gcc -o conftest -g -O2 -DEI_64BIT   conftest.c -lnsl  >&5
configure:7548: $? = 0
configure:7555: result: yes
configure:7557: checking for 128-bit __atomic_compare_exchange_n()
configure:7575: gcc -o conftest -g -O2 -DEI_64BIT   conftest.c -lnsl  >&5
/usr/bin/ld: /tmp/ccY3xvHb.o: in function `main':
/home/adityau/.kerl/builds/22.0/otp_src_22.0/lib/erl_interface/conftest.c:89: undefined reference to `__atomic_compare_exchange_16'
/usr/bin/ld: /home/adityau/.kerl/builds/22.0/otp_src_22.0/lib/erl_interface/conftest.c:89: undefined reference to `__atomic_compare_exchange_16'
collect2: error: ld returned 1 exit status
configure:7575: $? = 1
configure: failed program was:
| /* confdefs.h */
| #define PACKAGE_NAME ""
| #define PACKAGE_TARNAME ""
| #define PACKAGE_VERSION ""
| #define PACKAGE_STRING ""
| #define PACKAGE_BUGREPORT ""
| #define PACKAGE_URL ""
| #define STDC_HEADERS 1
| #define HAVE_SYS_TYPES_H 1
| #define HAVE_SYS_STAT_H 1
| #define HAVE_STDLIB_H 1
| #define HAVE_STRING_H 1
| #define HAVE_MEMORY_H 1
| #define HAVE_STRINGS_H 1
| #define HAVE_INTTYPES_H 1
| #define HAVE_STDINT_H 1
| #define HAVE_UNISTD_H 1
| #define SIZEOF_SHORT 2
| #define SIZEOF_INT 4
| #define SIZEOF_LONG 8
| #define SIZEOF_VOID_P 8
| #define SIZEOF_LONG_LONG 8
| #define EI_HIDE_REAL_ERRNO 1
| #define HAVE_UNALIGNED_WORD_ACCESS 1
| #define HAVE_LIBNSL 1
| #define STDC_HEADERS 1
| #define HAVE_SYS_WAIT_H 1
| #define HAVE_ARPA_INET_H 1
| #define HAVE_FCNTL_H 1
| #define HAVE_LIMITS_H 1
| #define HAVE_MALLOC_H 1
| #define HAVE_NETDB_H 1
| #define HAVE_NETINET_IN_H 1
| #define HAVE_STDDEF_H 1
| #define HAVE_STDLIB_H 1
| #define HAVE_STRING_H 1
| #define HAVE_SYS_PARAM_H 1
| #define HAVE_SYS_SOCKET_H 1
| #define HAVE_SYS_SELECT_H 1
| #define HAVE_SYS_TIME_H 1
| #define HAVE_UNISTD_H 1
| #define HAVE_SYS_TYPES_H 1
| #define HAVE_SYS_UIO_H 1
| #define TIME_WITH_SYS_TIME 1
| #define HAVE_SOCKLEN_T /**/
| #define HAVE_ALLOCA_H 1
| #define HAVE_ALLOCA 1
| #define HAVE_DUP2 1
| #define HAVE_GETHOSTBYADDR 1
| #define HAVE_GETHOSTBYNAME 1
| #define HAVE_GETHOSTBYADDR_R 1
| #define HAVE_GETHOSTBYNAME_R 1
| #define HAVE_GETHOSTNAME 1
| #define HAVE_WRITEV 1
| #define HAVE_GETTIMEOFDAY 1
| #define HAVE_INET_NTOA 1
| #define HAVE_MEMCHR 1
| #define HAVE_MEMMOVE 1
| #define HAVE_MEMSET 1
| #define HAVE_SELECT 1
| #define HAVE_SOCKET 1
| #define HAVE_STRCHR 1
| #define HAVE_STRERROR 1
| #define HAVE_STRRCHR 1
| #define HAVE_STRSTR 1
| #define HAVE_UNAME 1
| #define HAVE_SYSCONF 1
| #define HAVE_PTHREAD_H 1
| #define SIZEOF_SHORT 2
| #define SIZEOF_INT 4
| #define SIZEOF_LONG 8
| #define SIZEOF_LONG_LONG 8
| #define SIZEOF___INT128_T 16
| #define ETHR_HAVE___sync_synchronize ~0
| #define ETHR_HAVE___sync_add_and_fetch 12
| #define ETHR_HAVE___sync_fetch_and_and 12
| #define ETHR_HAVE___sync_fetch_and_or 12
| #define ETHR_HAVE___sync_val_compare_and_swap 12
| #define ETHR_HAVE___atomic_store_n 12
| #define ETHR_HAVE___atomic_load_n 12
| #define ETHR_HAVE___atomic_add_fetch 12
| #define ETHR_HAVE___atomic_fetch_and 12
| #define ETHR_HAVE___atomic_fetch_or 12
| /* end confdefs.h.  */
| 
| int
| main ()
| {
| int x[(2*__atomic_always_lock_free(sizeof(__int128_t), 0))-1]; volatile __int128_t var; __int128_t val; int res = __atomic_compare_exchange_n(&var, &val, (__int128_t) 0, 0, __ATOMIC_RELAXED, __ATOMIC_RELAXED); res = __atomic_compare_exchange_n(&var, &val, (__int128_t) 0, 0, __ATOMIC_ACQUIRE, __ATOMIC_ACQUIRE);
|   ;
|   return 0;
| }
configure:7582: result: no
configure:7718: checking if we can add -Werror=return-type to WERRORFLAGS (via CFLAGS)
configure:7733: gcc -c -Werror=return-type   conftest.c >&5
configure:7733: $? = 0
configure:7741: result: yes
configure:7914: creating ./config.status

## ---------------------- ##
## Running config.status. ##
## ---------------------- ##

This file was extended by config.status, which was
generated by GNU Autoconf 2.69.  Invocation command line was

  CONFIG_FILES    = 
  CONFIG_HEADERS  = 
  CONFIG_LINKS    = 
  CONFIG_COMMANDS = 
  $ ./config.status 

on AdityaU-Desktop

config.status:894: creating src/x86_64-unknown-linux-gnu/Makefile
config.status:894: creating src/x86_64-unknown-linux-gnu/eidefs.mk
config.status:894: creating src/x86_64-unknown-linux-gnu/config.h
config.status:1054: src/x86_64-unknown-linux-gnu/config.h is unchanged

## ---------------- ##
## Cache variables. ##
## ---------------- ##

ac_cv_build=x86_64-unknown-linux-gnu
ac_cv_c_compiler_gnu=yes
ac_cv_env_CC_set=
ac_cv_env_CC_value=
ac_cv_env_CFLAGS_set=
ac_cv_env_CFLAGS_value=
ac_cv_env_CPPFLAGS_set=
ac_cv_env_CPPFLAGS_value=
ac_cv_env_CPP_set=
ac_cv_env_CPP_value=
ac_cv_env_LDFLAGS_set=
ac_cv_env_LDFLAGS_value=
ac_cv_env_LIBS_set=
ac_cv_env_LIBS_value=
ac_cv_env_build_alias_set=
ac_cv_env_build_alias_value=
ac_cv_env_host_alias_set=
ac_cv_env_host_alias_value=
ac_cv_env_target_alias_set=
ac_cv_env_target_alias_value=
ac_cv_func_alloca_works=yes
ac_cv_func_clock_gettime=yes
ac_cv_func_dup2=yes
ac_cv_func_gethostbyaddr=yes
ac_cv_func_gethostbyaddr_r=yes
ac_cv_func_gethostbyname=yes
ac_cv_func_gethostbyname_r=yes
ac_cv_func_gethostname=yes
ac_cv_func_gethrtime=no
ac_cv_func_gettimeofday=yes
ac_cv_func_inet_ntoa=yes
ac_cv_func_memchr=yes
ac_cv_func_memcmp_working=yes
ac_cv_func_memmove=yes
ac_cv_func_memset=yes
ac_cv_func_res_gethostbyname=no
ac_cv_func_select=yes
ac_cv_func_socket=yes
ac_cv_func_strchr=yes
ac_cv_func_strerror=yes
ac_cv_func_strrchr=yes
ac_cv_func_strstr=yes
ac_cv_func_sysconf=yes
ac_cv_func_uname=yes
ac_cv_func_writev=yes
ac_cv_header_arpa_inet_h=yes
ac_cv_header_fcntl_h=yes
ac_cv_header_inttypes_h=yes
ac_cv_header_limits_h=yes
ac_cv_header_malloc_h=yes
ac_cv_header_memory_h=yes
ac_cv_header_netdb_h=yes
ac_cv_header_netinet_in_h=yes
ac_cv_header_nptl_pthread_h=no
ac_cv_header_pthread_h=yes
ac_cv_header_pthread_mit_pthread_h=no
ac_cv_header_stdc=yes
ac_cv_header_stddef_h=yes
ac_cv_header_stdint_h=yes
ac_cv_header_stdlib_h=yes
ac_cv_header_string_h=yes
ac_cv_header_strings_h=yes
ac_cv_header_sys_param_h=yes
ac_cv_header_sys_select_h=yes
ac_cv_header_sys_socket_h=yes
ac_cv_header_sys_stat_h=yes
ac_cv_header_sys_time_h=yes
ac_cv_header_sys_types_h=yes
ac_cv_header_sys_uio_h=yes
ac_cv_header_sys_wait_h=yes
ac_cv_header_time=yes
ac_cv_header_unistd_h=yes
ac_cv_host=x86_64-unknown-linux-gnu
ac_cv_lib_nsl_gethostbyname=yes
ac_cv_lib_pthread_pthread_create=yes
ac_cv_lib_resolv_res_gethostbyname=no
ac_cv_lib_socket_getpeername=no
ac_cv_objext=o
ac_cv_path_EGREP='/usr/bin/grep -E'
ac_cv_path_GREP=/usr/bin/grep
ac_cv_path_install='/usr/bin/install -c'
ac_cv_prog_CPP='gcc -E'
ac_cv_prog_GETCONF=getconf
ac_cv_prog_ac_ct_AR=ar
ac_cv_prog_ac_ct_CC=gcc
ac_cv_prog_ac_ct_LD=ld
ac_cv_prog_ac_ct_RANLIB=ranlib
ac_cv_prog_cc_c89=
ac_cv_prog_cc_g=yes
ac_cv_prog_gcc_traditional=no
ac_cv_prog_mkdir_p='/usr/bin/install -c -d'
ac_cv_sizeof___int128_t=16
ac_cv_sizeof_int=4
ac_cv_sizeof_long=8
ac_cv_sizeof_long_long=8
ac_cv_sizeof_short=2
ac_cv_sizeof_void_p=8
ac_cv_type_pid_t=yes
ac_cv_type_size_t=yes
ac_cv_type_uid_t=yes
ac_cv_working_alloca_h=yes
ethr_cv_128bit___atomic_add_fetch=no
ethr_cv_128bit___atomic_compare_exchange_n=no
ethr_cv_128bit___atomic_fetch_and=no
ethr_cv_128bit___atomic_fetch_or=no
ethr_cv_128bit___atomic_load_n=no
ethr_cv_128bit___atomic_store_n=no
ethr_cv_128bit___sync_add_and_fetch=no
ethr_cv_128bit___sync_fetch_and_and=no
ethr_cv_128bit___sync_fetch_and_or=no
ethr_cv_128bit___sync_val_compare_and_swap=no
ethr_cv_32bit___atomic_add_fetch=yes
ethr_cv_32bit___atomic_compare_exchange_n=yes
ethr_cv_32bit___atomic_fetch_and=yes
ethr_cv_32bit___atomic_fetch_or=yes
ethr_cv_32bit___atomic_load_n=yes
ethr_cv_32bit___atomic_store_n=yes
ethr_cv_32bit___sync_add_and_fetch=yes
ethr_cv_32bit___sync_fetch_and_and=yes
ethr_cv_32bit___sync_fetch_and_or=yes
ethr_cv_32bit___sync_val_compare_and_swap=yes
ethr_cv_64bit___atomic_add_fetch=yes
ethr_cv_64bit___atomic_compare_exchange_n=yes
ethr_cv_64bit___atomic_fetch_and=yes
ethr_cv_64bit___atomic_fetch_or=yes
ethr_cv_64bit___atomic_load_n=yes
ethr_cv_64bit___atomic_store_n=yes
ethr_cv_64bit___sync_add_and_fetch=yes
ethr_cv_64bit___sync_fetch_and_and=yes
ethr_cv_64bit___sync_fetch_and_or=yes
ethr_cv_64bit___sync_val_compare_and_swap=yes
ethr_cv___sync_synchronize=yes

## ----------------- ##
## Output variables. ##
## ----------------- ##

ALLOCA=''
AR='ar'
ARCH='amd64'
CC='gcc'
CFLAGS='-Werror=return-type  -g -O2 -DEI_64BIT'
CPP='gcc -E'
CPPFLAGS=''
DEFS='-DHAVE_CONFIG_H'
ECHO_C=''
ECHO_N='-n'
ECHO_T=''
EGREP='/usr/bin/grep -E'
EI_THREADS='true'
EXEEXT=''
GETCONF='getconf'
GREP='/usr/bin/grep'
INSTALL_DATA='${INSTALL} -m 644'
INSTALL_DIR='/usr/bin/install -c -d'
INSTALL_PROGRAM='${INSTALL}'
INSTALL_SCRIPT='${INSTALL}'
LD='ld'
LDFLAGS=''
LIBOBJS=''
LIBS='-lnsl '
LIB_CFLAGS='-Werror=return-type  -g -O2 -DEI_64BIT -fPIC'
LTLIBOBJS=''
MIXED_CYGWIN='no'
MIXED_CYGWIN_MINGW='no'
MIXED_CYGWIN_VC='no'
MIXED_MSYS='no'
MIXED_MSYS_VC='no'
MIXED_VC='no'
OBJEXT='o'
PACKAGE_BUGREPORT=''
PACKAGE_NAME=''
PACKAGE_STRING=''
PACKAGE_TARNAME=''
PACKAGE_URL=''
PACKAGE_VERSION=''
PATH_SEPARATOR=':'
RANLIB='ranlib'
SHELL='/bin/bash'
TARGET='x86_64-unknown-linux-gnu'
THR_DEFS=' -D_THREAD_SAFE -D_REENTRANT -DPOSIX_THREADS -D_POSIX_THREAD_SAFE_FUNCTIONS'
THR_LIBS='-lpthread'
WFLAGS='-Wall -Wstrict-prototypes -Wmissing-prototypes -Wmissing-declarations -Wnested-externs -Winline -fno-strict-aliasing'
ac_ct_CC='gcc'
bindir='${exec_prefix}/bin'
build='x86_64-unknown-linux-gnu'
build_alias=''
build_cpu='x86_64'
build_os='linux-gnu'
build_vendor='unknown'
datadir='${datarootdir}'
datarootdir='${prefix}/share'
docdir='${datarootdir}/doc/${PACKAGE}'
dvidir='${docdir}'
exec_prefix='${prefix}'
host='x86_64-unknown-linux-gnu'
host_alias=''
host_cpu='x86_64'
host_os='linux-gnu'
host_vendor='unknown'
htmldir='${docdir}'
includedir='${prefix}/include'
infodir='${datarootdir}/info'
libdir='${exec_prefix}/lib'
libexecdir='${exec_prefix}/libexec'
localedir='${datarootdir}/locale'
localstatedir='${prefix}/var'
mandir='${datarootdir}/man'
oldincludedir='/usr/include'
pdfdir='${docdir}'
prefix='/usr/local'
program_transform_name='s,x,x,'
psdir='${docdir}'
sbindir='${exec_prefix}/sbin'
sharedstatedir='${prefix}/com'
sysconfdir='${prefix}/etc'
target_alias=''

## ----------- ##
## confdefs.h. ##
## ----------- ##

/* confdefs.h */
#define PACKAGE_NAME ""
#define PACKAGE_TARNAME ""
#define PACKAGE_VERSION ""
#define PACKAGE_STRING ""
#define PACKAGE_BUGREPORT ""
#define PACKAGE_URL ""
#define STDC_HEADERS 1
#define HAVE_SYS_TYPES_H 1
#define HAVE_SYS_STAT_H 1
#define HAVE_STDLIB_H 1
#define HAVE_STRING_H 1
#define HAVE_MEMORY_H 1
#define HAVE_STRINGS_H 1
#define HAVE_INTTYPES_H 1
#define HAVE_STDINT_H 1
#define HAVE_UNISTD_H 1
#define SIZEOF_SHORT 2
#define SIZEOF_INT 4
#define SIZEOF_LONG 8
#define SIZEOF_VOID_P 8
#define SIZEOF_LONG_LONG 8
#define EI_HIDE_REAL_ERRNO 1
#define HAVE_UNALIGNED_WORD_ACCESS 1
#define HAVE_LIBNSL 1
#define STDC_HEADERS 1
#define HAVE_SYS_WAIT_H 1
#define HAVE_ARPA_INET_H 1
#define HAVE_FCNTL_H 1
#define HAVE_LIMITS_H 1
#define HAVE_MALLOC_H 1
#define HAVE_NETDB_H 1
#define HAVE_NETINET_IN_H 1
#define HAVE_STDDEF_H 1
#define HAVE_STDLIB_H 1
#define HAVE_STRING_H 1
#define HAVE_SYS_PARAM_H 1
#define HAVE_SYS_SOCKET_H 1
#define HAVE_SYS_SELECT_H 1
#define HAVE_SYS_TIME_H 1
#define HAVE_UNISTD_H 1
#define HAVE_SYS_TYPES_H 1
#define HAVE_SYS_UIO_H 1
#define TIME_WITH_SYS_TIME 1
#define HAVE_SOCKLEN_T /**/
#define HAVE_ALLOCA_H 1
#define HAVE_ALLOCA 1
#define HAVE_DUP2 1
#define HAVE_GETHOSTBYADDR 1
#define HAVE_GETHOSTBYNAME 1
#define HAVE_GETHOSTBYADDR_R 1
#define HAVE_GETHOSTBYNAME_R 1
#define HAVE_GETHOSTNAME 1
#define HAVE_WRITEV 1
#define HAVE_GETTIMEOFDAY 1
#define HAVE_INET_NTOA 1
#define HAVE_MEMCHR 1
#define HAVE_MEMMOVE 1
#define HAVE_MEMSET 1
#define HAVE_SELECT 1
#define HAVE_SOCKET 1
#define HAVE_STRCHR 1
#define HAVE_STRERROR 1
#define HAVE_STRRCHR 1
#define HAVE_STRSTR 1
#define HAVE_UNAME 1
#define HAVE_SYSCONF 1
#define HAVE_PTHREAD_H 1
#define SIZEOF_SHORT 2
#define SIZEOF_INT 4
#define SIZEOF_LONG 8
#define SIZEOF_LONG_LONG 8
#define SIZEOF___INT128_T 16
#define ETHR_HAVE___sync_synchronize ~0
#define ETHR_HAVE___sync_add_and_fetch 12
#define ETHR_HAVE___sync_fetch_and_and 12
#define ETHR_HAVE___sync_fetch_and_or 12
#define ETHR_HAVE___sync_val_compare_and_swap 12
#define ETHR_HAVE___atomic_store_n 12
#define ETHR_HAVE___atomic_load_n 12
#define ETHR_HAVE___atomic_add_fetch 12
#define ETHR_HAVE___atomic_fetch_and 12
#define ETHR_HAVE___atomic_fetch_or 12
#define ETHR_HAVE___atomic_compare_exchange_n 12
#define ETHR_HAVE_GCC_ASM_ARM_DMB_INSTRUCTION 0
#define ETHR_HAVE_GCC___ATOMIC_BUILTINS 1

configure: exit 0
